8.8111 	INFO 	Loaded monitor calibration from ['2025_08_24 15:35']
9.2203 	INFO 	Using renderer 'GeForce GT 730/PCIe/SSE2' for graphics
9.2203 	INFO 	OpenGL version supported by driver is 4..
9.2363 	EXP 	Created window1 = Window(allowGUI=True, allowStencil=False, autoLog=True, backendConf=UNKNOWN, backgroundFit=<method-wrapper '__getattribute__' of attributeSetter object at 0x00000242889C5F40>, backgroundImage=<method-wrapper '__getattribute__' of attributeSetter object at 0x00000242889C5FD0>, bitsMode=UNKNOWN, blendMode='avg', bpc=(8, 8, 8), color=array([1.    , 0.9843, 0.7412]), colorSpace='rgb', depthBits=8, fullscr=False, gamma=None, gammaErrorPolicy='raise', infoMsg=UNKNOWN, lms=UNKNOWN, monitor=<psychopy.monitors.calibTools.Monitor object at 0x0000024288ABE640>, multiSample=False, name='window1', numSamples=2, pos=[130.0, 540.0], screen=0, size=array([640, 360]), stencilBits=0, stereo=False, title='PsychoPy', units='height', useFBO=True, useRetina=False, viewOri=0.0, viewPos=None, viewScale=None, waitBlanking=True, winType='pyglet')
9.2364 	EXP 	window1: backgroundImage = ''
9.2364 	EXP 	window1: backgroundFit = 'none'
9.6455 	EXP 	window1: Attempting to measure frame rate of screen (0) ...
9.6456 	EXP 	window1: recordFrameIntervals = False
9.8834 	EXP 	window1: recordFrameIntervals = True
11.1675 	WARNING 	t of last frame was 1101.47ms (=1/0)
11.3342 	EXP 	Screen (0) actual frame rate measured at 60.07Hz
11.3343 	EXP 	window1: recordFrameIntervals = False
11.3973 	INFO 	keyboard.Keyboard is using ptb backend.
11.3973 	EXP 	Graz: status = STARTED
11.4859 	EXP 	Created attention_cross = ImageStim(__class__=<class 'psychopy.visual.image.ImageStim'>, anchor=('center', 'center'), autoLog=True, color=array([1., 1., 1.]), colorSpace='rgb', contrast=1.0, depth=0.0, draggable=False, flipHoriz=False, flipVert=False, image='stims/cross.png', interpolate=True, mask=None, maskParams=None, name='attention_cross', opacity=1, ori=0.0, pos=array([0., 0.]), size=array([0.5, 0.5]), texRes=128.0, units='height', win=Window(...))
11.4934 	EXP 	Created motor_cue = ImageStim(__class__=<class 'psychopy.visual.image.ImageStim'>, anchor=('center', 'center'), autoLog=True, color=array([1., 1., 1.]), colorSpace='rgb', contrast=1.0, depth=0.0, draggable=False, flipHoriz=False, flipVert=False, image='default.png', interpolate=True, mask=None, maskParams=None, name='motor_cue', opacity=1, ori=0.0, pos=array([0., 0.]), size=array([1., 1.]), texRes=128.0, units='height', win=Window(...))
11.5507 	EXP 	Created attempt = ImageStim(__class__=<class 'psychopy.visual.image.ImageStim'>, anchor=('center', 'center'), autoLog=True, color=array([1., 1., 1.]), colorSpace='rgb', contrast=1.0, depth=0.0, draggable=False, flipHoriz=False, flipVert=False, image='stims/cross.png', interpolate=True, mask=None, maskParams=None, name='attempt', opacity=1, ori=0.0, pos=array([0., 0.]), size=array([0.5, 0.5]), texRes=128.0, units='height', win=Window(...))
11.6137 	EXP 	Created image_2 = ImageStim(__class__=<class 'psychopy.visual.image.ImageStim'>, anchor=('center', 'center'), autoLog=True, color=array([1., 1., 1.]), colorSpace='rgb', contrast=1.0, depth=-1.0, draggable=False, flipHoriz=False, flipVert=False, image='stims/rest.png', interpolate=True, mask=None, maskParams=None, name='image_2', opacity=1, ori=0.0, pos=array([0., 0.]), size=array([0.5, 0.5]), texRes=128.0, units='height', win=Window(...))
0.0704 	EXP 	Imported stims_sequence.csv as conditions, 10 conditions, 2 params
0.0706 	EXP 	New trial (rep=0, index=0): <Trial 0 (0 in rep 0) data={'img': 'C:\\Users\\User\\Documents\\GitHub\\real_time_bci\\stims\\right_hand.png', 'event_label': 'RIGHT_MI_STIM', 'thisN': 0, 'thisTrialN': 0, 'thisRepN': 0}>
3.0821 	EXP 	attention_cross: autoDraw = True
5.1653 	EXP 	attention_cross: autoDraw = False
5.1653 	EXP 	motor_cue: image = 'C:\\Users\\User\\Documents\\GitHub\\real_time_bci\\stims\\right_hand.png'
5.1653 	EXP 	motor_cue: autoDraw = True
6.3325 	EXP 	motor_cue: autoDraw = False
6.3325 	EXP 	attempt: autoDraw = True
10.0934 	EXP 	attempt: autoDraw = False
10.0934 	EXP 	image_2: autoDraw = True
12.0765 	EXP 	New trial (rep=0, index=1): <Trial 1 (1 in rep 0) data={'img': 'C:\\Users\\User\\Documents\\GitHub\\real_time_bci\\stims\\right_hand.png', 'event_label': 'RIGHT_MI_STIM', 'thisN': 1, 'thisTrialN': 1, 'thisRepN': 0}>
12.0968 	EXP 	image_2: autoDraw = False
12.0968 	EXP 	attention_cross: autoDraw = True
14.1313 	EXP 	attention_cross: autoDraw = False
14.1313 	EXP 	motor_cue: image = 'C:\\Users\\User\\Documents\\GitHub\\real_time_bci\\stims\\right_hand.png'
14.1313 	EXP 	motor_cue: autoDraw = True
15.3487 	EXP 	motor_cue: autoDraw = False
15.3487 	EXP 	attempt: autoDraw = True
19.0907 	EXP 	attempt: autoDraw = False
19.0907 	EXP 	image_2: autoDraw = True
21.0794 	EXP 	New trial (rep=0, index=2): <Trial 2 (2 in rep 0) data={'img': 'C:\\Users\\User\\Documents\\GitHub\\real_time_bci\\stims\\right_hand.png', 'event_label': 'RIGHT_MI_STIM', 'thisN': 2, 'thisTrialN': 2, 'thisRepN': 0}>
21.0937 	EXP 	image_2: autoDraw = False
21.0937 	EXP 	attention_cross: autoDraw = True
23.1486 	EXP 	attention_cross: autoDraw = False
23.1486 	EXP 	motor_cue: image = 'C:\\Users\\User\\Documents\\GitHub\\real_time_bci\\stims\\right_hand.png'
23.1486 	EXP 	motor_cue: autoDraw = True
24.3487 	EXP 	motor_cue: autoDraw = False
24.3487 	EXP 	attempt: autoDraw = True
28.0891 	EXP 	attempt: autoDraw = False
28.0891 	EXP 	image_2: autoDraw = True
30.0790 	EXP 	New trial (rep=0, index=3): <Trial 3 (3 in rep 0) data={'img': 'C:\\Users\\User\\Documents\\GitHub\\real_time_bci\\stims\\left_hand.png', 'event_label': 'LEFT_MI_STIM', 'thisN': 3, 'thisTrialN': 3, 'thisRepN': 0}>
30.0926 	EXP 	image_2: autoDraw = False
30.0926 	EXP 	attention_cross: autoDraw = True
32.1301 	EXP 	attention_cross: autoDraw = False
32.1301 	EXP 	motor_cue: image = 'C:\\Users\\User\\Documents\\GitHub\\real_time_bci\\stims\\left_hand.png'
32.1301 	EXP 	motor_cue: autoDraw = True
33.3482 	EXP 	motor_cue: autoDraw = False
33.3482 	EXP 	attempt: autoDraw = True
37.0885 	EXP 	attempt: autoDraw = False
37.0885 	EXP 	image_2: autoDraw = True
39.0800 	EXP 	New trial (rep=0, index=4): <Trial 4 (4 in rep 0) data={'img': 'C:\\Users\\User\\Documents\\GitHub\\real_time_bci\\stims\\left_hand.png', 'event_label': 'LEFT_MI_STIM', 'thisN': 4, 'thisTrialN': 4, 'thisRepN': 0}>
39.0965 	EXP 	image_2: autoDraw = False
39.0965 	EXP 	attention_cross: autoDraw = True
41.1299 	EXP 	attention_cross: autoDraw = False
41.1299 	EXP 	motor_cue: image = 'C:\\Users\\User\\Documents\\GitHub\\real_time_bci\\stims\\left_hand.png'
41.1299 	EXP 	motor_cue: autoDraw = True
42.3316 	EXP 	motor_cue: autoDraw = False
42.3316 	EXP 	attempt: autoDraw = True
46.0887 	EXP 	attempt: autoDraw = False
46.0887 	EXP 	image_2: autoDraw = True
48.0777 	EXP 	New trial (rep=0, index=5): <Trial 5 (5 in rep 0) data={'img': 'C:\\Users\\User\\Documents\\GitHub\\real_time_bci\\stims\\right_hand.png', 'event_label': 'RIGHT_MI_STIM', 'thisN': 5, 'thisTrialN': 5, 'thisRepN': 0}>
48.0962 	EXP 	image_2: autoDraw = False
48.0962 	EXP 	attention_cross: autoDraw = True
50.1639 	EXP 	attention_cross: autoDraw = False
50.1639 	EXP 	motor_cue: image = 'C:\\Users\\User\\Documents\\GitHub\\real_time_bci\\stims\\right_hand.png'
50.1639 	EXP 	motor_cue: autoDraw = True
51.3484 	EXP 	motor_cue: autoDraw = False
51.3484 	EXP 	attempt: autoDraw = True
55.0884 	EXP 	attempt: autoDraw = False
55.0884 	EXP 	image_2: autoDraw = True
57.0766 	EXP 	New trial (rep=0, index=6): <Trial 6 (6 in rep 0) data={'img': 'C:\\Users\\User\\Documents\\GitHub\\real_time_bci\\stims\\left_hand.png', 'event_label': 'LEFT_MI_STIM', 'thisN': 6, 'thisTrialN': 6, 'thisRepN': 0}>
57.0920 	EXP 	image_2: autoDraw = False
57.0920 	EXP 	attention_cross: autoDraw = True
59.1294 	EXP 	attention_cross: autoDraw = False
59.1294 	EXP 	motor_cue: image = 'C:\\Users\\User\\Documents\\GitHub\\real_time_bci\\stims\\left_hand.png'
59.1294 	EXP 	motor_cue: autoDraw = True
60.3475 	EXP 	motor_cue: autoDraw = False
60.3475 	EXP 	attempt: autoDraw = True
64.0881 	EXP 	attempt: autoDraw = False
64.0881 	EXP 	image_2: autoDraw = True
66.0794 	EXP 	New trial (rep=0, index=7): <Trial 7 (7 in rep 0) data={'img': 'C:\\Users\\User\\Documents\\GitHub\\real_time_bci\\stims\\right_hand.png', 'event_label': 'RIGHT_MI_STIM', 'thisN': 7, 'thisTrialN': 7, 'thisRepN': 0}>
66.0930 	EXP 	image_2: autoDraw = False
66.0930 	EXP 	attention_cross: autoDraw = True
68.1468 	EXP 	attention_cross: autoDraw = False
68.1468 	EXP 	motor_cue: image = 'C:\\Users\\User\\Documents\\GitHub\\real_time_bci\\stims\\right_hand.png'
68.1468 	EXP 	motor_cue: autoDraw = True
69.3479 	EXP 	motor_cue: autoDraw = False
69.3479 	EXP 	attempt: autoDraw = True
73.0917 	EXP 	attempt: autoDraw = False
73.0917 	EXP 	image_2: autoDraw = True
75.0763 	EXP 	New trial (rep=0, index=8): <Trial 8 (8 in rep 0) data={'img': 'C:\\Users\\User\\Documents\\GitHub\\real_time_bci\\stims\\left_hand.png', 'event_label': 'LEFT_MI_STIM', 'thisN': 8, 'thisTrialN': 8, 'thisRepN': 0}>
75.0919 	EXP 	image_2: autoDraw = False
75.0919 	EXP 	attention_cross: autoDraw = True
77.1286 	EXP 	attention_cross: autoDraw = False
77.1286 	EXP 	motor_cue: image = 'C:\\Users\\User\\Documents\\GitHub\\real_time_bci\\stims\\left_hand.png'
77.1286 	EXP 	motor_cue: autoDraw = True
78.3303 	EXP 	motor_cue: autoDraw = False
78.3303 	EXP 	attempt: autoDraw = True
82.0879 	EXP 	attempt: autoDraw = False
82.0879 	EXP 	image_2: autoDraw = True
84.0745 	EXP 	New trial (rep=0, index=9): <Trial 9 (9 in rep 0) data={'img': 'C:\\Users\\User\\Documents\\GitHub\\real_time_bci\\stims\\left_hand.png', 'event_label': 'LEFT_MI_STIM', 'thisN': 9, 'thisTrialN': 9, 'thisRepN': 0}>
84.0907 	EXP 	image_2: autoDraw = False
84.0907 	EXP 	attention_cross: autoDraw = True
86.1635 	EXP 	attention_cross: autoDraw = False
86.1635 	EXP 	motor_cue: image = 'C:\\Users\\User\\Documents\\GitHub\\real_time_bci\\stims\\left_hand.png'
86.1635 	EXP 	motor_cue: autoDraw = True
87.3468 	EXP 	motor_cue: autoDraw = False
87.3468 	EXP 	attempt: autoDraw = True
91.0867 	EXP 	attempt: autoDraw = False
91.0867 	EXP 	image_2: autoDraw = True
93.0939 	EXP 	image_2: autoDraw = False
93.0944 	EXP 	Graz: status = STOPPED
93.1302 	INFO 	saved data to 'C:\\Users\\User\\Documents\\GitHub\\real_time_bci\\data\\001396_Graz_2026-05-27_21h07.32.082.csv'
93.1309 	INFO 	saved data to C:\Users\User\Documents\GitHub\real_time_bci\data\001396_Graz_2026-05-27_21h07.32.082.psydat
93.2442 	WARNING 	Stopping key buffers but this could be dangerous ifother keyboards rely on the same.
