5.4503 	INFO 	Loaded monitor calibration from ['2025_08_24 15:35']
5.8366 	INFO 	Using renderer 'GeForce GT 730/PCIe/SSE2' for graphics
5.8367 	INFO 	OpenGL version supported by driver is 4..
5.8502 	EXP 	Created window1 = Window(allowGUI=True, allowStencil=False, autoLog=True, backendConf=UNKNOWN, backgroundFit=<method-wrapper '__getattribute__' of attributeSetter object at 0x000001F26ECC6130>, backgroundImage=<method-wrapper '__getattribute__' of attributeSetter object at 0x000001F26E8FEFD0>, bitsMode=UNKNOWN, blendMode='avg', bpc=(8, 8, 8), color=array([1.    , 0.9843, 0.7412]), colorSpace='rgb', depthBits=8, fullscr=False, gamma=None, gammaErrorPolicy='raise', infoMsg=UNKNOWN, lms=UNKNOWN, monitor=<psychopy.monitors.calibTools.Monitor object at 0x000001F26EB8C610>, multiSample=False, name='window1', numSamples=2, pos=[130.0, 540.0], screen=0, size=array([640, 360]), stencilBits=0, stereo=False, title='PsychoPy', units='height', useFBO=True, useRetina=False, viewOri=0.0, viewPos=None, viewScale=None, waitBlanking=True, winType='pyglet')
5.8503 	EXP 	window1: backgroundImage = ''
5.8503 	EXP 	window1: backgroundFit = 'none'
6.2561 	EXP 	window1: Attempting to measure frame rate of screen (0) ...
6.2561 	EXP 	window1: recordFrameIntervals = False
6.4775 	EXP 	window1: recordFrameIntervals = True
6.6605 	EXP 	Screen (0) actual frame rate measured at 59.83Hz
6.6606 	EXP 	window1: recordFrameIntervals = False
6.7231 	INFO 	keyboard.Keyboard is using ptb backend.
6.7232 	EXP 	Graz: status = STARTED
6.7991 	EXP 	Created attention_cross = ImageStim(__class__=<class 'psychopy.visual.image.ImageStim'>, anchor=('center', 'center'), autoLog=True, color=array([1., 1., 1.]), colorSpace='rgb', contrast=1.0, depth=0.0, draggable=False, flipHoriz=False, flipVert=False, image='stims/cross.png', interpolate=True, mask=None, maskParams=None, name='attention_cross', opacity=1, ori=0.0, pos=array([0., 0.]), size=array([0.5, 0.5]), texRes=128.0, units='height', win=Window(...))
6.8043 	EXP 	Created motor_cue = ImageStim(__class__=<class 'psychopy.visual.image.ImageStim'>, anchor=('center', 'center'), autoLog=True, color=array([1., 1., 1.]), colorSpace='rgb', contrast=1.0, depth=0.0, draggable=False, flipHoriz=False, flipVert=False, image='default.png', interpolate=True, mask=None, maskParams=None, name='motor_cue', opacity=1, ori=0.0, pos=array([0., 0.]), size=array([1., 1.]), texRes=128.0, units='height', win=Window(...))
6.8577 	EXP 	Created attempt = ImageStim(__class__=<class 'psychopy.visual.image.ImageStim'>, anchor=('center', 'center'), autoLog=True, color=array([1., 1., 1.]), colorSpace='rgb', contrast=1.0, depth=0.0, draggable=False, flipHoriz=False, flipVert=False, image='stims/cross.png', interpolate=True, mask=None, maskParams=None, name='attempt', opacity=1, ori=0.0, pos=array([0., 0.]), size=array([0.5, 0.5]), texRes=128.0, units='height', win=Window(...))
6.9195 	EXP 	Created image_2 = ImageStim(__class__=<class 'psychopy.visual.image.ImageStim'>, anchor=('center', 'center'), autoLog=True, color=array([1., 1., 1.]), colorSpace='rgb', contrast=1.0, depth=-1.0, draggable=False, flipHoriz=False, flipVert=False, image='stims/rest.png', interpolate=True, mask=None, maskParams=None, name='image_2', opacity=1, ori=0.0, pos=array([0., 0.]), size=array([0.5, 0.5]), texRes=128.0, units='height', win=Window(...))
0.0719 	EXP 	Imported stims_sequence.csv as conditions, 10 conditions, 2 params
0.0722 	EXP 	New trial (rep=0, index=0): <Trial 0 (0 in rep 0) data={'img': '\\home\\seidi\\Documentos\\GitHub\\real_time_bci\\stims\\right_hand.png', 'event_label': 'RIGHT_MI_STIM', 'thisN': 0, 'thisTrialN': 0, 'thisRepN': 0}>
3.0794 	EXP 	attention_cross: autoDraw = True
5.0678 	ERROR 	Couldn't find image \home\seidi\Documentos\GitHub\real_time_bci\stims\right_hand.png; check path? (tried: C:\home\seidi\Documentos\GitHub\real_time_bci\stims\right_hand.png)
5.0916 	INFO 	saved data to C:\Users\User\Documents\GitHub\real_time_bci\data\025784_Graz_2026-05-27_18h37.41.147.psydat
5.0926 	INFO 	saved data to 'C:\\Users\\User\\Documents\\GitHub\\real_time_bci\\data\\025784_Graz_2026-05-27_18h37.41.147.csv'
5.0941 	WARNING 	Stopping key buffers but this could be dangerous ifother keyboards rely on the same.
