116.0333 	INFO 	Loaded monitor calibration from ['2025_09_02 15:52']
116.2349 	INFO 	Using renderer 'NVIDIA GeForce GTX 1080/PCIe/SSE2' for graphics
116.2349 	INFO 	OpenGL version supported by driver is 4..
116.2557 	EXP 	Created window1 = Window(allowGUI=True, allowStencil=False, autoLog=True, backendConf=UNKNOWN, backgroundFit=<method-wrapper '__getattribute__' of attributeSetter object at 0x000002AAFA69A710>, backgroundImage=<method-wrapper '__getattribute__' of attributeSetter object at 0x000002AAFA69A770>, bitsMode=UNKNOWN, blendMode='avg', bpc=(8, 8, 8), color=array([1.    , 0.9843, 0.7412]), colorSpace='rgb', depthBits=8, fullscr=False, gamma=None, gammaErrorPolicy='raise', infoMsg=UNKNOWN, lms=UNKNOWN, monitor=<psychopy.monitors.calibTools.Monitor object at 0x000002AAF9C52920>, multiSample=False, name='window1', numSamples=2, pos=[np.float64(640.0), np.float64(360.0)], screen=0, size=array([640, 360]), stencilBits=0, stereo=False, title='PsychoPy', units='height', useFBO=True, useRetina=False, viewOri=0.0, viewPos=None, viewScale=None, waitBlanking=True, winType='pyglet')
116.2558 	EXP 	window1: backgroundImage = ''
116.2558 	EXP 	window1: backgroundFit = 'none'
116.6468 	EXP 	window1: Attempting to measure frame rate of screen (0) ...
116.6468 	EXP 	window1: recordFrameIntervals = False
116.8154 	EXP 	window1: recordFrameIntervals = True
116.9992 	EXP 	Screen (0) actual frame rate measured at 60.10Hz
116.9992 	EXP 	window1: recordFrameIntervals = False
117.0704 	INFO 	keyboard.Keyboard is using ptb backend.
117.0705 	EXP 	Graz: status = STARTED
117.1557 	EXP 	Created attention_cross = ImageStim(__class__=<class 'psychopy.visual.image.ImageStim'>, anchor=('center', 'center'), autoLog=True, color=array([1., 1., 1.]), colorSpace='rgb', contrast=1.0, depth=0.0, draggable=False, flipHoriz=np.False_, flipVert=np.False_, image='stims/cross.png', interpolate=True, mask=None, maskParams=None, name='attention_cross', opacity=1, ori=0.0, pos=array([-0.3,  0. ]), size=array([5.33333333, 3.        ]), texRes=128.0, units='height', win=Window(...))
117.1620 	EXP 	Created motor_cue = ImageStim(__class__=<class 'psychopy.visual.image.ImageStim'>, anchor=('center', 'center'), autoLog=True, color=array([1., 1., 1.]), colorSpace='rgb', contrast=1.0, depth=0.0, draggable=False, flipHoriz=np.False_, flipVert=np.False_, image='default.png', interpolate=True, mask=None, maskParams=None, name='motor_cue', opacity=1, ori=0.0, pos=array([0., 0.]), size=array([0.5, 0.5]), texRes=128.0, units='height', win=Window(...))
117.2179 	EXP 	Created attempt = ImageStim(__class__=<class 'psychopy.visual.image.ImageStim'>, anchor=('center', 'center'), autoLog=True, color=array([1., 1., 1.]), colorSpace='rgb', contrast=1.0, depth=0.0, draggable=False, flipHoriz=np.False_, flipVert=np.False_, image='stims/cross.png', interpolate=True, mask=None, maskParams=None, name='attempt', opacity=1, ori=0.0, pos=array([0., 0.]), size=array([0.5, 0.5]), texRes=128.0, units='height', win=Window(...))
117.2820 	EXP 	Created image_2 = ImageStim(__class__=<class 'psychopy.visual.image.ImageStim'>, anchor=('center', 'center'), autoLog=True, color=array([1., 1., 1.]), colorSpace='rgb', contrast=1.0, depth=-1.0, draggable=False, flipHoriz=np.False_, flipVert=np.False_, image='stims/rest.png', interpolate=True, mask=None, maskParams=None, name='image_2', opacity=1, ori=0.0, pos=array([0., 0.]), size=array([0.5, 0.5]), texRes=128.0, units='height', win=Window(...))
0.0817 	EXP 	Imported stims_sequence.csv as conditions, 10 conditions, 2 params
0.0822 	EXP 	New trial (rep=0, index=0): <Trial 0 (0 in rep 0) data={'img': 'D:\\Documentos\\GitHub\\real_time_bci\\stims\\left_arrow.png', 'event_label': 'LEFT_MI_STIM', 'thisN': 0, 'thisTrialN': 0, 'thisRepN': 0}>
3.0838 	EXP 	attention_cross: autoDraw = True
5.1338 	EXP 	attention_cross: autoDraw = False
5.1338 	EXP 	attention_cross: autoDraw = False
5.1338 	EXP 	motor_cue: image = 'D:\\Documentos\\GitHub\\real_time_bci\\stims\\left_arrow.png'
5.1338 	EXP 	motor_cue: autoDraw = True
6.3528 	EXP 	motor_cue: autoDraw = False
6.3528 	EXP 	attempt: autoDraw = True
10.1034 	EXP 	attempt: autoDraw = False
10.1034 	EXP 	image_2: autoDraw = True
12.0889 	EXP 	New trial (rep=0, index=1): <Trial 1 (1 in rep 0) data={'img': 'D:\\Documentos\\GitHub\\real_time_bci\\stims\\right_arrow.png', 'event_label': 'RIGHT_MI_STIM', 'thisN': 1, 'thisTrialN': 1, 'thisRepN': 0}>
12.1033 	EXP 	image_2: autoDraw = False
12.1033 	EXP 	attention_cross: autoDraw = True
14.1550 	EXP 	attention_cross: autoDraw = False
14.1550 	EXP 	motor_cue: image = 'D:\\Documentos\\GitHub\\real_time_bci\\stims\\right_arrow.png'
14.1550 	EXP 	motor_cue: autoDraw = True
15.3508 	EXP 	motor_cue: autoDraw = False
15.3508 	EXP 	attempt: autoDraw = True
19.1009 	EXP 	attempt: autoDraw = False
19.1009 	EXP 	image_2: autoDraw = True
21.0844 	EXP 	New trial (rep=0, index=2): <Trial 2 (2 in rep 0) data={'img': 'D:\\Documentos\\GitHub\\real_time_bci\\stims\\right_arrow.png', 'event_label': 'RIGHT_MI_STIM', 'thisN': 2, 'thisTrialN': 2, 'thisRepN': 0}>
21.1000 	EXP 	image_2: autoDraw = False
21.1000 	EXP 	attention_cross: autoDraw = True
23.1518 	EXP 	attention_cross: autoDraw = False
23.1518 	EXP 	motor_cue: image = 'D:\\Documentos\\GitHub\\real_time_bci\\stims\\right_arrow.png'
23.1518 	EXP 	motor_cue: autoDraw = True
24.3502 	EXP 	motor_cue: autoDraw = False
24.3502 	EXP 	attempt: autoDraw = True
28.1029 	EXP 	attempt: autoDraw = False
28.1029 	EXP 	image_2: autoDraw = True
30.0839 	EXP 	New trial (rep=0, index=3): <Trial 3 (3 in rep 0) data={'img': 'D:\\Documentos\\GitHub\\real_time_bci\\stims\\left_arrow.png', 'event_label': 'LEFT_MI_STIM', 'thisN': 3, 'thisTrialN': 3, 'thisRepN': 0}>
30.1002 	EXP 	image_2: autoDraw = False
30.1002 	EXP 	attention_cross: autoDraw = True
32.1346 	EXP 	attention_cross: autoDraw = False
32.1346 	EXP 	motor_cue: image = 'D:\\Documentos\\GitHub\\real_time_bci\\stims\\left_arrow.png'
32.1346 	EXP 	motor_cue: autoDraw = True
33.3511 	EXP 	motor_cue: autoDraw = False
33.3511 	EXP 	attempt: autoDraw = True
37.1007 	EXP 	attempt: autoDraw = False
37.1007 	EXP 	image_2: autoDraw = True
39.0878 	EXP 	New trial (rep=0, index=4): <Trial 4 (4 in rep 0) data={'img': 'D:\\Documentos\\GitHub\\real_time_bci\\stims\\left_arrow.png', 'event_label': 'LEFT_MI_STIM', 'thisN': 4, 'thisTrialN': 4, 'thisRepN': 0}>
39.1007 	EXP 	image_2: autoDraw = False
39.1007 	EXP 	attention_cross: autoDraw = True
41.1381 	EXP 	attention_cross: autoDraw = False
41.1381 	EXP 	motor_cue: image = 'D:\\Documentos\\GitHub\\real_time_bci\\stims\\left_arrow.png'
41.1381 	EXP 	motor_cue: autoDraw = True
42.3514 	EXP 	motor_cue: autoDraw = False
42.3514 	EXP 	attempt: autoDraw = True
46.1035 	EXP 	attempt: autoDraw = False
46.1035 	EXP 	image_2: autoDraw = True
48.0854 	EXP 	New trial (rep=0, index=5): <Trial 5 (5 in rep 0) data={'img': 'D:\\Documentos\\GitHub\\real_time_bci\\stims\\left_arrow.png', 'event_label': 'LEFT_MI_STIM', 'thisN': 5, 'thisTrialN': 5, 'thisRepN': 0}>
48.1035 	EXP 	image_2: autoDraw = False
48.1035 	EXP 	attention_cross: autoDraw = True
50.1339 	EXP 	attention_cross: autoDraw = False
50.1339 	EXP 	motor_cue: image = 'D:\\Documentos\\GitHub\\real_time_bci\\stims\\left_arrow.png'
50.1339 	EXP 	motor_cue: autoDraw = True
51.3510 	EXP 	motor_cue: autoDraw = False
51.3510 	EXP 	attempt: autoDraw = True
55.1014 	EXP 	attempt: autoDraw = False
55.1014 	EXP 	image_2: autoDraw = True
57.0854 	EXP 	New trial (rep=0, index=6): <Trial 6 (6 in rep 0) data={'img': 'D:\\Documentos\\GitHub\\real_time_bci\\stims\\left_arrow.png', 'event_label': 'LEFT_MI_STIM', 'thisN': 6, 'thisTrialN': 6, 'thisRepN': 0}>
57.1013 	EXP 	image_2: autoDraw = False
57.1013 	EXP 	attention_cross: autoDraw = True
59.1360 	EXP 	attention_cross: autoDraw = False
59.1360 	EXP 	motor_cue: image = 'D:\\Documentos\\GitHub\\real_time_bci\\stims\\left_arrow.png'
59.1360 	EXP 	motor_cue: autoDraw = True
60.3519 	EXP 	motor_cue: autoDraw = False
60.3519 	EXP 	attempt: autoDraw = True
64.1025 	EXP 	attempt: autoDraw = False
64.1025 	EXP 	image_2: autoDraw = True
66.0859 	EXP 	New trial (rep=0, index=7): <Trial 7 (7 in rep 0) data={'img': 'D:\\Documentos\\GitHub\\real_time_bci\\stims\\right_arrow.png', 'event_label': 'RIGHT_MI_STIM', 'thisN': 7, 'thisTrialN': 7, 'thisRepN': 0}>
66.1014 	EXP 	image_2: autoDraw = False
66.1014 	EXP 	attention_cross: autoDraw = True
68.1366 	EXP 	attention_cross: autoDraw = False
68.1366 	EXP 	motor_cue: image = 'D:\\Documentos\\GitHub\\real_time_bci\\stims\\right_arrow.png'
68.1366 	EXP 	motor_cue: autoDraw = True
69.3520 	EXP 	motor_cue: autoDraw = False
69.3520 	EXP 	attempt: autoDraw = True
73.1022 	EXP 	attempt: autoDraw = False
73.1022 	EXP 	image_2: autoDraw = True
75.0755 	EXP 	New trial (rep=0, index=8): <Trial 8 (8 in rep 0) data={'img': 'D:\\Documentos\\GitHub\\real_time_bci\\stims\\right_arrow.png', 'event_label': 'RIGHT_MI_STIM', 'thisN': 8, 'thisTrialN': 8, 'thisRepN': 0}>
75.0857 	EXP 	image_2: autoDraw = False
75.0857 	EXP 	attention_cross: autoDraw = True
77.1186 	EXP 	attention_cross: autoDraw = False
77.1186 	EXP 	attention_cross: autoDraw = False
77.1186 	EXP 	motor_cue: image = 'D:\\Documentos\\GitHub\\real_time_bci\\stims\\right_arrow.png'
77.1186 	EXP 	motor_cue: autoDraw = True
78.3514 	EXP 	motor_cue: autoDraw = False
78.3514 	EXP 	attempt: autoDraw = True
82.1017 	EXP 	attempt: autoDraw = False
82.1017 	EXP 	image_2: autoDraw = True
84.0863 	EXP 	New trial (rep=0, index=9): <Trial 9 (9 in rep 0) data={'img': 'D:\\Documentos\\GitHub\\real_time_bci\\stims\\right_arrow.png', 'event_label': 'RIGHT_MI_STIM', 'thisN': 9, 'thisTrialN': 9, 'thisRepN': 0}>
84.1019 	EXP 	image_2: autoDraw = False
84.1019 	EXP 	attention_cross: autoDraw = True
86.1585 	EXP 	attention_cross: autoDraw = False
86.1585 	EXP 	motor_cue: image = 'D:\\Documentos\\GitHub\\real_time_bci\\stims\\right_arrow.png'
86.1585 	EXP 	motor_cue: autoDraw = True
87.3526 	EXP 	motor_cue: autoDraw = False
87.3526 	EXP 	attempt: autoDraw = True
91.1027 	EXP 	attempt: autoDraw = False
91.1027 	EXP 	image_2: autoDraw = True
93.0858 	EXP 	New trial (rep=1, index=0): <Trial 10 (0 in rep 1) data={'img': 'D:\\Documentos\\GitHub\\real_time_bci\\stims\\right_arrow.png', 'event_label': 'RIGHT_MI_STIM', 'thisN': 10, 'thisTrialN': 0, 'thisRepN': 1}>
93.1047 	EXP 	image_2: autoDraw = False
93.1047 	EXP 	attention_cross: autoDraw = True
95.1902 	EXP 	attention_cross: autoDraw = False
95.1902 	EXP 	motor_cue: image = 'D:\\Documentos\\GitHub\\real_time_bci\\stims\\right_arrow.png'
95.1902 	EXP 	motor_cue: autoDraw = True
96.3518 	EXP 	motor_cue: autoDraw = False
96.3518 	EXP 	attempt: autoDraw = True
100.1042 	EXP 	attempt: autoDraw = False
100.1042 	EXP 	image_2: autoDraw = True
102.0865 	EXP 	New trial (rep=1, index=1): <Trial 11 (1 in rep 1) data={'img': 'D:\\Documentos\\GitHub\\real_time_bci\\stims\\left_arrow.png', 'event_label': 'LEFT_MI_STIM', 'thisN': 11, 'thisTrialN': 1, 'thisRepN': 1}>
102.1018 	EXP 	image_2: autoDraw = False
102.1018 	EXP 	attention_cross: autoDraw = True
104.1394 	EXP 	attention_cross: autoDraw = False
104.1394 	EXP 	motor_cue: image = 'D:\\Documentos\\GitHub\\real_time_bci\\stims\\left_arrow.png'
104.1394 	EXP 	motor_cue: autoDraw = True
105.3526 	EXP 	motor_cue: autoDraw = False
105.3526 	EXP 	attempt: autoDraw = True
109.1021 	EXP 	attempt: autoDraw = False
109.1021 	EXP 	image_2: autoDraw = True
111.0870 	EXP 	New trial (rep=1, index=2): <Trial 12 (2 in rep 1) data={'img': 'D:\\Documentos\\GitHub\\real_time_bci\\stims\\left_arrow.png', 'event_label': 'LEFT_MI_STIM', 'thisN': 12, 'thisTrialN': 2, 'thisRepN': 1}>
111.1021 	EXP 	image_2: autoDraw = False
111.1021 	EXP 	attention_cross: autoDraw = True
113.1358 	EXP 	attention_cross: autoDraw = False
113.1358 	EXP 	motor_cue: image = 'D:\\Documentos\\GitHub\\real_time_bci\\stims\\left_arrow.png'
113.1358 	EXP 	motor_cue: autoDraw = True
114.3520 	EXP 	motor_cue: autoDraw = False
114.3520 	EXP 	attempt: autoDraw = True
118.1038 	EXP 	attempt: autoDraw = False
118.1038 	EXP 	image_2: autoDraw = True
120.0877 	EXP 	New trial (rep=1, index=3): <Trial 13 (3 in rep 1) data={'img': 'D:\\Documentos\\GitHub\\real_time_bci\\stims\\right_arrow.png', 'event_label': 'RIGHT_MI_STIM', 'thisN': 13, 'thisTrialN': 3, 'thisRepN': 1}>
120.1023 	EXP 	image_2: autoDraw = False
120.1023 	EXP 	attention_cross: autoDraw = True
122.1370 	EXP 	attention_cross: autoDraw = False
122.1370 	EXP 	motor_cue: image = 'D:\\Documentos\\GitHub\\real_time_bci\\stims\\right_arrow.png'
122.1370 	EXP 	motor_cue: autoDraw = True
122.5866 	WARNING 	Keypress was given unknown key code (193)
123.3527 	EXP 	motor_cue: autoDraw = False
123.3527 	EXP 	attempt: autoDraw = True
127.1030 	EXP 	attempt: autoDraw = False
127.1030 	EXP 	image_2: autoDraw = True
129.0862 	EXP 	New trial (rep=1, index=4): <Trial 14 (4 in rep 1) data={'img': 'D:\\Documentos\\GitHub\\real_time_bci\\stims\\left_arrow.png', 'event_label': 'LEFT_MI_STIM', 'thisN': 14, 'thisTrialN': 4, 'thisRepN': 1}>
129.1031 	EXP 	image_2: autoDraw = False
129.1031 	EXP 	attention_cross: autoDraw = True
131.1540 	EXP 	attention_cross: autoDraw = False
131.1540 	EXP 	motor_cue: image = 'D:\\Documentos\\GitHub\\real_time_bci\\stims\\left_arrow.png'
131.1540 	EXP 	motor_cue: autoDraw = True
132.3530 	EXP 	motor_cue: autoDraw = False
132.3530 	EXP 	attempt: autoDraw = True
136.1048 	EXP 	attempt: autoDraw = False
136.1048 	EXP 	image_2: autoDraw = True
138.0876 	EXP 	New trial (rep=1, index=5): <Trial 15 (5 in rep 1) data={'img': 'D:\\Documentos\\GitHub\\real_time_bci\\stims\\right_arrow.png', 'event_label': 'RIGHT_MI_STIM', 'thisN': 15, 'thisTrialN': 5, 'thisRepN': 1}>
138.1042 	EXP 	image_2: autoDraw = False
138.1042 	EXP 	attention_cross: autoDraw = True
140.1383 	EXP 	attention_cross: autoDraw = False
140.1383 	EXP 	motor_cue: image = 'D:\\Documentos\\GitHub\\real_time_bci\\stims\\right_arrow.png'
140.1383 	EXP 	motor_cue: autoDraw = True
141.3570 	EXP 	motor_cue: autoDraw = False
141.3570 	EXP 	attempt: autoDraw = True
145.1102 	EXP 	attempt: autoDraw = False
145.1102 	EXP 	image_2: autoDraw = True
147.0902 	EXP 	New trial (rep=1, index=6): <Trial 16 (6 in rep 1) data={'img': 'D:\\Documentos\\GitHub\\real_time_bci\\stims\\right_arrow.png', 'event_label': 'RIGHT_MI_STIM', 'thisN': 16, 'thisTrialN': 6, 'thisRepN': 1}>
147.1030 	EXP 	image_2: autoDraw = False
147.1030 	EXP 	attention_cross: autoDraw = True
149.1357 	EXP 	attention_cross: autoDraw = False
149.1357 	EXP 	motor_cue: image = 'D:\\Documentos\\GitHub\\real_time_bci\\stims\\right_arrow.png'
149.1357 	EXP 	motor_cue: autoDraw = True
150.3534 	EXP 	motor_cue: autoDraw = False
150.3534 	EXP 	attempt: autoDraw = True
154.1036 	EXP 	attempt: autoDraw = False
154.1036 	EXP 	image_2: autoDraw = True
156.0867 	EXP 	New trial (rep=1, index=7): <Trial 17 (7 in rep 1) data={'img': 'D:\\Documentos\\GitHub\\real_time_bci\\stims\\right_arrow.png', 'event_label': 'RIGHT_MI_STIM', 'thisN': 17, 'thisTrialN': 7, 'thisRepN': 1}>
156.1033 	EXP 	image_2: autoDraw = False
156.1033 	EXP 	attention_cross: autoDraw = True
158.1365 	EXP 	attention_cross: autoDraw = False
158.1365 	EXP 	motor_cue: image = 'D:\\Documentos\\GitHub\\real_time_bci\\stims\\right_arrow.png'
158.1365 	EXP 	motor_cue: autoDraw = True
159.3524 	EXP 	motor_cue: autoDraw = False
159.3524 	EXP 	attempt: autoDraw = True
163.1036 	EXP 	attempt: autoDraw = False
163.1036 	EXP 	image_2: autoDraw = True
165.0875 	EXP 	New trial (rep=1, index=8): <Trial 18 (8 in rep 1) data={'img': 'D:\\Documentos\\GitHub\\real_time_bci\\stims\\left_arrow.png', 'event_label': 'LEFT_MI_STIM', 'thisN': 18, 'thisTrialN': 8, 'thisRepN': 1}>
165.1034 	EXP 	image_2: autoDraw = False
165.1034 	EXP 	attention_cross: autoDraw = True
167.1382 	EXP 	attention_cross: autoDraw = False
167.1382 	EXP 	motor_cue: image = 'D:\\Documentos\\GitHub\\real_time_bci\\stims\\left_arrow.png'
167.1382 	EXP 	motor_cue: autoDraw = True
168.3535 	EXP 	motor_cue: autoDraw = False
168.3535 	EXP 	attempt: autoDraw = True
172.1039 	EXP 	attempt: autoDraw = False
172.1039 	EXP 	image_2: autoDraw = True
172.4876 	DATA 	Mouse: wheel shift=(0,1), pos=(206,162)
174.0895 	EXP 	New trial (rep=1, index=9): <Trial 19 (9 in rep 1) data={'img': 'D:\\Documentos\\GitHub\\real_time_bci\\stims\\left_arrow.png', 'event_label': 'LEFT_MI_STIM', 'thisN': 19, 'thisTrialN': 9, 'thisRepN': 1}>
174.1037 	EXP 	image_2: autoDraw = False
174.1037 	EXP 	attention_cross: autoDraw = True
176.1377 	EXP 	attention_cross: autoDraw = False
176.1377 	EXP 	motor_cue: image = 'D:\\Documentos\\GitHub\\real_time_bci\\stims\\left_arrow.png'
176.1377 	EXP 	motor_cue: autoDraw = True
177.3570 	EXP 	motor_cue: autoDraw = False
177.3570 	EXP 	attempt: autoDraw = True
181.1312 	EXP 	attempt: autoDraw = False
181.1312 	EXP 	image_2: autoDraw = True
183.0875 	EXP 	New trial (rep=2, index=0): <Trial 20 (0 in rep 2) data={'img': 'D:\\Documentos\\GitHub\\real_time_bci\\stims\\left_arrow.png', 'event_label': 'LEFT_MI_STIM', 'thisN': 20, 'thisTrialN': 0, 'thisRepN': 2}>
183.1036 	EXP 	image_2: autoDraw = False
183.1036 	EXP 	attention_cross: autoDraw = True
185.1376 	EXP 	attention_cross: autoDraw = False
185.1376 	EXP 	motor_cue: image = 'D:\\Documentos\\GitHub\\real_time_bci\\stims\\left_arrow.png'
185.1376 	EXP 	motor_cue: autoDraw = True
186.3542 	EXP 	motor_cue: autoDraw = False
186.3542 	EXP 	attempt: autoDraw = True
190.1046 	EXP 	attempt: autoDraw = False
190.1046 	EXP 	image_2: autoDraw = True
192.0874 	EXP 	New trial (rep=2, index=1): <Trial 21 (1 in rep 2) data={'img': 'D:\\Documentos\\GitHub\\real_time_bci\\stims\\right_arrow.png', 'event_label': 'RIGHT_MI_STIM', 'thisN': 21, 'thisTrialN': 1, 'thisRepN': 2}>
192.1036 	EXP 	image_2: autoDraw = False
192.1036 	EXP 	attention_cross: autoDraw = True
193.3206 	WARNING 	Keypress was given unknown key code (193)
194.1409 	EXP 	attention_cross: autoDraw = False
194.1409 	EXP 	motor_cue: image = 'D:\\Documentos\\GitHub\\real_time_bci\\stims\\right_arrow.png'
194.1409 	EXP 	motor_cue: autoDraw = True
195.3544 	EXP 	motor_cue: autoDraw = False
195.3544 	EXP 	attempt: autoDraw = True
199.1044 	EXP 	attempt: autoDraw = False
199.1044 	EXP 	image_2: autoDraw = True
201.0880 	EXP 	New trial (rep=2, index=2): <Trial 22 (2 in rep 2) data={'img': 'D:\\Documentos\\GitHub\\real_time_bci\\stims\\left_arrow.png', 'event_label': 'LEFT_MI_STIM', 'thisN': 22, 'thisTrialN': 2, 'thisRepN': 2}>
201.1041 	EXP 	image_2: autoDraw = False
201.1041 	EXP 	attention_cross: autoDraw = True
203.1372 	EXP 	attention_cross: autoDraw = False
203.1372 	EXP 	motor_cue: image = 'D:\\Documentos\\GitHub\\real_time_bci\\stims\\left_arrow.png'
203.1372 	EXP 	motor_cue: autoDraw = True
204.3544 	EXP 	motor_cue: autoDraw = False
204.3544 	EXP 	attempt: autoDraw = True
208.1040 	EXP 	attempt: autoDraw = False
208.1040 	EXP 	image_2: autoDraw = True
210.0880 	EXP 	New trial (rep=2, index=3): <Trial 23 (3 in rep 2) data={'img': 'D:\\Documentos\\GitHub\\real_time_bci\\stims\\right_arrow.png', 'event_label': 'RIGHT_MI_STIM', 'thisN': 23, 'thisTrialN': 3, 'thisRepN': 2}>
210.1042 	EXP 	image_2: autoDraw = False
210.1042 	EXP 	attention_cross: autoDraw = True
212.1385 	EXP 	attention_cross: autoDraw = False
212.1385 	EXP 	motor_cue: image = 'D:\\Documentos\\GitHub\\real_time_bci\\stims\\right_arrow.png'
212.1385 	EXP 	motor_cue: autoDraw = True
213.3544 	EXP 	motor_cue: autoDraw = False
213.3544 	EXP 	attempt: autoDraw = True
217.1072 	EXP 	attempt: autoDraw = False
217.1072 	EXP 	image_2: autoDraw = True
219.0882 	EXP 	New trial (rep=2, index=4): <Trial 24 (4 in rep 2) data={'img': 'D:\\Documentos\\GitHub\\real_time_bci\\stims\\right_arrow.png', 'event_label': 'RIGHT_MI_STIM', 'thisN': 24, 'thisTrialN': 4, 'thisRepN': 2}>
219.1043 	EXP 	image_2: autoDraw = False
219.1043 	EXP 	attention_cross: autoDraw = True
221.1384 	EXP 	attention_cross: autoDraw = False
221.1384 	EXP 	motor_cue: image = 'D:\\Documentos\\GitHub\\real_time_bci\\stims\\right_arrow.png'
221.1384 	EXP 	motor_cue: autoDraw = True
222.3544 	EXP 	motor_cue: autoDraw = False
222.3544 	EXP 	attempt: autoDraw = True
226.1050 	EXP 	attempt: autoDraw = False
226.1050 	EXP 	image_2: autoDraw = True
228.0877 	EXP 	New trial (rep=2, index=5): <Trial 25 (5 in rep 2) data={'img': 'D:\\Documentos\\GitHub\\real_time_bci\\stims\\right_arrow.png', 'event_label': 'RIGHT_MI_STIM', 'thisN': 25, 'thisTrialN': 5, 'thisRepN': 2}>
228.1066 	EXP 	image_2: autoDraw = False
228.1066 	EXP 	attention_cross: autoDraw = True
230.1389 	EXP 	attention_cross: autoDraw = False
230.1389 	EXP 	motor_cue: image = 'D:\\Documentos\\GitHub\\real_time_bci\\stims\\right_arrow.png'
230.1389 	EXP 	motor_cue: autoDraw = True
231.3567 	EXP 	motor_cue: autoDraw = False
231.3567 	EXP 	attempt: autoDraw = True
235.1112 	EXP 	attempt: autoDraw = False
235.1112 	EXP 	image_2: autoDraw = True
237.0905 	EXP 	New trial (rep=2, index=6): <Trial 26 (6 in rep 2) data={'img': 'D:\\Documentos\\GitHub\\real_time_bci\\stims\\left_arrow.png', 'event_label': 'LEFT_MI_STIM', 'thisN': 26, 'thisTrialN': 6, 'thisRepN': 2}>
237.1055 	EXP 	image_2: autoDraw = False
237.1055 	EXP 	attention_cross: autoDraw = True
239.1377 	EXP 	attention_cross: autoDraw = False
239.1377 	EXP 	motor_cue: image = 'D:\\Documentos\\GitHub\\real_time_bci\\stims\\left_arrow.png'
239.1377 	EXP 	motor_cue: autoDraw = True
240.3599 	EXP 	motor_cue: autoDraw = False
240.3599 	EXP 	attempt: autoDraw = True
244.1084 	EXP 	attempt: autoDraw = False
244.1084 	EXP 	image_2: autoDraw = True
246.0926 	EXP 	New trial (rep=2, index=7): <Trial 27 (7 in rep 2) data={'img': 'D:\\Documentos\\GitHub\\real_time_bci\\stims\\left_arrow.png', 'event_label': 'LEFT_MI_STIM', 'thisN': 27, 'thisTrialN': 7, 'thisRepN': 2}>
246.1065 	EXP 	image_2: autoDraw = False
246.1065 	EXP 	attention_cross: autoDraw = True
248.1410 	EXP 	attention_cross: autoDraw = False
248.1410 	EXP 	motor_cue: image = 'D:\\Documentos\\GitHub\\real_time_bci\\stims\\left_arrow.png'
248.1410 	EXP 	motor_cue: autoDraw = True
249.3381 	EXP 	motor_cue: autoDraw = False
249.3381 	EXP 	attempt: autoDraw = True
253.0880 	EXP 	attempt: autoDraw = False
253.0880 	EXP 	attempt: autoDraw = False
253.0880 	EXP 	image_2: autoDraw = True
255.0737 	EXP 	New trial (rep=2, index=8): <Trial 28 (8 in rep 2) data={'img': 'D:\\Documentos\\GitHub\\real_time_bci\\stims\\left_arrow.png', 'event_label': 'LEFT_MI_STIM', 'thisN': 28, 'thisTrialN': 8, 'thisRepN': 2}>
255.0913 	EXP 	image_2: autoDraw = False
255.0913 	EXP 	image_2: autoDraw = False
255.0913 	EXP 	attention_cross: autoDraw = True
257.1206 	EXP 	attention_cross: autoDraw = False
257.1206 	EXP 	motor_cue: image = 'D:\\Documentos\\GitHub\\real_time_bci\\stims\\left_arrow.png'
257.1206 	EXP 	motor_cue: autoDraw = True
258.3537 	EXP 	motor_cue: autoDraw = False
258.3537 	EXP 	attempt: autoDraw = True
262.1044 	EXP 	attempt: autoDraw = False
262.1044 	EXP 	image_2: autoDraw = True
264.0876 	EXP 	New trial (rep=2, index=9): <Trial 29 (9 in rep 2) data={'img': 'D:\\Documentos\\GitHub\\real_time_bci\\stims\\right_arrow.png', 'event_label': 'RIGHT_MI_STIM', 'thisN': 29, 'thisTrialN': 9, 'thisRepN': 2}>
264.1039 	EXP 	image_2: autoDraw = False
264.1039 	EXP 	attention_cross: autoDraw = True
266.1207 	EXP 	attention_cross: autoDraw = False
266.1207 	EXP 	motor_cue: image = 'D:\\Documentos\\GitHub\\real_time_bci\\stims\\right_arrow.png'
266.1207 	EXP 	motor_cue: autoDraw = True
267.3541 	EXP 	motor_cue: autoDraw = False
267.3541 	EXP 	attempt: autoDraw = True
271.1039 	EXP 	attempt: autoDraw = False
271.1039 	EXP 	image_2: autoDraw = True
273.0875 	EXP 	New trial (rep=3, index=0): <Trial 30 (0 in rep 3) data={'img': 'D:\\Documentos\\GitHub\\real_time_bci\\stims\\right_arrow.png', 'event_label': 'RIGHT_MI_STIM', 'thisN': 30, 'thisTrialN': 0, 'thisRepN': 3}>
273.1040 	EXP 	image_2: autoDraw = False
273.1040 	EXP 	attention_cross: autoDraw = True
275.1208 	EXP 	attention_cross: autoDraw = False
275.1208 	EXP 	motor_cue: image = 'D:\\Documentos\\GitHub\\real_time_bci\\stims\\right_arrow.png'
275.1208 	EXP 	motor_cue: autoDraw = True
276.3540 	EXP 	motor_cue: autoDraw = False
276.3540 	EXP 	attempt: autoDraw = True
280.1041 	EXP 	attempt: autoDraw = False
280.1041 	EXP 	image_2: autoDraw = True
282.0879 	EXP 	New trial (rep=3, index=1): <Trial 31 (1 in rep 3) data={'img': 'D:\\Documentos\\GitHub\\real_time_bci\\stims\\right_arrow.png', 'event_label': 'RIGHT_MI_STIM', 'thisN': 31, 'thisTrialN': 1, 'thisRepN': 3}>
282.1042 	EXP 	image_2: autoDraw = False
282.1042 	EXP 	attention_cross: autoDraw = True
284.1210 	EXP 	attention_cross: autoDraw = False
284.1210 	EXP 	motor_cue: image = 'D:\\Documentos\\GitHub\\real_time_bci\\stims\\right_arrow.png'
284.1210 	EXP 	motor_cue: autoDraw = True
285.3542 	EXP 	motor_cue: autoDraw = False
285.3542 	EXP 	attempt: autoDraw = True
289.1047 	EXP 	attempt: autoDraw = False
289.1047 	EXP 	image_2: autoDraw = True
291.0883 	EXP 	New trial (rep=3, index=2): <Trial 32 (2 in rep 3) data={'img': 'D:\\Documentos\\GitHub\\real_time_bci\\stims\\left_arrow.png', 'event_label': 'LEFT_MI_STIM', 'thisN': 32, 'thisTrialN': 2, 'thisRepN': 3}>
291.1046 	EXP 	image_2: autoDraw = False
291.1046 	EXP 	attention_cross: autoDraw = True
293.1211 	EXP 	attention_cross: autoDraw = False
293.1211 	EXP 	motor_cue: image = 'D:\\Documentos\\GitHub\\real_time_bci\\stims\\left_arrow.png'
293.1211 	EXP 	motor_cue: autoDraw = True
294.3544 	EXP 	motor_cue: autoDraw = False
294.3544 	EXP 	attempt: autoDraw = True
298.1046 	EXP 	attempt: autoDraw = False
298.1046 	EXP 	image_2: autoDraw = True
300.0879 	EXP 	New trial (rep=3, index=3): <Trial 33 (3 in rep 3) data={'img': 'D:\\Documentos\\GitHub\\real_time_bci\\stims\\left_arrow.png', 'event_label': 'LEFT_MI_STIM', 'thisN': 33, 'thisTrialN': 3, 'thisRepN': 3}>
300.1045 	EXP 	image_2: autoDraw = False
300.1045 	EXP 	attention_cross: autoDraw = True
302.1219 	EXP 	attention_cross: autoDraw = False
302.1219 	EXP 	motor_cue: image = 'D:\\Documentos\\GitHub\\real_time_bci\\stims\\left_arrow.png'
302.1219 	EXP 	motor_cue: autoDraw = True
303.3547 	EXP 	motor_cue: autoDraw = False
303.3547 	EXP 	attempt: autoDraw = True
307.1051 	EXP 	attempt: autoDraw = False
307.1051 	EXP 	image_2: autoDraw = True
309.0886 	EXP 	New trial (rep=3, index=4): <Trial 34 (4 in rep 3) data={'img': 'D:\\Documentos\\GitHub\\real_time_bci\\stims\\left_arrow.png', 'event_label': 'LEFT_MI_STIM', 'thisN': 34, 'thisTrialN': 4, 'thisRepN': 3}>
309.1051 	EXP 	image_2: autoDraw = False
309.1051 	EXP 	attention_cross: autoDraw = True
311.1235 	EXP 	attention_cross: autoDraw = False
311.1235 	EXP 	motor_cue: image = 'D:\\Documentos\\GitHub\\real_time_bci\\stims\\left_arrow.png'
311.1235 	EXP 	motor_cue: autoDraw = True
312.3552 	EXP 	motor_cue: autoDraw = False
312.3552 	EXP 	attempt: autoDraw = True
316.1052 	EXP 	attempt: autoDraw = False
316.1052 	EXP 	image_2: autoDraw = True
318.0889 	EXP 	New trial (rep=3, index=5): <Trial 35 (5 in rep 3) data={'img': 'D:\\Documentos\\GitHub\\real_time_bci\\stims\\right_arrow.png', 'event_label': 'RIGHT_MI_STIM', 'thisN': 35, 'thisTrialN': 5, 'thisRepN': 3}>
318.1053 	EXP 	image_2: autoDraw = False
318.1053 	EXP 	attention_cross: autoDraw = True
320.1407 	EXP 	attention_cross: autoDraw = False
320.1407 	EXP 	motor_cue: image = 'D:\\Documentos\\GitHub\\real_time_bci\\stims\\right_arrow.png'
320.1407 	EXP 	motor_cue: autoDraw = True
321.3553 	EXP 	motor_cue: autoDraw = False
321.3553 	EXP 	attempt: autoDraw = True
325.1054 	EXP 	attempt: autoDraw = False
325.1054 	EXP 	image_2: autoDraw = True
327.0889 	EXP 	New trial (rep=3, index=6): <Trial 36 (6 in rep 3) data={'img': 'D:\\Documentos\\GitHub\\real_time_bci\\stims\\left_arrow.png', 'event_label': 'LEFT_MI_STIM', 'thisN': 36, 'thisTrialN': 6, 'thisRepN': 3}>
327.1054 	EXP 	image_2: autoDraw = False
327.1054 	EXP 	attention_cross: autoDraw = True
329.1233 	EXP 	attention_cross: autoDraw = False
329.1233 	EXP 	motor_cue: image = 'D:\\Documentos\\GitHub\\real_time_bci\\stims\\left_arrow.png'
329.1233 	EXP 	motor_cue: autoDraw = True
330.3561 	EXP 	motor_cue: autoDraw = False
330.3561 	EXP 	attempt: autoDraw = True
334.1056 	EXP 	attempt: autoDraw = False
334.1056 	EXP 	image_2: autoDraw = True
336.0892 	EXP 	New trial (rep=3, index=7): <Trial 37 (7 in rep 3) data={'img': 'D:\\Documentos\\GitHub\\real_time_bci\\stims\\right_arrow.png', 'event_label': 'RIGHT_MI_STIM', 'thisN': 37, 'thisTrialN': 7, 'thisRepN': 3}>
336.1056 	EXP 	image_2: autoDraw = False
336.1056 	EXP 	attention_cross: autoDraw = True
338.1233 	EXP 	attention_cross: autoDraw = False
338.1233 	EXP 	motor_cue: image = 'D:\\Documentos\\GitHub\\real_time_bci\\stims\\right_arrow.png'
338.1233 	EXP 	motor_cue: autoDraw = True
339.3556 	EXP 	motor_cue: autoDraw = False
339.3556 	EXP 	attempt: autoDraw = True
343.1057 	EXP 	attempt: autoDraw = False
343.1057 	EXP 	image_2: autoDraw = True
345.0893 	EXP 	New trial (rep=3, index=8): <Trial 38 (8 in rep 3) data={'img': 'D:\\Documentos\\GitHub\\real_time_bci\\stims\\left_arrow.png', 'event_label': 'LEFT_MI_STIM', 'thisN': 38, 'thisTrialN': 8, 'thisRepN': 3}>
345.1057 	EXP 	image_2: autoDraw = False
345.1057 	EXP 	attention_cross: autoDraw = True
347.1235 	EXP 	attention_cross: autoDraw = False
347.1235 	EXP 	motor_cue: image = 'D:\\Documentos\\GitHub\\real_time_bci\\stims\\left_arrow.png'
347.1235 	EXP 	motor_cue: autoDraw = True
348.3559 	EXP 	motor_cue: autoDraw = False
348.3559 	EXP 	attempt: autoDraw = True
352.1059 	EXP 	attempt: autoDraw = False
352.1059 	EXP 	image_2: autoDraw = True
354.0894 	EXP 	New trial (rep=3, index=9): <Trial 39 (9 in rep 3) data={'img': 'D:\\Documentos\\GitHub\\real_time_bci\\stims\\right_arrow.png', 'event_label': 'RIGHT_MI_STIM', 'thisN': 39, 'thisTrialN': 9, 'thisRepN': 3}>
354.1059 	EXP 	image_2: autoDraw = False
354.1059 	EXP 	attention_cross: autoDraw = True
356.1405 	EXP 	attention_cross: autoDraw = False
356.1405 	EXP 	motor_cue: image = 'D:\\Documentos\\GitHub\\real_time_bci\\stims\\right_arrow.png'
356.1405 	EXP 	motor_cue: autoDraw = True
357.3560 	EXP 	motor_cue: autoDraw = False
357.3560 	EXP 	attempt: autoDraw = True
361.1060 	EXP 	attempt: autoDraw = False
361.1060 	EXP 	image_2: autoDraw = True
363.1060 	EXP 	image_2: autoDraw = False
363.1061 	EXP 	Graz: status = STOPPED
363.1397 	INFO 	saved data to 'D:\\Documentos\\GitHub\\real_time_bci\\data\\054326_Graz_2025-09-08_16h07.26.147.csv'
363.1565 	INFO 	saved data to D:\Documentos\GitHub\real_time_bci\data\054326_Graz_2025-09-08_16h07.26.147.psydat
363.3677 	WARNING 	Stopping key buffers but this could be dangerous ifother keyboards rely on the same.
