5.3794 	INFO 	Loaded monitor calibration from ['2025_08_24 15:35']
5.5119 	WARNING 	User requested fullscreen with size [1024  768], but screen is actually [900, 1440]. Using actual size
5.8360 	INFO 	Using renderer 'GeForce GT 730/PCIe/SSE2' for graphics
5.8360 	INFO 	OpenGL version supported by driver is 4..
5.8478 	EXP 	Created window1 = Window(allowGUI=False, allowStencil=False, autoLog=True, backendConf=UNKNOWN, backgroundFit=<method-wrapper '__getattribute__' of attributeSetter object at 0x000001E8F1389B80>, backgroundImage=<method-wrapper '__getattribute__' of attributeSetter object at 0x000001E8F1389FD0>, bitsMode=UNKNOWN, blendMode='avg', bpc=(8, 8, 8), color=array([0, 0, 0]), colorSpace='rgb', depthBits=8, fullscr=True, gamma=None, gammaErrorPolicy='raise', infoMsg=UNKNOWN, lms=UNKNOWN, monitor=<psychopy.monitors.calibTools.Monitor object at 0x000001E8F177B730>, multiSample=False, name='window1', numSamples=2, pos=[0.0, 0.0], screen=0, size=array([ 900, 1440]), stencilBits=0, stereo=False, title='PsychoPy', units='height', useFBO=True, useRetina=False, viewOri=0.0, viewPos=None, viewScale=None, waitBlanking=True, winType='pyglet')
5.8479 	EXP 	window1: backgroundImage = ''
5.8479 	EXP 	window1: backgroundFit = 'none'
6.2957 	EXP 	window1: Attempting to measure frame rate of screen (0) ...
6.2957 	EXP 	window1: recordFrameIntervals = False
6.6744 	EXP 	window1: recordFrameIntervals = True
6.7313 	WARNING 	t of last frame was 28.61ms (=1/34)
6.7573 	WARNING 	t of last frame was 26.00ms (=1/38)
6.7857 	WARNING 	t of last frame was 28.40ms (=1/35)
6.8127 	WARNING 	t of last frame was 27.01ms (=1/37)
6.8390 	WARNING 	Multiple dropped frames have occurred - I'll stop bothering you about them!
6.9736 	EXP 	Screen (0) actual frame rate measured at 36.95Hz
6.9737 	EXP 	window1: recordFrameIntervals = False
7.0892 	INFO 	keyboard.Keyboard is using ptb backend.
7.0892 	EXP 	Graz: status = STARTED
7.2591 	EXP 	Created attention_cross = ImageStim(__class__=<class 'psychopy.visual.image.ImageStim'>, anchor=('center', 'center'), autoLog=True, color=array([1., 1., 1.]), colorSpace='rgb', contrast=1.0, depth=0.0, draggable=False, flipHoriz=False, flipVert=False, image='stims/cross.png', interpolate=True, mask=None, maskParams=None, name='attention_cross', opacity=1, ori=0.0, pos=array([-0.3,  0. ]), size=array([1.33333333, 0.75      ]), texRes=128.0, units='height', win=Window(...))
7.2751 	EXP 	Created motor_cue = ImageStim(__class__=<class 'psychopy.visual.image.ImageStim'>, anchor=('center', 'center'), autoLog=True, color=array([1., 1., 1.]), colorSpace='rgb', contrast=1.0, depth=0.0, draggable=False, flipHoriz=False, flipVert=False, image='default.png', interpolate=True, mask=None, maskParams=None, name='motor_cue', opacity=1, ori=0.0, pos=array([0., 0.]), size=array([0.5, 0.5]), texRes=128.0, units='height', win=Window(...))
7.3882 	EXP 	Created attempt = ImageStim(__class__=<class 'psychopy.visual.image.ImageStim'>, anchor=('center', 'center'), autoLog=True, color=array([1., 1., 1.]), colorSpace='rgb', contrast=1.0, depth=0.0, draggable=False, flipHoriz=False, flipVert=False, image='stims/cross.png', interpolate=True, mask=None, maskParams=None, name='attempt', opacity=1, ori=0.0, pos=array([0., 0.]), size=array([0.5, 0.5]), texRes=128.0, units='height', win=Window(...))
0.0707 	EXP 	Imported stims_sequence.csv as conditions, 10 conditions, 2 params
0.0710 	EXP 	New trial (rep=0, index=0): <Trial 0 (0 in rep 0) data={'img': 'C:\\Users\\User\\Documents\\GitHub\\real_time_bci\\stims\\left_arrow.png', 'event_label': 'LEFT_MI_STIM', 'thisN': 0, 'thisTrialN': 0, 'thisRepN': 0}>
5.0852 	EXP 	attention_cross: autoDraw = True
7.2158 	EXP 	attention_cross: autoDraw = False
7.2158 	EXP 	motor_cue: image = 'C:\\Users\\User\\Documents\\GitHub\\real_time_bci\\stims\\left_arrow.png'
7.2158 	EXP 	motor_cue: autoDraw = True
8.3498 	EXP 	motor_cue: autoDraw = False
8.3498 	EXP 	attempt: autoDraw = True
12.0804 	EXP 	New trial (rep=0, index=1): <Trial 1 (1 in rep 0) data={'img': 'C:\\Users\\User\\Documents\\GitHub\\real_time_bci\\stims\\right_arrow.png', 'event_label': 'RIGHT_MI_STIM', 'thisN': 1, 'thisTrialN': 1, 'thisRepN': 0}>
12.0836 	EXP 	attempt: autoDraw = False
12.0836 	EXP 	attention_cross: autoDraw = True
14.1368 	EXP 	attention_cross: autoDraw = False
14.1368 	EXP 	motor_cue: image = 'C:\\Users\\User\\Documents\\GitHub\\real_time_bci\\stims\\right_arrow.png'
14.1368 	EXP 	motor_cue: autoDraw = True
15.3502 	EXP 	motor_cue: autoDraw = False
15.3502 	EXP 	attempt: autoDraw = True
19.0983 	EXP 	New trial (rep=0, index=2): <Trial 2 (2 in rep 0) data={'img': 'C:\\Users\\User\\Documents\\GitHub\\real_time_bci\\stims\\right_arrow.png', 'event_label': 'RIGHT_MI_STIM', 'thisN': 2, 'thisTrialN': 2, 'thisRepN': 0}>
19.1244 	EXP 	attempt: autoDraw = False
19.1244 	EXP 	attention_cross: autoDraw = True
21.1596 	EXP 	attention_cross: autoDraw = False
21.1596 	EXP 	motor_cue: image = 'C:\\Users\\User\\Documents\\GitHub\\real_time_bci\\stims\\right_arrow.png'
21.1596 	EXP 	motor_cue: autoDraw = True
22.3556 	EXP 	motor_cue: autoDraw = False
22.3556 	EXP 	attempt: autoDraw = True
26.1021 	EXP 	New trial (rep=0, index=3): <Trial 3 (3 in rep 0) data={'img': 'C:\\Users\\User\\Documents\\GitHub\\real_time_bci\\stims\\left_arrow.png', 'event_label': 'LEFT_MI_STIM', 'thisN': 3, 'thisTrialN': 3, 'thisRepN': 0}>
26.1057 	EXP 	attempt: autoDraw = False
26.1057 	EXP 	attention_cross: autoDraw = True
28.1662 	EXP 	attention_cross: autoDraw = False
28.1662 	EXP 	motor_cue: image = 'C:\\Users\\User\\Documents\\GitHub\\real_time_bci\\stims\\left_arrow.png'
28.1662 	EXP 	motor_cue: autoDraw = True
29.3617 	EXP 	motor_cue: autoDraw = False
29.3617 	EXP 	attempt: autoDraw = True
33.1140 	EXP 	New trial (rep=0, index=4): <Trial 4 (4 in rep 0) data={'img': 'C:\\Users\\User\\Documents\\GitHub\\real_time_bci\\stims\\right_arrow.png', 'event_label': 'RIGHT_MI_STIM', 'thisN': 4, 'thisTrialN': 4, 'thisRepN': 0}>
33.1167 	EXP 	attempt: autoDraw = False
33.1167 	EXP 	attention_cross: autoDraw = True
35.1928 	EXP 	attention_cross: autoDraw = False
35.1928 	EXP 	motor_cue: image = 'C:\\Users\\User\\Documents\\GitHub\\real_time_bci\\stims\\right_arrow.png'
35.1928 	EXP 	motor_cue: autoDraw = True
36.3778 	EXP 	motor_cue: autoDraw = False
36.3778 	EXP 	attempt: autoDraw = True
40.1231 	EXP 	New trial (rep=0, index=5): <Trial 5 (5 in rep 0) data={'img': 'C:\\Users\\User\\Documents\\GitHub\\real_time_bci\\stims\\right_arrow.png', 'event_label': 'RIGHT_MI_STIM', 'thisN': 5, 'thisTrialN': 5, 'thisRepN': 0}>
40.1265 	EXP 	attempt: autoDraw = False
40.1265 	EXP 	attention_cross: autoDraw = True
42.2048 	EXP 	attention_cross: autoDraw = False
42.2048 	EXP 	motor_cue: image = 'C:\\Users\\User\\Documents\\GitHub\\real_time_bci\\stims\\right_arrow.png'
42.2048 	EXP 	motor_cue: autoDraw = True
43.3933 	EXP 	motor_cue: autoDraw = False
43.3933 	EXP 	attempt: autoDraw = True
47.1533 	EXP 	New trial (rep=0, index=6): <Trial 6 (6 in rep 0) data={'img': 'C:\\Users\\User\\Documents\\GitHub\\real_time_bci\\stims\\right_arrow.png', 'event_label': 'RIGHT_MI_STIM', 'thisN': 6, 'thisTrialN': 6, 'thisRepN': 0}>
47.1558 	EXP 	attempt: autoDraw = False
47.1558 	EXP 	attention_cross: autoDraw = True
49.2258 	EXP 	attention_cross: autoDraw = False
49.2258 	EXP 	attention_cross: autoDraw = False
49.2258 	EXP 	motor_cue: image = 'C:\\Users\\User\\Documents\\GitHub\\real_time_bci\\stims\\right_arrow.png'
49.2258 	EXP 	motor_cue: autoDraw = True
50.4454 	EXP 	motor_cue: autoDraw = False
50.4454 	EXP 	attempt: autoDraw = True
54.1549 	EXP 	New trial (rep=0, index=7): <Trial 7 (7 in rep 0) data={'img': 'C:\\Users\\User\\Documents\\GitHub\\real_time_bci\\stims\\left_arrow.png', 'event_label': 'LEFT_MI_STIM', 'thisN': 7, 'thisTrialN': 7, 'thisRepN': 0}>
54.1595 	EXP 	attempt: autoDraw = False
54.1595 	EXP 	attention_cross: autoDraw = True
56.2540 	EXP 	attention_cross: autoDraw = False
56.2540 	EXP 	motor_cue: image = 'C:\\Users\\User\\Documents\\GitHub\\real_time_bci\\stims\\left_arrow.png'
56.2540 	EXP 	motor_cue: autoDraw = True
57.4284 	EXP 	motor_cue: autoDraw = False
57.4284 	EXP 	attempt: autoDraw = True
61.1583 	EXP 	New trial (rep=0, index=8): <Trial 8 (8 in rep 0) data={'img': 'C:\\Users\\User\\Documents\\GitHub\\real_time_bci\\stims\\left_arrow.png', 'event_label': 'LEFT_MI_STIM', 'thisN': 8, 'thisTrialN': 8, 'thisRepN': 0}>
61.1677 	EXP 	attempt: autoDraw = False
61.1677 	EXP 	attention_cross: autoDraw = True
63.2459 	EXP 	attention_cross: autoDraw = False
63.2459 	EXP 	motor_cue: image = 'C:\\Users\\User\\Documents\\GitHub\\real_time_bci\\stims\\left_arrow.png'
63.2459 	EXP 	motor_cue: autoDraw = True
64.4436 	EXP 	motor_cue: autoDraw = False
64.4436 	EXP 	attempt: autoDraw = True
68.1654 	EXP 	New trial (rep=0, index=9): <Trial 9 (9 in rep 0) data={'img': 'C:\\Users\\User\\Documents\\GitHub\\real_time_bci\\stims\\left_arrow.png', 'event_label': 'LEFT_MI_STIM', 'thisN': 9, 'thisTrialN': 9, 'thisRepN': 0}>
68.1730 	EXP 	attempt: autoDraw = False
68.1730 	EXP 	attention_cross: autoDraw = True
70.2089 	EXP 	attention_cross: autoDraw = False
70.2089 	EXP 	attention_cross: autoDraw = False
70.2089 	EXP 	motor_cue: image = 'C:\\Users\\User\\Documents\\GitHub\\real_time_bci\\stims\\left_arrow.png'
70.2089 	EXP 	motor_cue: autoDraw = True
71.4453 	EXP 	motor_cue: autoDraw = False
71.4453 	EXP 	attempt: autoDraw = True
75.1704 	EXP 	New trial (rep=1, index=0): <Trial 10 (0 in rep 1) data={'img': 'C:\\Users\\User\\Documents\\GitHub\\real_time_bci\\stims\\right_arrow.png', 'event_label': 'RIGHT_MI_STIM', 'thisN': 10, 'thisTrialN': 0, 'thisRepN': 1}>
75.2057 	EXP 	attempt: autoDraw = False
75.2057 	EXP 	attention_cross: autoDraw = True
77.2611 	EXP 	attention_cross: autoDraw = False
77.2611 	EXP 	motor_cue: image = 'C:\\Users\\User\\Documents\\GitHub\\real_time_bci\\stims\\right_arrow.png'
77.2611 	EXP 	motor_cue: autoDraw = True
78.4546 	EXP 	motor_cue: autoDraw = False
78.4546 	EXP 	attempt: autoDraw = True
82.1836 	EXP 	New trial (rep=1, index=1): <Trial 11 (1 in rep 1) data={'img': 'C:\\Users\\User\\Documents\\GitHub\\real_time_bci\\stims\\right_arrow.png', 'event_label': 'RIGHT_MI_STIM', 'thisN': 11, 'thisTrialN': 1, 'thisRepN': 1}>
82.1912 	EXP 	attempt: autoDraw = False
82.1912 	EXP 	attention_cross: autoDraw = True
84.2370 	EXP 	attention_cross: autoDraw = False
84.2370 	EXP 	motor_cue: image = 'C:\\Users\\User\\Documents\\GitHub\\real_time_bci\\stims\\right_arrow.png'
84.2370 	EXP 	motor_cue: autoDraw = True
85.4696 	EXP 	motor_cue: autoDraw = False
85.4696 	EXP 	attempt: autoDraw = True
89.2036 	EXP 	New trial (rep=1, index=2): <Trial 12 (2 in rep 1) data={'img': 'C:\\Users\\User\\Documents\\GitHub\\real_time_bci\\stims\\left_arrow.png', 'event_label': 'LEFT_MI_STIM', 'thisN': 12, 'thisTrialN': 2, 'thisRepN': 1}>
89.2097 	EXP 	attempt: autoDraw = False
89.2097 	EXP 	attention_cross: autoDraw = True
91.2617 	EXP 	attention_cross: autoDraw = False
91.2617 	EXP 	attention_cross: autoDraw = False
91.2617 	EXP 	motor_cue: image = 'C:\\Users\\User\\Documents\\GitHub\\real_time_bci\\stims\\left_arrow.png'
91.2617 	EXP 	motor_cue: autoDraw = True
92.4640 	EXP 	motor_cue: autoDraw = False
92.4640 	EXP 	attempt: autoDraw = True
96.2017 	EXP 	New trial (rep=1, index=3): <Trial 13 (3 in rep 1) data={'img': 'C:\\Users\\User\\Documents\\GitHub\\real_time_bci\\stims\\left_arrow.png', 'event_label': 'LEFT_MI_STIM', 'thisN': 13, 'thisTrialN': 3, 'thisRepN': 1}>
96.2122 	EXP 	attempt: autoDraw = False
96.2122 	EXP 	attempt: autoDraw = False
96.2122 	EXP 	attention_cross: autoDraw = True
98.2576 	EXP 	attention_cross: autoDraw = False
98.2576 	EXP 	attention_cross: autoDraw = False
98.2576 	EXP 	motor_cue: image = 'C:\\Users\\User\\Documents\\GitHub\\real_time_bci\\stims\\left_arrow.png'
98.2576 	EXP 	motor_cue: autoDraw = True
99.4630 	EXP 	motor_cue: autoDraw = False
99.4630 	EXP 	attempt: autoDraw = True
103.2198 	EXP 	New trial (rep=1, index=4): <Trial 14 (4 in rep 1) data={'img': 'C:\\Users\\User\\Documents\\GitHub\\real_time_bci\\stims\\right_arrow.png', 'event_label': 'RIGHT_MI_STIM', 'thisN': 14, 'thisTrialN': 4, 'thisRepN': 1}>
103.2300 	EXP 	attempt: autoDraw = False
103.2300 	EXP 	attention_cross: autoDraw = True
105.2675 	EXP 	attention_cross: autoDraw = False
105.2675 	EXP 	attention_cross: autoDraw = False
105.2675 	EXP 	motor_cue: image = 'C:\\Users\\User\\Documents\\GitHub\\real_time_bci\\stims\\right_arrow.png'
105.2675 	EXP 	motor_cue: autoDraw = True
106.4790 	EXP 	motor_cue: autoDraw = False
106.4790 	EXP 	attempt: autoDraw = True
110.2131 	EXP 	New trial (rep=1, index=5): <Trial 15 (5 in rep 1) data={'img': 'C:\\Users\\User\\Documents\\GitHub\\real_time_bci\\stims\\left_arrow.png', 'event_label': 'LEFT_MI_STIM', 'thisN': 15, 'thisTrialN': 5, 'thisRepN': 1}>
110.2472 	EXP 	attempt: autoDraw = False
110.2472 	EXP 	attempt: autoDraw = False
110.2472 	EXP 	attention_cross: autoDraw = True
112.3163 	EXP 	attention_cross: autoDraw = False
112.3163 	EXP 	motor_cue: image = 'C:\\Users\\User\\Documents\\GitHub\\real_time_bci\\stims\\left_arrow.png'
112.3163 	EXP 	motor_cue: autoDraw = True
113.4757 	EXP 	motor_cue: autoDraw = False
113.4757 	EXP 	attempt: autoDraw = True
117.2319 	EXP 	New trial (rep=1, index=6): <Trial 16 (6 in rep 1) data={'img': 'C:\\Users\\User\\Documents\\GitHub\\real_time_bci\\stims\\right_arrow.png', 'event_label': 'RIGHT_MI_STIM', 'thisN': 16, 'thisTrialN': 6, 'thisRepN': 1}>
117.2353 	EXP 	attempt: autoDraw = False
117.2353 	EXP 	attention_cross: autoDraw = True
119.3093 	EXP 	attention_cross: autoDraw = False
119.3093 	EXP 	motor_cue: image = 'C:\\Users\\User\\Documents\\GitHub\\real_time_bci\\stims\\right_arrow.png'
119.3093 	EXP 	motor_cue: autoDraw = True
120.5050 	EXP 	motor_cue: autoDraw = False
120.5050 	EXP 	attempt: autoDraw = True
124.2392 	EXP 	New trial (rep=1, index=7): <Trial 17 (7 in rep 1) data={'img': 'C:\\Users\\User\\Documents\\GitHub\\real_time_bci\\stims\\left_arrow.png', 'event_label': 'LEFT_MI_STIM', 'thisN': 17, 'thisTrialN': 7, 'thisRepN': 1}>
124.2644 	EXP 	attempt: autoDraw = False
124.2644 	EXP 	attention_cross: autoDraw = True
126.2881 	EXP 	attention_cross: autoDraw = False
126.2881 	EXP 	motor_cue: image = 'C:\\Users\\User\\Documents\\GitHub\\real_time_bci\\stims\\left_arrow.png'
126.2881 	EXP 	motor_cue: autoDraw = True
127.5353 	EXP 	motor_cue: autoDraw = False
127.5353 	EXP 	attempt: autoDraw = True
131.2745 	EXP 	New trial (rep=1, index=8): <Trial 18 (8 in rep 1) data={'img': 'C:\\Users\\User\\Documents\\GitHub\\real_time_bci\\stims\\left_arrow.png', 'event_label': 'LEFT_MI_STIM', 'thisN': 18, 'thisTrialN': 8, 'thisRepN': 1}>
131.2787 	EXP 	attempt: autoDraw = False
131.2787 	EXP 	attention_cross: autoDraw = True
133.3281 	EXP 	attention_cross: autoDraw = False
133.3281 	EXP 	motor_cue: image = 'C:\\Users\\User\\Documents\\GitHub\\real_time_bci\\stims\\left_arrow.png'
133.3281 	EXP 	motor_cue: autoDraw = True
134.5308 	EXP 	motor_cue: autoDraw = False
134.5308 	EXP 	attempt: autoDraw = True
138.2688 	EXP 	New trial (rep=1, index=9): <Trial 19 (9 in rep 1) data={'img': 'C:\\Users\\User\\Documents\\GitHub\\real_time_bci\\stims\\right_arrow.png', 'event_label': 'RIGHT_MI_STIM', 'thisN': 19, 'thisTrialN': 9, 'thisRepN': 1}>
138.2721 	EXP 	attempt: autoDraw = False
138.2721 	EXP 	attempt: autoDraw = False
138.2721 	EXP 	attention_cross: autoDraw = True
140.3648 	EXP 	attention_cross: autoDraw = False
140.3648 	EXP 	attention_cross: autoDraw = False
140.3648 	EXP 	motor_cue: image = 'C:\\Users\\User\\Documents\\GitHub\\real_time_bci\\stims\\right_arrow.png'
140.3648 	EXP 	motor_cue: autoDraw = True
141.5460 	EXP 	motor_cue: autoDraw = False
141.5460 	EXP 	attempt: autoDraw = True
145.3043 	EXP 	attempt: autoDraw = False
145.3044 	EXP 	Graz: status = STOPPED
145.3364 	INFO 	saved data to 'C:\\Users\\User\\Documents\\GitHub\\real_time_bci\\data\\109386_Graz_2025-09-01_14h56.12.810.csv'
145.3372 	INFO 	saved data to C:\Users\User\Documents\GitHub\real_time_bci\data\109386_Graz_2025-09-01_14h56.12.810.psydat
145.4896 	WARNING 	Stopping key buffers but this could be dangerous ifother keyboards rely on the same.
