12.9003 	INFO 	Loaded monitor calibration from ['2025_08_24 15:35']
13.3340 	INFO 	Using renderer 'GeForce GT 730/PCIe/SSE2' for graphics
13.3341 	INFO 	OpenGL version supported by driver is 4..
13.3482 	EXP 	Created window1 = Window(allowGUI=True, allowStencil=False, autoLog=True, backendConf=UNKNOWN, backgroundFit=<method-wrapper '__getattribute__' of attributeSetter object at 0x00000224352A9B80>, backgroundImage=<method-wrapper '__getattribute__' of attributeSetter object at 0x00000224352A9FD0>, bitsMode=UNKNOWN, blendMode='avg', bpc=(8, 8, 8), color=array([1.    , 0.9843, 0.7412]), colorSpace='rgb', depthBits=8, fullscr=False, gamma=None, gammaErrorPolicy='raise', infoMsg=UNKNOWN, lms=UNKNOWN, monitor=<psychopy.monitors.calibTools.Monitor object at 0x0000022434F1C6D0>, multiSample=False, name='window1', numSamples=2, pos=[130.0, 540.0], screen=0, size=array([640, 360]), stencilBits=0, stereo=False, title='PsychoPy', units='height', useFBO=True, useRetina=False, viewOri=0.0, viewPos=None, viewScale=None, waitBlanking=True, winType='pyglet')
13.3482 	EXP 	window1: backgroundImage = ''
13.3482 	EXP 	window1: backgroundFit = 'none'
13.7432 	EXP 	window1: Attempting to measure frame rate of screen (0) ...
13.7432 	EXP 	window1: recordFrameIntervals = False
13.9782 	EXP 	window1: recordFrameIntervals = True
14.1622 	EXP 	Screen (0) actual frame rate measured at 59.81Hz
14.1622 	EXP 	window1: recordFrameIntervals = False
14.2500 	INFO 	keyboard.Keyboard is using ptb backend.
14.2500 	EXP 	Graz: status = STARTED
14.3245 	EXP 	Created attention_cross = ImageStim(__class__=<class 'psychopy.visual.image.ImageStim'>, anchor=('center', 'center'), autoLog=True, color=array([1., 1., 1.]), colorSpace='rgb', contrast=1.0, depth=0.0, draggable=False, flipHoriz=False, flipVert=False, image='stims/cross.png', interpolate=True, mask=None, maskParams=None, name='attention_cross', opacity=1, ori=0.0, pos=array([0., 0.]), size=array([0.5, 0.5]), texRes=128.0, units='height', win=Window(...))
14.3305 	EXP 	Created motor_cue = ImageStim(__class__=<class 'psychopy.visual.image.ImageStim'>, anchor=('center', 'center'), autoLog=True, color=array([1., 1., 1.]), colorSpace='rgb', contrast=1.0, depth=0.0, draggable=False, flipHoriz=False, flipVert=False, image='default.png', interpolate=True, mask=None, maskParams=None, name='motor_cue', opacity=1, ori=0.0, pos=array([0., 0.]), size=array([0.5, 0.5]), texRes=128.0, units='height', win=Window(...))
14.3770 	EXP 	Created attempt = ImageStim(__class__=<class 'psychopy.visual.image.ImageStim'>, anchor=('center', 'center'), autoLog=True, color=array([1., 1., 1.]), colorSpace='rgb', contrast=1.0, depth=0.0, draggable=False, flipHoriz=False, flipVert=False, image='stims/cross.png', interpolate=True, mask=None, maskParams=None, name='attempt', opacity=1, ori=0.0, pos=array([0., 0.]), size=array([0.5, 0.5]), texRes=128.0, units='height', win=Window(...))
14.4296 	EXP 	Created image_2 = ImageStim(__class__=<class 'psychopy.visual.image.ImageStim'>, anchor=('center', 'center'), autoLog=True, color=array([1., 1., 1.]), colorSpace='rgb', contrast=1.0, depth=-1.0, draggable=False, flipHoriz=False, flipVert=False, image='stims/rest.png', interpolate=True, mask=None, maskParams=None, name='image_2', opacity=1, ori=0.0, pos=array([0., 0.]), size=array([0.5, 0.5]), texRes=128.0, units='height', win=Window(...))
0.1002 	EXP 	Imported stims_sequence.csv as conditions, 10 conditions, 2 params
0.1006 	EXP 	New trial (rep=0, index=0): <Trial 0 (0 in rep 0) data={'img': 'C:\\Users\\User\\Documents\\GitHub\\real_time_bci\\stims\\left_arrow.png', 'event_label': 'LEFT_MI_STIM', 'thisN': 0, 'thisTrialN': 0, 'thisRepN': 0}>
3.1053 	EXP 	attention_cross: autoDraw = True
5.1431 	EXP 	attention_cross: autoDraw = False
5.1431 	EXP 	attention_cross: autoDraw = False
5.1431 	EXP 	motor_cue: image = 'C:\\Users\\User\\Documents\\GitHub\\real_time_bci\\stims\\left_arrow.png'
5.1431 	EXP 	motor_cue: autoDraw = True
6.3778 	EXP 	motor_cue: autoDraw = False
6.3778 	EXP 	attempt: autoDraw = True
10.1185 	EXP 	attempt: autoDraw = False
10.1185 	EXP 	image_2: autoDraw = True
12.1057 	EXP 	New trial (rep=0, index=1): <Trial 1 (1 in rep 0) data={'img': 'C:\\Users\\User\\Documents\\GitHub\\real_time_bci\\stims\\right_arrow.png', 'event_label': 'RIGHT_MI_STIM', 'thisN': 1, 'thisTrialN': 1, 'thisRepN': 0}>
12.1227 	EXP 	image_2: autoDraw = False
12.1227 	EXP 	attention_cross: autoDraw = True
14.1597 	EXP 	attention_cross: autoDraw = False
14.1597 	EXP 	motor_cue: image = 'C:\\Users\\User\\Documents\\GitHub\\real_time_bci\\stims\\right_arrow.png'
14.1597 	EXP 	motor_cue: autoDraw = True
15.3826 	EXP 	motor_cue: autoDraw = False
15.3826 	EXP 	attempt: autoDraw = True
19.1184 	EXP 	attempt: autoDraw = False
19.1184 	EXP 	image_2: autoDraw = True
21.1058 	EXP 	New trial (rep=0, index=2): <Trial 2 (2 in rep 0) data={'img': 'C:\\Users\\User\\Documents\\GitHub\\real_time_bci\\stims\\right_arrow.png', 'event_label': 'RIGHT_MI_STIM', 'thisN': 2, 'thisTrialN': 2, 'thisRepN': 0}>
21.1219 	EXP 	image_2: autoDraw = False
21.1219 	EXP 	attention_cross: autoDraw = True
23.1598 	EXP 	attention_cross: autoDraw = False
23.1598 	EXP 	motor_cue: image = 'C:\\Users\\User\\Documents\\GitHub\\real_time_bci\\stims\\right_arrow.png'
23.1598 	EXP 	motor_cue: autoDraw = True
24.3775 	EXP 	motor_cue: autoDraw = False
24.3775 	EXP 	attempt: autoDraw = True
28.1180 	EXP 	attempt: autoDraw = False
28.1180 	EXP 	image_2: autoDraw = True
30.1131 	EXP 	New trial (rep=0, index=3): <Trial 3 (3 in rep 0) data={'img': 'C:\\Users\\User\\Documents\\GitHub\\real_time_bci\\stims\\right_arrow.png', 'event_label': 'RIGHT_MI_STIM', 'thisN': 3, 'thisTrialN': 3, 'thisRepN': 0}>
30.1231 	EXP 	image_2: autoDraw = False
30.1231 	EXP 	attention_cross: autoDraw = True
32.1591 	EXP 	attention_cross: autoDraw = False
32.1591 	EXP 	motor_cue: image = 'C:\\Users\\User\\Documents\\GitHub\\real_time_bci\\stims\\right_arrow.png'
32.1591 	EXP 	motor_cue: autoDraw = True
33.3771 	EXP 	motor_cue: autoDraw = False
33.3771 	EXP 	attempt: autoDraw = True
37.1178 	EXP 	attempt: autoDraw = False
37.1178 	EXP 	image_2: autoDraw = True
39.1051 	EXP 	New trial (rep=0, index=4): <Trial 4 (4 in rep 0) data={'img': 'C:\\Users\\User\\Documents\\GitHub\\real_time_bci\\stims\\left_arrow.png', 'event_label': 'LEFT_MI_STIM', 'thisN': 4, 'thisTrialN': 4, 'thisRepN': 0}>
39.1249 	EXP 	image_2: autoDraw = False
39.1249 	EXP 	attention_cross: autoDraw = True
41.1596 	EXP 	attention_cross: autoDraw = False
41.1596 	EXP 	motor_cue: image = 'C:\\Users\\User\\Documents\\GitHub\\real_time_bci\\stims\\left_arrow.png'
41.1596 	EXP 	motor_cue: autoDraw = True
42.3607 	EXP 	motor_cue: autoDraw = False
42.3607 	EXP 	attempt: autoDraw = True
46.1186 	EXP 	attempt: autoDraw = False
46.1186 	EXP 	image_2: autoDraw = True
48.1045 	EXP 	New trial (rep=0, index=5): <Trial 5 (5 in rep 0) data={'img': 'C:\\Users\\User\\Documents\\GitHub\\real_time_bci\\stims\\left_arrow.png', 'event_label': 'LEFT_MI_STIM', 'thisN': 5, 'thisTrialN': 5, 'thisRepN': 0}>
48.1216 	EXP 	image_2: autoDraw = False
48.1216 	EXP 	attention_cross: autoDraw = True
50.1584 	EXP 	attention_cross: autoDraw = False
50.1584 	EXP 	motor_cue: image = 'C:\\Users\\User\\Documents\\GitHub\\real_time_bci\\stims\\left_arrow.png'
50.1584 	EXP 	motor_cue: autoDraw = True
51.3799 	EXP 	motor_cue: autoDraw = False
51.3799 	EXP 	attempt: autoDraw = True
55.1194 	EXP 	attempt: autoDraw = False
55.1194 	EXP 	image_2: autoDraw = True
57.1041 	EXP 	New trial (rep=0, index=6): <Trial 6 (6 in rep 0) data={'img': 'C:\\Users\\User\\Documents\\GitHub\\real_time_bci\\stims\\left_arrow.png', 'event_label': 'LEFT_MI_STIM', 'thisN': 6, 'thisTrialN': 6, 'thisRepN': 0}>
57.1205 	EXP 	image_2: autoDraw = False
57.1205 	EXP 	attention_cross: autoDraw = True
59.1587 	EXP 	attention_cross: autoDraw = False
59.1587 	EXP 	motor_cue: image = 'C:\\Users\\User\\Documents\\GitHub\\real_time_bci\\stims\\left_arrow.png'
59.1587 	EXP 	motor_cue: autoDraw = True
60.3766 	EXP 	motor_cue: autoDraw = False
60.3766 	EXP 	attempt: autoDraw = True
64.1169 	EXP 	attempt: autoDraw = False
64.1169 	EXP 	image_2: autoDraw = True
66.1044 	EXP 	New trial (rep=0, index=7): <Trial 7 (7 in rep 0) data={'img': 'C:\\Users\\User\\Documents\\GitHub\\real_time_bci\\stims\\right_arrow.png', 'event_label': 'RIGHT_MI_STIM', 'thisN': 7, 'thisTrialN': 7, 'thisRepN': 0}>
66.1206 	EXP 	image_2: autoDraw = False
66.1206 	EXP 	attention_cross: autoDraw = True
68.1585 	EXP 	attention_cross: autoDraw = False
68.1585 	EXP 	motor_cue: image = 'C:\\Users\\User\\Documents\\GitHub\\real_time_bci\\stims\\right_arrow.png'
68.1585 	EXP 	motor_cue: autoDraw = True
69.3812 	EXP 	motor_cue: autoDraw = False
69.3812 	EXP 	attempt: autoDraw = True
73.1169 	EXP 	attempt: autoDraw = False
73.1169 	EXP 	image_2: autoDraw = True
75.1039 	EXP 	New trial (rep=0, index=8): <Trial 8 (8 in rep 0) data={'img': 'C:\\Users\\User\\Documents\\GitHub\\real_time_bci\\stims\\right_arrow.png', 'event_label': 'RIGHT_MI_STIM', 'thisN': 8, 'thisTrialN': 8, 'thisRepN': 0}>
75.1208 	EXP 	image_2: autoDraw = False
75.1208 	EXP 	attention_cross: autoDraw = True
77.1577 	EXP 	attention_cross: autoDraw = False
77.1577 	EXP 	motor_cue: image = 'C:\\Users\\User\\Documents\\GitHub\\real_time_bci\\stims\\right_arrow.png'
77.1577 	EXP 	motor_cue: autoDraw = True
78.3765 	EXP 	motor_cue: autoDraw = False
78.3765 	EXP 	attempt: autoDraw = True
82.1168 	EXP 	attempt: autoDraw = False
82.1168 	EXP 	image_2: autoDraw = True
84.1039 	EXP 	New trial (rep=0, index=9): <Trial 9 (9 in rep 0) data={'img': 'C:\\Users\\User\\Documents\\GitHub\\real_time_bci\\stims\\left_arrow.png', 'event_label': 'LEFT_MI_STIM', 'thisN': 9, 'thisTrialN': 9, 'thisRepN': 0}>
84.1228 	EXP 	image_2: autoDraw = False
84.1228 	EXP 	attention_cross: autoDraw = True
86.1575 	EXP 	attention_cross: autoDraw = False
86.1575 	EXP 	motor_cue: image = 'C:\\Users\\User\\Documents\\GitHub\\real_time_bci\\stims\\left_arrow.png'
86.1575 	EXP 	motor_cue: autoDraw = True
87.3792 	EXP 	motor_cue: autoDraw = False
87.3792 	EXP 	attempt: autoDraw = True
91.1163 	EXP 	attempt: autoDraw = False
91.1163 	EXP 	image_2: autoDraw = True
93.1030 	EXP 	New trial (rep=1, index=0): <Trial 10 (0 in rep 1) data={'img': 'C:\\Users\\User\\Documents\\GitHub\\real_time_bci\\stims\\left_arrow.png', 'event_label': 'LEFT_MI_STIM', 'thisN': 10, 'thisTrialN': 0, 'thisRepN': 1}>
93.1198 	EXP 	image_2: autoDraw = False
93.1198 	EXP 	attention_cross: autoDraw = True
95.1572 	EXP 	attention_cross: autoDraw = False
95.1572 	EXP 	motor_cue: image = 'C:\\Users\\User\\Documents\\GitHub\\real_time_bci\\stims\\left_arrow.png'
95.1572 	EXP 	motor_cue: autoDraw = True
96.3757 	EXP 	motor_cue: autoDraw = False
96.3757 	EXP 	attempt: autoDraw = True
100.1158 	EXP 	attempt: autoDraw = False
100.1158 	EXP 	image_2: autoDraw = True
102.1044 	EXP 	New trial (rep=1, index=1): <Trial 11 (1 in rep 1) data={'img': 'C:\\Users\\User\\Documents\\GitHub\\real_time_bci\\stims\\left_arrow.png', 'event_label': 'LEFT_MI_STIM', 'thisN': 11, 'thisTrialN': 1, 'thisRepN': 1}>
102.1195 	EXP 	image_2: autoDraw = False
102.1195 	EXP 	attention_cross: autoDraw = True
104.1572 	EXP 	attention_cross: autoDraw = False
104.1572 	EXP 	motor_cue: image = 'C:\\Users\\User\\Documents\\GitHub\\real_time_bci\\stims\\left_arrow.png'
104.1572 	EXP 	motor_cue: autoDraw = True
105.3762 	EXP 	motor_cue: autoDraw = False
105.3762 	EXP 	attempt: autoDraw = True
109.1163 	EXP 	attempt: autoDraw = False
109.1163 	EXP 	image_2: autoDraw = True
111.1034 	EXP 	New trial (rep=1, index=2): <Trial 12 (2 in rep 1) data={'img': 'C:\\Users\\User\\Documents\\GitHub\\real_time_bci\\stims\\left_arrow.png', 'event_label': 'LEFT_MI_STIM', 'thisN': 12, 'thisTrialN': 2, 'thisRepN': 1}>
111.1192 	EXP 	image_2: autoDraw = False
111.1192 	EXP 	attention_cross: autoDraw = True
113.1568 	EXP 	attention_cross: autoDraw = False
113.1568 	EXP 	motor_cue: image = 'C:\\Users\\User\\Documents\\GitHub\\real_time_bci\\stims\\left_arrow.png'
113.1568 	EXP 	motor_cue: autoDraw = True
114.3753 	EXP 	motor_cue: autoDraw = False
114.3753 	EXP 	attempt: autoDraw = True
118.1157 	EXP 	attempt: autoDraw = False
118.1157 	EXP 	image_2: autoDraw = True
120.1061 	EXP 	New trial (rep=1, index=3): <Trial 13 (3 in rep 1) data={'img': 'C:\\Users\\User\\Documents\\GitHub\\real_time_bci\\stims\\left_arrow.png', 'event_label': 'LEFT_MI_STIM', 'thisN': 13, 'thisTrialN': 3, 'thisRepN': 1}>
120.1224 	EXP 	image_2: autoDraw = False
120.1224 	EXP 	attention_cross: autoDraw = True
122.1571 	EXP 	attention_cross: autoDraw = False
122.1571 	EXP 	motor_cue: image = 'C:\\Users\\User\\Documents\\GitHub\\real_time_bci\\stims\\left_arrow.png'
122.1571 	EXP 	motor_cue: autoDraw = True
123.3774 	EXP 	motor_cue: autoDraw = False
123.3774 	EXP 	attempt: autoDraw = True
127.1183 	EXP 	attempt: autoDraw = False
127.1183 	EXP 	image_2: autoDraw = True
129.1040 	EXP 	New trial (rep=1, index=4): <Trial 14 (4 in rep 1) data={'img': 'C:\\Users\\User\\Documents\\GitHub\\real_time_bci\\stims\\right_arrow.png', 'event_label': 'RIGHT_MI_STIM', 'thisN': 14, 'thisTrialN': 4, 'thisRepN': 1}>
129.1246 	EXP 	image_2: autoDraw = False
129.1246 	EXP 	attention_cross: autoDraw = True
131.1564 	EXP 	attention_cross: autoDraw = False
131.1564 	EXP 	motor_cue: image = 'C:\\Users\\User\\Documents\\GitHub\\real_time_bci\\stims\\right_arrow.png'
131.1564 	EXP 	motor_cue: autoDraw = True
132.3746 	EXP 	motor_cue: autoDraw = False
132.3746 	EXP 	attempt: autoDraw = True
136.1150 	EXP 	attempt: autoDraw = False
136.1150 	EXP 	image_2: autoDraw = True
138.1032 	EXP 	New trial (rep=1, index=5): <Trial 15 (5 in rep 1) data={'img': 'C:\\Users\\User\\Documents\\GitHub\\real_time_bci\\stims\\right_arrow.png', 'event_label': 'RIGHT_MI_STIM', 'thisN': 15, 'thisTrialN': 5, 'thisRepN': 1}>
138.1201 	EXP 	image_2: autoDraw = False
138.1201 	EXP 	attention_cross: autoDraw = True
140.1566 	EXP 	attention_cross: autoDraw = False
140.1566 	EXP 	motor_cue: image = 'C:\\Users\\User\\Documents\\GitHub\\real_time_bci\\stims\\right_arrow.png'
140.1566 	EXP 	motor_cue: autoDraw = True
141.3744 	EXP 	motor_cue: autoDraw = False
141.3744 	EXP 	attempt: autoDraw = True
145.1153 	EXP 	attempt: autoDraw = False
145.1153 	EXP 	image_2: autoDraw = True
147.1019 	EXP 	New trial (rep=1, index=6): <Trial 16 (6 in rep 1) data={'img': 'C:\\Users\\User\\Documents\\GitHub\\real_time_bci\\stims\\left_arrow.png', 'event_label': 'LEFT_MI_STIM', 'thisN': 16, 'thisTrialN': 6, 'thisRepN': 1}>
147.1182 	EXP 	image_2: autoDraw = False
147.1182 	EXP 	attention_cross: autoDraw = True
149.1564 	EXP 	attention_cross: autoDraw = False
149.1564 	EXP 	motor_cue: image = 'C:\\Users\\User\\Documents\\GitHub\\real_time_bci\\stims\\left_arrow.png'
149.1564 	EXP 	motor_cue: autoDraw = True
150.3745 	EXP 	motor_cue: autoDraw = False
150.3745 	EXP 	attempt: autoDraw = True
154.1146 	EXP 	attempt: autoDraw = False
154.1146 	EXP 	image_2: autoDraw = True
156.1047 	EXP 	New trial (rep=1, index=7): <Trial 17 (7 in rep 1) data={'img': 'C:\\Users\\User\\Documents\\GitHub\\real_time_bci\\stims\\right_arrow.png', 'event_label': 'RIGHT_MI_STIM', 'thisN': 17, 'thisTrialN': 7, 'thisRepN': 1}>
156.1198 	EXP 	image_2: autoDraw = False
156.1198 	EXP 	attention_cross: autoDraw = True
158.1567 	EXP 	attention_cross: autoDraw = False
158.1567 	EXP 	motor_cue: image = 'C:\\Users\\User\\Documents\\GitHub\\real_time_bci\\stims\\right_arrow.png'
158.1567 	EXP 	motor_cue: autoDraw = True
159.3745 	EXP 	motor_cue: autoDraw = False
159.3745 	EXP 	attempt: autoDraw = True
163.1141 	EXP 	attempt: autoDraw = False
163.1141 	EXP 	image_2: autoDraw = True
165.1015 	EXP 	New trial (rep=1, index=8): <Trial 18 (8 in rep 1) data={'img': 'C:\\Users\\User\\Documents\\GitHub\\real_time_bci\\stims\\right_arrow.png', 'event_label': 'RIGHT_MI_STIM', 'thisN': 18, 'thisTrialN': 8, 'thisRepN': 1}>
165.1185 	EXP 	image_2: autoDraw = False
165.1185 	EXP 	attention_cross: autoDraw = True
167.1559 	EXP 	attention_cross: autoDraw = False
167.1559 	EXP 	motor_cue: image = 'C:\\Users\\User\\Documents\\GitHub\\real_time_bci\\stims\\right_arrow.png'
167.1559 	EXP 	motor_cue: autoDraw = True
168.3738 	EXP 	motor_cue: autoDraw = False
168.3738 	EXP 	attempt: autoDraw = True
172.1155 	EXP 	attempt: autoDraw = False
172.1155 	EXP 	image_2: autoDraw = True
174.1022 	EXP 	New trial (rep=1, index=9): <Trial 19 (9 in rep 1) data={'img': 'C:\\Users\\User\\Documents\\GitHub\\real_time_bci\\stims\\right_arrow.png', 'event_label': 'RIGHT_MI_STIM', 'thisN': 19, 'thisTrialN': 9, 'thisRepN': 1}>
174.1179 	EXP 	image_2: autoDraw = False
174.1179 	EXP 	attention_cross: autoDraw = True
176.1552 	EXP 	attention_cross: autoDraw = False
176.1552 	EXP 	motor_cue: image = 'C:\\Users\\User\\Documents\\GitHub\\real_time_bci\\stims\\right_arrow.png'
176.1552 	EXP 	motor_cue: autoDraw = True
177.3736 	EXP 	motor_cue: autoDraw = False
177.3736 	EXP 	attempt: autoDraw = True
181.1144 	EXP 	attempt: autoDraw = False
181.1144 	EXP 	image_2: autoDraw = True
183.1009 	EXP 	New trial (rep=2, index=0): <Trial 20 (0 in rep 2) data={'img': 'C:\\Users\\User\\Documents\\GitHub\\real_time_bci\\stims\\left_arrow.png', 'event_label': 'LEFT_MI_STIM', 'thisN': 20, 'thisTrialN': 0, 'thisRepN': 2}>
183.1179 	EXP 	image_2: autoDraw = False
183.1179 	EXP 	attention_cross: autoDraw = True
185.1555 	EXP 	attention_cross: autoDraw = False
185.1555 	EXP 	motor_cue: image = 'C:\\Users\\User\\Documents\\GitHub\\real_time_bci\\stims\\left_arrow.png'
185.1555 	EXP 	motor_cue: autoDraw = True
186.3768 	EXP 	motor_cue: autoDraw = False
186.3768 	EXP 	attempt: autoDraw = True
190.1139 	EXP 	attempt: autoDraw = False
190.1139 	EXP 	image_2: autoDraw = True
192.1005 	EXP 	New trial (rep=2, index=1): <Trial 21 (1 in rep 2) data={'img': 'C:\\Users\\User\\Documents\\GitHub\\real_time_bci\\stims\\left_arrow.png', 'event_label': 'LEFT_MI_STIM', 'thisN': 21, 'thisTrialN': 1, 'thisRepN': 2}>
192.1168 	EXP 	image_2: autoDraw = False
192.1168 	EXP 	attention_cross: autoDraw = True
194.1552 	EXP 	attention_cross: autoDraw = False
194.1552 	EXP 	motor_cue: image = 'C:\\Users\\User\\Documents\\GitHub\\real_time_bci\\stims\\left_arrow.png'
194.1552 	EXP 	motor_cue: autoDraw = True
195.3735 	EXP 	motor_cue: autoDraw = False
195.3735 	EXP 	attempt: autoDraw = True
199.1145 	EXP 	attempt: autoDraw = False
199.1145 	EXP 	image_2: autoDraw = True
201.1008 	EXP 	New trial (rep=2, index=2): <Trial 22 (2 in rep 2) data={'img': 'C:\\Users\\User\\Documents\\GitHub\\real_time_bci\\stims\\left_arrow.png', 'event_label': 'LEFT_MI_STIM', 'thisN': 22, 'thisTrialN': 2, 'thisRepN': 2}>
201.1203 	EXP 	image_2: autoDraw = False
201.1203 	EXP 	attention_cross: autoDraw = True
203.1880 	EXP 	attention_cross: autoDraw = False
203.1880 	EXP 	motor_cue: image = 'C:\\Users\\User\\Documents\\GitHub\\real_time_bci\\stims\\left_arrow.png'
203.1880 	EXP 	motor_cue: autoDraw = True
204.3756 	EXP 	motor_cue: autoDraw = False
204.3756 	EXP 	attempt: autoDraw = True
208.1134 	EXP 	attempt: autoDraw = False
208.1134 	EXP 	image_2: autoDraw = True
210.1049 	EXP 	New trial (rep=2, index=3): <Trial 23 (3 in rep 2) data={'img': 'C:\\Users\\User\\Documents\\GitHub\\real_time_bci\\stims\\right_arrow.png', 'event_label': 'RIGHT_MI_STIM', 'thisN': 23, 'thisTrialN': 3, 'thisRepN': 2}>
210.1166 	EXP 	image_2: autoDraw = False
210.1166 	EXP 	attention_cross: autoDraw = True
212.1542 	EXP 	attention_cross: autoDraw = False
212.1542 	EXP 	motor_cue: image = 'C:\\Users\\User\\Documents\\GitHub\\real_time_bci\\stims\\right_arrow.png'
212.1542 	EXP 	motor_cue: autoDraw = True
213.3725 	EXP 	motor_cue: autoDraw = False
213.3725 	EXP 	attempt: autoDraw = True
217.1141 	EXP 	attempt: autoDraw = False
217.1141 	EXP 	image_2: autoDraw = True
219.0996 	EXP 	New trial (rep=2, index=4): <Trial 24 (4 in rep 2) data={'img': 'C:\\Users\\User\\Documents\\GitHub\\real_time_bci\\stims\\left_arrow.png', 'event_label': 'LEFT_MI_STIM', 'thisN': 24, 'thisTrialN': 4, 'thisRepN': 2}>
219.1170 	EXP 	image_2: autoDraw = False
219.1170 	EXP 	attention_cross: autoDraw = True
221.1882 	EXP 	attention_cross: autoDraw = False
221.1882 	EXP 	motor_cue: image = 'C:\\Users\\User\\Documents\\GitHub\\real_time_bci\\stims\\left_arrow.png'
221.1882 	EXP 	motor_cue: autoDraw = True
222.3728 	EXP 	motor_cue: autoDraw = False
222.3728 	EXP 	attempt: autoDraw = True
226.1141 	EXP 	attempt: autoDraw = False
226.1141 	EXP 	image_2: autoDraw = True
228.0998 	EXP 	New trial (rep=2, index=5): <Trial 25 (5 in rep 2) data={'img': 'C:\\Users\\User\\Documents\\GitHub\\real_time_bci\\stims\\right_arrow.png', 'event_label': 'RIGHT_MI_STIM', 'thisN': 25, 'thisTrialN': 5, 'thisRepN': 2}>
228.1165 	EXP 	image_2: autoDraw = False
228.1165 	EXP 	attention_cross: autoDraw = True
230.1546 	EXP 	attention_cross: autoDraw = False
230.1546 	EXP 	motor_cue: image = 'C:\\Users\\User\\Documents\\GitHub\\real_time_bci\\stims\\right_arrow.png'
230.1546 	EXP 	motor_cue: autoDraw = True
231.3727 	EXP 	motor_cue: autoDraw = False
231.3727 	EXP 	attempt: autoDraw = True
235.1292 	EXP 	attempt: autoDraw = False
235.1292 	EXP 	image_2: autoDraw = True
237.1001 	EXP 	New trial (rep=2, index=6): <Trial 26 (6 in rep 2) data={'img': 'C:\\Users\\User\\Documents\\GitHub\\real_time_bci\\stims\\right_arrow.png', 'event_label': 'RIGHT_MI_STIM', 'thisN': 26, 'thisTrialN': 6, 'thisRepN': 2}>
237.1193 	EXP 	image_2: autoDraw = False
237.1193 	EXP 	attention_cross: autoDraw = True
239.1713 	EXP 	attention_cross: autoDraw = False
239.1713 	EXP 	motor_cue: image = 'C:\\Users\\User\\Documents\\GitHub\\real_time_bci\\stims\\right_arrow.png'
239.1713 	EXP 	motor_cue: autoDraw = True
240.3728 	EXP 	motor_cue: autoDraw = False
240.3728 	EXP 	attempt: autoDraw = True
244.1305 	EXP 	attempt: autoDraw = False
244.1305 	EXP 	image_2: autoDraw = True
246.0995 	EXP 	New trial (rep=2, index=7): <Trial 27 (7 in rep 2) data={'img': 'C:\\Users\\User\\Documents\\GitHub\\real_time_bci\\stims\\left_arrow.png', 'event_label': 'LEFT_MI_STIM', 'thisN': 27, 'thisTrialN': 7, 'thisRepN': 2}>
246.1159 	EXP 	image_2: autoDraw = False
246.1159 	EXP 	attention_cross: autoDraw = True
248.1534 	EXP 	attention_cross: autoDraw = False
248.1534 	EXP 	motor_cue: image = 'C:\\Users\\User\\Documents\\GitHub\\real_time_bci\\stims\\left_arrow.png'
248.1534 	EXP 	motor_cue: autoDraw = True
249.3724 	EXP 	motor_cue: autoDraw = False
249.3724 	EXP 	attempt: autoDraw = True
253.1298 	EXP 	attempt: autoDraw = False
253.1298 	EXP 	image_2: autoDraw = True
255.0993 	EXP 	New trial (rep=2, index=8): <Trial 28 (8 in rep 2) data={'img': 'C:\\Users\\User\\Documents\\GitHub\\real_time_bci\\stims\\right_arrow.png', 'event_label': 'RIGHT_MI_STIM', 'thisN': 28, 'thisTrialN': 8, 'thisRepN': 2}>
255.1161 	EXP 	image_2: autoDraw = False
255.1161 	EXP 	attention_cross: autoDraw = True
257.1532 	EXP 	attention_cross: autoDraw = False
257.1532 	EXP 	motor_cue: image = 'C:\\Users\\User\\Documents\\GitHub\\real_time_bci\\stims\\right_arrow.png'
257.1532 	EXP 	motor_cue: autoDraw = True
258.3719 	EXP 	motor_cue: autoDraw = False
258.3719 	EXP 	attempt: autoDraw = True
262.1119 	EXP 	attempt: autoDraw = False
262.1119 	EXP 	image_2: autoDraw = True
264.0989 	EXP 	New trial (rep=2, index=9): <Trial 29 (9 in rep 2) data={'img': 'C:\\Users\\User\\Documents\\GitHub\\real_time_bci\\stims\\right_arrow.png', 'event_label': 'RIGHT_MI_STIM', 'thisN': 29, 'thisTrialN': 9, 'thisRepN': 2}>
264.1153 	EXP 	image_2: autoDraw = False
264.1153 	EXP 	attention_cross: autoDraw = True
266.1528 	EXP 	attention_cross: autoDraw = False
266.1528 	EXP 	motor_cue: image = 'C:\\Users\\User\\Documents\\GitHub\\real_time_bci\\stims\\right_arrow.png'
266.1528 	EXP 	motor_cue: autoDraw = True
267.3715 	EXP 	motor_cue: autoDraw = False
267.3715 	EXP 	attempt: autoDraw = True
271.1290 	EXP 	attempt: autoDraw = False
271.1290 	EXP 	image_2: autoDraw = True
273.0987 	EXP 	New trial (rep=3, index=0): <Trial 30 (0 in rep 3) data={'img': 'C:\\Users\\User\\Documents\\GitHub\\real_time_bci\\stims\\left_arrow.png', 'event_label': 'LEFT_MI_STIM', 'thisN': 30, 'thisTrialN': 0, 'thisRepN': 3}>
273.1152 	EXP 	image_2: autoDraw = False
273.1152 	EXP 	attention_cross: autoDraw = True
275.1529 	EXP 	attention_cross: autoDraw = False
275.1529 	EXP 	motor_cue: image = 'C:\\Users\\User\\Documents\\GitHub\\real_time_bci\\stims\\left_arrow.png'
275.1529 	EXP 	motor_cue: autoDraw = True
276.3711 	EXP 	motor_cue: autoDraw = False
276.3711 	EXP 	attempt: autoDraw = True
280.1282 	EXP 	attempt: autoDraw = False
280.1282 	EXP 	image_2: autoDraw = True
282.0983 	EXP 	New trial (rep=3, index=1): <Trial 31 (1 in rep 3) data={'img': 'C:\\Users\\User\\Documents\\GitHub\\real_time_bci\\stims\\left_arrow.png', 'event_label': 'LEFT_MI_STIM', 'thisN': 31, 'thisTrialN': 1, 'thisRepN': 3}>
282.1151 	EXP 	image_2: autoDraw = False
282.1151 	EXP 	attention_cross: autoDraw = True
284.1530 	EXP 	attention_cross: autoDraw = False
284.1530 	EXP 	motor_cue: image = 'C:\\Users\\User\\Documents\\GitHub\\real_time_bci\\stims\\left_arrow.png'
284.1530 	EXP 	motor_cue: autoDraw = True
285.3713 	EXP 	motor_cue: autoDraw = False
285.3713 	EXP 	attempt: autoDraw = True
289.1276 	EXP 	attempt: autoDraw = False
289.1276 	EXP 	image_2: autoDraw = True
291.1000 	EXP 	New trial (rep=3, index=2): <Trial 32 (2 in rep 3) data={'img': 'C:\\Users\\User\\Documents\\GitHub\\real_time_bci\\stims\\left_arrow.png', 'event_label': 'LEFT_MI_STIM', 'thisN': 32, 'thisTrialN': 2, 'thisRepN': 3}>
291.1151 	EXP 	image_2: autoDraw = False
291.1151 	EXP 	attention_cross: autoDraw = True
293.1522 	EXP 	attention_cross: autoDraw = False
293.1522 	EXP 	motor_cue: image = 'C:\\Users\\User\\Documents\\GitHub\\real_time_bci\\stims\\left_arrow.png'
293.1522 	EXP 	motor_cue: autoDraw = True
294.3739 	EXP 	motor_cue: autoDraw = False
294.3739 	EXP 	attempt: autoDraw = True
298.1290 	EXP 	attempt: autoDraw = False
298.1290 	EXP 	image_2: autoDraw = True
300.0980 	EXP 	New trial (rep=3, index=3): <Trial 33 (3 in rep 3) data={'img': 'C:\\Users\\User\\Documents\\GitHub\\real_time_bci\\stims\\right_arrow.png', 'event_label': 'RIGHT_MI_STIM', 'thisN': 33, 'thisTrialN': 3, 'thisRepN': 3}>
300.1143 	EXP 	image_2: autoDraw = False
300.1143 	EXP 	attention_cross: autoDraw = True
302.1525 	EXP 	attention_cross: autoDraw = False
302.1525 	EXP 	motor_cue: image = 'C:\\Users\\User\\Documents\\GitHub\\real_time_bci\\stims\\right_arrow.png'
302.1525 	EXP 	motor_cue: autoDraw = True
303.3712 	EXP 	motor_cue: autoDraw = False
303.3712 	EXP 	attempt: autoDraw = True
307.1274 	EXP 	attempt: autoDraw = False
307.1274 	EXP 	image_2: autoDraw = True
309.0976 	EXP 	New trial (rep=3, index=4): <Trial 34 (4 in rep 3) data={'img': 'C:\\Users\\User\\Documents\\GitHub\\real_time_bci\\stims\\right_arrow.png', 'event_label': 'RIGHT_MI_STIM', 'thisN': 34, 'thisTrialN': 4, 'thisRepN': 3}>
309.1149 	EXP 	image_2: autoDraw = False
309.1149 	EXP 	attention_cross: autoDraw = True
311.1524 	EXP 	attention_cross: autoDraw = False
311.1524 	EXP 	motor_cue: image = 'C:\\Users\\User\\Documents\\GitHub\\real_time_bci\\stims\\right_arrow.png'
311.1524 	EXP 	motor_cue: autoDraw = True
312.3753 	EXP 	motor_cue: autoDraw = False
312.3753 	EXP 	attempt: autoDraw = True
316.1299 	EXP 	attempt: autoDraw = False
316.1299 	EXP 	image_2: autoDraw = True
318.1010 	EXP 	New trial (rep=3, index=5): <Trial 35 (5 in rep 3) data={'img': 'C:\\Users\\User\\Documents\\GitHub\\real_time_bci\\stims\\left_arrow.png', 'event_label': 'LEFT_MI_STIM', 'thisN': 35, 'thisTrialN': 5, 'thisRepN': 3}>
318.1144 	EXP 	image_2: autoDraw = False
318.1144 	EXP 	attention_cross: autoDraw = True
320.1516 	EXP 	attention_cross: autoDraw = False
320.1516 	EXP 	motor_cue: image = 'C:\\Users\\User\\Documents\\GitHub\\real_time_bci\\stims\\left_arrow.png'
320.1516 	EXP 	motor_cue: autoDraw = True
321.3704 	EXP 	motor_cue: autoDraw = False
321.3704 	EXP 	attempt: autoDraw = True
325.1276 	EXP 	attempt: autoDraw = False
325.1276 	EXP 	image_2: autoDraw = True
327.0973 	EXP 	New trial (rep=3, index=6): <Trial 36 (6 in rep 3) data={'img': 'C:\\Users\\User\\Documents\\GitHub\\real_time_bci\\stims\\right_arrow.png', 'event_label': 'RIGHT_MI_STIM', 'thisN': 36, 'thisTrialN': 6, 'thisRepN': 3}>
327.1143 	EXP 	image_2: autoDraw = False
327.1143 	EXP 	attention_cross: autoDraw = True
329.1518 	EXP 	attention_cross: autoDraw = False
329.1518 	EXP 	motor_cue: image = 'C:\\Users\\User\\Documents\\GitHub\\real_time_bci\\stims\\right_arrow.png'
329.1518 	EXP 	motor_cue: autoDraw = True
330.3701 	EXP 	motor_cue: autoDraw = False
330.3701 	EXP 	attempt: autoDraw = True
334.1265 	EXP 	attempt: autoDraw = False
334.1265 	EXP 	image_2: autoDraw = True
336.0975 	EXP 	New trial (rep=3, index=7): <Trial 37 (7 in rep 3) data={'img': 'C:\\Users\\User\\Documents\\GitHub\\real_time_bci\\stims\\right_arrow.png', 'event_label': 'RIGHT_MI_STIM', 'thisN': 37, 'thisTrialN': 7, 'thisRepN': 3}>
336.1140 	EXP 	image_2: autoDraw = False
336.1140 	EXP 	attention_cross: autoDraw = True
338.1511 	EXP 	attention_cross: autoDraw = False
338.1511 	EXP 	motor_cue: image = 'C:\\Users\\User\\Documents\\GitHub\\real_time_bci\\stims\\right_arrow.png'
338.1511 	EXP 	motor_cue: autoDraw = True
339.3698 	EXP 	motor_cue: autoDraw = False
339.3698 	EXP 	attempt: autoDraw = True
343.1298 	EXP 	attempt: autoDraw = False
343.1298 	EXP 	image_2: autoDraw = True
345.0973 	EXP 	New trial (rep=3, index=8): <Trial 38 (8 in rep 3) data={'img': 'C:\\Users\\User\\Documents\\GitHub\\real_time_bci\\stims\\right_arrow.png', 'event_label': 'RIGHT_MI_STIM', 'thisN': 38, 'thisTrialN': 8, 'thisRepN': 3}>
345.1136 	EXP 	image_2: autoDraw = False
345.1136 	EXP 	attention_cross: autoDraw = True
347.1517 	EXP 	attention_cross: autoDraw = False
347.1517 	EXP 	motor_cue: image = 'C:\\Users\\User\\Documents\\GitHub\\real_time_bci\\stims\\right_arrow.png'
347.1517 	EXP 	motor_cue: autoDraw = True
348.3694 	EXP 	motor_cue: autoDraw = False
348.3694 	EXP 	attempt: autoDraw = True
352.1095 	EXP 	attempt: autoDraw = False
352.1095 	EXP 	image_2: autoDraw = True
354.0967 	EXP 	New trial (rep=3, index=9): <Trial 39 (9 in rep 3) data={'img': 'C:\\Users\\User\\Documents\\GitHub\\real_time_bci\\stims\\left_arrow.png', 'event_label': 'LEFT_MI_STIM', 'thisN': 39, 'thisTrialN': 9, 'thisRepN': 3}>
354.1140 	EXP 	image_2: autoDraw = False
354.1140 	EXP 	attention_cross: autoDraw = True
356.1512 	EXP 	attention_cross: autoDraw = False
356.1512 	EXP 	motor_cue: image = 'C:\\Users\\User\\Documents\\GitHub\\real_time_bci\\stims\\left_arrow.png'
356.1512 	EXP 	motor_cue: autoDraw = True
357.3693 	EXP 	motor_cue: autoDraw = False
357.3693 	EXP 	attempt: autoDraw = True
361.1263 	EXP 	attempt: autoDraw = False
361.1263 	EXP 	image_2: autoDraw = True
363.1298 	EXP 	image_2: autoDraw = False
363.1299 	EXP 	Graz: status = STOPPED
363.1673 	INFO 	saved data to 'C:\\Users\\User\\Documents\\GitHub\\real_time_bci\\data\\121053_Graz_2025-10-16_17h16.38.971.csv'
363.1681 	INFO 	saved data to C:\Users\User\Documents\GitHub\real_time_bci\data\121053_Graz_2025-10-16_17h16.38.971.psydat
363.2971 	WARNING 	Stopping key buffers but this could be dangerous ifother keyboards rely on the same.
