15.5283 	INFO 	Loaded monitor calibration from ['2025_08_24 15:35']
15.6649 	WARNING 	User requested fullscreen with size [1024  768], but screen is actually [900, 1440]. Using actual size
15.9944 	INFO 	Using renderer 'GeForce GT 730/PCIe/SSE2' for graphics
15.9944 	INFO 	OpenGL version supported by driver is 4..
16.0076 	EXP 	Created window1 = Window(allowGUI=False, allowStencil=False, autoLog=True, backendConf=UNKNOWN, backgroundFit=<method-wrapper '__getattribute__' of attributeSetter object at 0x000001C55EEC6B80>, backgroundImage=<method-wrapper '__getattribute__' of attributeSetter object at 0x000001C55EEC6FD0>, bitsMode=UNKNOWN, blendMode='avg', bpc=(8, 8, 8), color=array([0, 0, 0]), colorSpace='rgb', depthBits=8, fullscr=True, gamma=None, gammaErrorPolicy='raise', infoMsg=UNKNOWN, lms=UNKNOWN, monitor=<psychopy.monitors.calibTools.Monitor object at 0x000001C55EFBD670>, multiSample=False, name='window1', numSamples=2, pos=[0.0, 0.0], screen=0, size=array([ 900, 1440]), stencilBits=0, stereo=False, title='PsychoPy', units='height', useFBO=True, useRetina=False, viewOri=0.0, viewPos=None, viewScale=None, waitBlanking=True, winType='pyglet')
16.0077 	EXP 	window1: backgroundImage = ''
16.0077 	EXP 	window1: backgroundFit = 'none'
16.4858 	EXP 	window1: Attempting to measure frame rate of screen (0) ...
16.4859 	EXP 	window1: recordFrameIntervals = False
16.7186 	EXP 	window1: recordFrameIntervals = True
17.0679 	EXP 	Screen (0) actual frame rate measured at 60.96Hz
17.0679 	EXP 	window1: recordFrameIntervals = False
17.1829 	INFO 	keyboard.Keyboard is using ptb backend.
17.1830 	EXP 	Graz: status = STARTED
17.3079 	EXP 	Created attention_cross = ImageStim(__class__=<class 'psychopy.visual.image.ImageStim'>, anchor=('center', 'center'), autoLog=True, color=array([1., 1., 1.]), colorSpace='rgb', contrast=1.0, depth=0.0, draggable=False, flipHoriz=False, flipVert=False, image='stims/cross.png', interpolate=True, mask=None, maskParams=None, name='attention_cross', opacity=1, ori=0.0, pos=array([-0.3,  0. ]), size=array([1.33333333, 0.75      ]), texRes=128.0, units='height', win=Window(...))
17.3136 	EXP 	Created motor_cue = ImageStim(__class__=<class 'psychopy.visual.image.ImageStim'>, anchor=('center', 'center'), autoLog=True, color=array([1., 1., 1.]), colorSpace='rgb', contrast=1.0, depth=0.0, draggable=False, flipHoriz=False, flipVert=False, image='default.png', interpolate=True, mask=None, maskParams=None, name='motor_cue', opacity=1, ori=0.0, pos=array([0., 0.]), size=array([0.5, 0.5]), texRes=128.0, units='height', win=Window(...))
17.3796 	EXP 	Created attempt = ImageStim(__class__=<class 'psychopy.visual.image.ImageStim'>, anchor=('center', 'center'), autoLog=True, color=array([1., 1., 1.]), colorSpace='rgb', contrast=1.0, depth=0.0, draggable=False, flipHoriz=False, flipVert=False, image='stims/cross.png', interpolate=True, mask=None, maskParams=None, name='attempt', opacity=1, ori=0.0, pos=array([0., 0.]), size=array([0.5, 0.5]), texRes=128.0, units='height', win=Window(...))
0.0943 	EXP 	Imported stims_sequence.csv as conditions, 10 conditions, 2 params
0.0946 	EXP 	New trial (rep=0, index=0): <Trial 0 (0 in rep 0) data={'img': 'C:\\Users\\User\\Documents\\GitHub\\real_time_bci\\stims\\left_arrow.png', 'event_label': 'LEFT_MI_STIM', 'thisN': 0, 'thisTrialN': 0, 'thisRepN': 0}>
5.0980 	EXP 	attention_cross: autoDraw = True
7.1422 	EXP 	attention_cross: autoDraw = False
7.1422 	EXP 	attention_cross: autoDraw = False
7.1422 	EXP 	motor_cue: image = 'C:\\Users\\User\\Documents\\GitHub\\real_time_bci\\stims\\left_arrow.png'
7.1422 	EXP 	motor_cue: autoDraw = True
8.3718 	EXP 	motor_cue: autoDraw = False
8.3718 	EXP 	attempt: autoDraw = True
12.0947 	EXP 	New trial (rep=0, index=1): <Trial 1 (1 in rep 0) data={'img': 'C:\\Users\\User\\Documents\\GitHub\\real_time_bci\\stims\\right_arrow.png', 'event_label': 'RIGHT_MI_STIM', 'thisN': 1, 'thisTrialN': 1, 'thisRepN': 0}>
12.1114 	EXP 	attempt: autoDraw = False
12.1114 	EXP 	attention_cross: autoDraw = True
14.1478 	EXP 	attention_cross: autoDraw = False
14.1478 	EXP 	motor_cue: image = 'C:\\Users\\User\\Documents\\GitHub\\real_time_bci\\stims\\right_arrow.png'
14.1478 	EXP 	motor_cue: autoDraw = True
15.3670 	EXP 	motor_cue: autoDraw = False
15.3670 	EXP 	attempt: autoDraw = True
19.1080 	EXP 	New trial (rep=0, index=2): <Trial 2 (2 in rep 0) data={'img': 'C:\\Users\\User\\Documents\\GitHub\\real_time_bci\\stims\\left_arrow.png', 'event_label': 'LEFT_MI_STIM', 'thisN': 2, 'thisTrialN': 2, 'thisRepN': 0}>
19.1236 	EXP 	attempt: autoDraw = False
19.1236 	EXP 	attention_cross: autoDraw = True
21.1741 	EXP 	attention_cross: autoDraw = False
21.1741 	EXP 	motor_cue: image = 'C:\\Users\\User\\Documents\\GitHub\\real_time_bci\\stims\\left_arrow.png'
21.1741 	EXP 	motor_cue: autoDraw = True
22.3797 	EXP 	motor_cue: autoDraw = False
22.3797 	EXP 	attempt: autoDraw = True
26.1207 	EXP 	New trial (rep=0, index=3): <Trial 3 (3 in rep 0) data={'img': 'C:\\Users\\User\\Documents\\GitHub\\real_time_bci\\stims\\right_arrow.png', 'event_label': 'RIGHT_MI_STIM', 'thisN': 3, 'thisTrialN': 3, 'thisRepN': 0}>
26.1375 	EXP 	attempt: autoDraw = False
26.1375 	EXP 	attention_cross: autoDraw = True
28.1686 	EXP 	attention_cross: autoDraw = False
28.1686 	EXP 	motor_cue: image = 'C:\\Users\\User\\Documents\\GitHub\\real_time_bci\\stims\\right_arrow.png'
28.1686 	EXP 	motor_cue: autoDraw = True
29.3933 	EXP 	motor_cue: autoDraw = False
29.3933 	EXP 	attempt: autoDraw = True
33.1355 	EXP 	New trial (rep=0, index=4): <Trial 4 (4 in rep 0) data={'img': 'C:\\Users\\User\\Documents\\GitHub\\real_time_bci\\stims\\right_arrow.png', 'event_label': 'RIGHT_MI_STIM', 'thisN': 4, 'thisTrialN': 4, 'thisRepN': 0}>
33.1495 	EXP 	attempt: autoDraw = False
33.1495 	EXP 	attention_cross: autoDraw = True
35.1810 	EXP 	attention_cross: autoDraw = False
35.1810 	EXP 	motor_cue: image = 'C:\\Users\\User\\Documents\\GitHub\\real_time_bci\\stims\\right_arrow.png'
35.1810 	EXP 	motor_cue: autoDraw = True
36.4052 	EXP 	motor_cue: autoDraw = False
36.4052 	EXP 	attempt: autoDraw = True
40.1456 	EXP 	New trial (rep=0, index=5): <Trial 5 (5 in rep 0) data={'img': 'C:\\Users\\User\\Documents\\GitHub\\real_time_bci\\stims\\left_arrow.png', 'event_label': 'LEFT_MI_STIM', 'thisN': 5, 'thisTrialN': 5, 'thisRepN': 0}>
40.1629 	EXP 	attempt: autoDraw = False
40.1629 	EXP 	attention_cross: autoDraw = True
42.1995 	EXP 	attention_cross: autoDraw = False
42.1995 	EXP 	motor_cue: image = 'C:\\Users\\User\\Documents\\GitHub\\real_time_bci\\stims\\left_arrow.png'
42.1995 	EXP 	motor_cue: autoDraw = True
43.2859 	DATA 	Mouse: Left button down, pos=(542,704)
43.3706 	DATA 	Mouse:  Left button up, pos=(542,704)
43.4186 	EXP 	motor_cue: autoDraw = False
43.4186 	EXP 	attempt: autoDraw = True
43.7199 	EXP 	Device response: <KeyPress from None: t=43.71105309994891, value=escape, duration=None>
43.7216 	DATA 	Keypress: escape
43.8198 	EXP 	Device response: <KeyPress from None: t=43.71105309994891, value=escape, duration=0.10403240006417036>
43.8198 	EXP 	Graz: status = STOPPED
43.8367 	EXP 	attempt: autoDraw = False
43.8368 	EXP 	Graz: status = STOPPED
43.8684 	INFO 	saved data to 'C:\\Users\\User\\Documents\\GitHub\\real_time_bci\\data\\134796_Graz_2025-08-28_17h26.12.320.csv'
43.8695 	INFO 	saved data to C:\Users\User\Documents\GitHub\real_time_bci\data\134796_Graz_2025-08-28_17h26.12.320.psydat
44.0068 	WARNING 	Stopping key buffers but this could be dangerous ifother keyboards rely on the same.
