24.9416 	INFO 	Loaded monitor calibration from ['2025_08_24 15:35']
25.0751 	WARNING 	User requested fullscreen with size [1024  768], but screen is actually [900, 1440]. Using actual size
25.8230 	INFO 	Using renderer 'GeForce GT 730/PCIe/SSE2' for graphics
25.8230 	INFO 	OpenGL version supported by driver is 4..
25.8465 	EXP 	Created window1 = Window(allowGUI=False, allowStencil=False, autoLog=True, backendConf=UNKNOWN, backgroundFit=<method-wrapper '__getattribute__' of attributeSetter object at 0x000001E756F36B80>, backgroundImage=<method-wrapper '__getattribute__' of attributeSetter object at 0x000001E756F36FD0>, bitsMode=UNKNOWN, blendMode='avg', bpc=(8, 8, 8), color=array([0, 0, 0]), colorSpace='rgb', depthBits=8, fullscr=True, gamma=None, gammaErrorPolicy='raise', infoMsg=UNKNOWN, lms=UNKNOWN, monitor=<psychopy.monitors.calibTools.Monitor object at 0x000001E756B1C6D0>, multiSample=False, name='window1', numSamples=2, pos=[0.0, 0.0], screen=0, size=array([ 900, 1440]), stencilBits=0, stereo=False, title='PsychoPy', units='height', useFBO=True, useRetina=False, viewOri=0.0, viewPos=None, viewScale=None, waitBlanking=True, winType='pyglet')
25.8465 	EXP 	window1: backgroundImage = ''
25.8465 	EXP 	window1: backgroundFit = 'none'
26.2931 	EXP 	window1: Attempting to measure frame rate of screen (0) ...
26.2931 	EXP 	window1: recordFrameIntervals = False
26.4953 	EXP 	window1: recordFrameIntervals = True
26.6791 	EXP 	Screen (0) actual frame rate measured at 59.87Hz
26.6792 	EXP 	window1: recordFrameIntervals = False
26.8214 	INFO 	keyboard.Keyboard is using ptb backend.
26.8214 	EXP 	Graz: status = STARTED
26.9561 	EXP 	Created attention_cross = ImageStim(__class__=<class 'psychopy.visual.image.ImageStim'>, anchor=('center', 'center'), autoLog=True, color=array([1., 1., 1.]), colorSpace='rgb', contrast=1.0, depth=0.0, draggable=False, flipHoriz=False, flipVert=False, image='stims/cross.png', interpolate=True, mask=None, maskParams=None, name='attention_cross', opacity=1, ori=0.0, pos=array([-0.3,  0. ]), size=array([1.33333333, 0.75      ]), texRes=128.0, units='height', win=Window(...))
26.9617 	EXP 	Created motor_cue = ImageStim(__class__=<class 'psychopy.visual.image.ImageStim'>, anchor=('center', 'center'), autoLog=True, color=array([1., 1., 1.]), colorSpace='rgb', contrast=1.0, depth=0.0, draggable=False, flipHoriz=False, flipVert=False, image='default.png', interpolate=True, mask=None, maskParams=None, name='motor_cue', opacity=1, ori=0.0, pos=array([0., 0.]), size=array([0.5, 0.5]), texRes=128.0, units='height', win=Window(...))
27.0116 	EXP 	Created attempt = ImageStim(__class__=<class 'psychopy.visual.image.ImageStim'>, anchor=('center', 'center'), autoLog=True, color=array([1., 1., 1.]), colorSpace='rgb', contrast=1.0, depth=0.0, draggable=False, flipHoriz=False, flipVert=False, image='stims/cross.png', interpolate=True, mask=None, maskParams=None, name='attempt', opacity=1, ori=0.0, pos=array([0., 0.]), size=array([0.5, 0.5]), texRes=128.0, units='height', win=Window(...))
0.0709 	EXP 	Imported stims_sequence.csv as conditions, 10 conditions, 2 params
0.0712 	EXP 	New trial (rep=0, index=0): <Trial 0 (0 in rep 0) data={'img': 'C:\\Users\\User\\Documents\\GitHub\\real_time_bci\\stims\\right_arrow.png', 'event_label': 'RIGHT_MI_STIM', 'thisN': 0, 'thisTrialN': 0, 'thisRepN': 0}>
4.7960 	DATA 	Mouse: Left button down, pos=(751,486)
4.8287 	DATA 	Mouse:  Left button up, pos=(746,494)
5.0772 	EXP 	attention_cross: autoDraw = True
5.5533 	EXP 	Device response: <KeyPress from None: t=5.4580911999996715, value=escape, duration=None>
5.5545 	DATA 	Keypress: escape
5.5950 	EXP 	Device response: <KeyPress from None: t=5.4580911999996715, value=escape, duration=0.1280068000000938>
5.5950 	EXP 	Graz: status = STOPPED
5.6123 	EXP 	attention_cross: autoDraw = False
5.6123 	EXP 	Graz: status = STOPPED
5.6392 	INFO 	saved data to 'C:\\Users\\User\\Documents\\GitHub\\real_time_bci\\data\\193633_Graz_2025-08-31_19h32.00.658.csv'
5.6401 	INFO 	saved data to C:\Users\User\Documents\GitHub\real_time_bci\data\193633_Graz_2025-08-31_19h32.00.658.psydat
6.1879 	WARNING 	Stopping key buffers but this could be dangerous ifother keyboards rely on the same.
