8.5485 	INFO 	Loaded monitor calibration from ['2025_08_24 15:35']
8.7060 	WARNING 	User requested fullscreen with size [1024  768], but screen is actually [900, 1440]. Using actual size
9.5430 	INFO 	Using renderer 'GeForce GT 730/PCIe/SSE2' for graphics
9.5430 	INFO 	OpenGL version supported by driver is 4..
9.5944 	EXP 	Created window1 = Window(allowGUI=False, allowStencil=False, autoLog=True, backendConf=UNKNOWN, backgroundFit=<method-wrapper '__getattribute__' of attributeSetter object at 0x000001ACF3D2C070>, backgroundImage=<method-wrapper '__getattribute__' of attributeSetter object at 0x000001ACF3D9BBE0>, bitsMode=UNKNOWN, blendMode='avg', bpc=(8, 8, 8), color=array([0, 0, 0]), colorSpace='rgb', depthBits=8, fullscr=True, gamma=None, gammaErrorPolicy='raise', infoMsg=UNKNOWN, lms=UNKNOWN, monitor=<psychopy.monitors.calibTools.Monitor object at 0x000001ACF40F7670>, multiSample=False, name='window1', numSamples=2, pos=[0.0, 0.0], screen=0, size=array([ 900, 1440]), stencilBits=0, stereo=False, title='PsychoPy', units='height', useFBO=True, useRetina=False, viewOri=0.0, viewPos=None, viewScale=None, waitBlanking=True, winType='pyglet')
9.5945 	EXP 	window1: backgroundImage = ''
9.5945 	EXP 	window1: backgroundFit = 'none'
10.0572 	EXP 	window1: Attempting to measure frame rate of screen (0) ...
10.0572 	EXP 	window1: recordFrameIntervals = False
10.2672 	EXP 	window1: recordFrameIntervals = True
10.4505 	EXP 	Screen (0) actual frame rate measured at 60.10Hz
10.4505 	EXP 	window1: recordFrameIntervals = False
10.5890 	INFO 	keyboard.Keyboard is using ptb backend.
10.5891 	EXP 	Graz: status = STARTED
10.7492 	EXP 	Created attention_cross = ImageStim(__class__=<class 'psychopy.visual.image.ImageStim'>, anchor=('center', 'center'), autoLog=True, color=array([1., 1., 1.]), colorSpace='rgb', contrast=1.0, depth=0.0, draggable=False, flipHoriz=False, flipVert=False, image='stims/cross.png', interpolate=True, mask=None, maskParams=None, name='attention_cross', opacity=1, ori=0.0, pos=array([-0.3,  0. ]), size=array([1.33333333, 0.75      ]), texRes=128.0, units='height', win=Window(...))
10.7557 	EXP 	Created motor_cue = ImageStim(__class__=<class 'psychopy.visual.image.ImageStim'>, anchor=('center', 'center'), autoLog=True, color=array([1., 1., 1.]), colorSpace='rgb', contrast=1.0, depth=0.0, draggable=False, flipHoriz=False, flipVert=False, image='default.png', interpolate=True, mask=None, maskParams=None, name='motor_cue', opacity=1, ori=0.0, pos=array([0., 0.]), size=array([0.5, 0.5]), texRes=128.0, units='height', win=Window(...))
10.8055 	EXP 	Created attempt = ImageStim(__class__=<class 'psychopy.visual.image.ImageStim'>, anchor=('center', 'center'), autoLog=True, color=array([1., 1., 1.]), colorSpace='rgb', contrast=1.0, depth=0.0, draggable=False, flipHoriz=False, flipVert=False, image='stims/cross.png', interpolate=True, mask=None, maskParams=None, name='attempt', opacity=1, ori=0.0, pos=array([0., 0.]), size=array([0.5, 0.5]), texRes=128.0, units='height', win=Window(...))
0.0935 	EXP 	Imported stims_sequence.csv as conditions, 10 conditions, 2 params
0.0947 	EXP 	New trial (rep=0, index=0): <Trial 0 (0 in rep 0) data={'img': 'C:\\Users\\User\\Documents\\GitHub\\real_time_bci\\stims\\right_arrow.png', 'event_label': 'RIGHT_MI_STIM', 'thisN': 0, 'thisTrialN': 0, 'thisRepN': 0}>
5.1046 	EXP 	attention_cross: autoDraw = True
7.1536 	EXP 	attention_cross: autoDraw = False
7.1536 	EXP 	motor_cue: image = 'C:\\Users\\User\\Documents\\GitHub\\real_time_bci\\stims\\right_arrow.png'
7.1536 	EXP 	motor_cue: autoDraw = True
8.3607 	EXP 	motor_cue: autoDraw = False
8.3607 	EXP 	attempt: autoDraw = True
12.1011 	EXP 	New trial (rep=0, index=1): <Trial 1 (1 in rep 0) data={'img': 'C:\\Users\\User\\Documents\\GitHub\\real_time_bci\\stims\\right_arrow.png', 'event_label': 'RIGHT_MI_STIM', 'thisN': 1, 'thisTrialN': 1, 'thisRepN': 0}>
12.1175 	EXP 	attempt: autoDraw = False
12.1175 	EXP 	attention_cross: autoDraw = True
14.1472 	EXP 	attention_cross: autoDraw = False
14.1472 	EXP 	motor_cue: image = 'C:\\Users\\User\\Documents\\GitHub\\real_time_bci\\stims\\right_arrow.png'
14.1472 	EXP 	motor_cue: autoDraw = True
15.3735 	EXP 	motor_cue: autoDraw = False
15.3735 	EXP 	attempt: autoDraw = True
19.1139 	EXP 	New trial (rep=0, index=2): <Trial 2 (2 in rep 0) data={'img': 'C:\\Users\\User\\Documents\\GitHub\\real_time_bci\\stims\\right_arrow.png', 'event_label': 'RIGHT_MI_STIM', 'thisN': 2, 'thisTrialN': 2, 'thisRepN': 0}>
19.1302 	EXP 	attempt: autoDraw = False
19.1302 	EXP 	attention_cross: autoDraw = True
21.1626 	EXP 	attention_cross: autoDraw = False
21.1626 	EXP 	motor_cue: image = 'C:\\Users\\User\\Documents\\GitHub\\real_time_bci\\stims\\right_arrow.png'
21.1626 	EXP 	motor_cue: autoDraw = True
22.3863 	EXP 	motor_cue: autoDraw = False
22.3863 	EXP 	attempt: autoDraw = True
26.1268 	EXP 	New trial (rep=0, index=3): <Trial 3 (3 in rep 0) data={'img': 'C:\\Users\\User\\Documents\\GitHub\\real_time_bci\\stims\\right_arrow.png', 'event_label': 'RIGHT_MI_STIM', 'thisN': 3, 'thisTrialN': 3, 'thisRepN': 0}>
26.1430 	EXP 	attempt: autoDraw = False
26.1430 	EXP 	attention_cross: autoDraw = True
28.1723 	EXP 	attention_cross: autoDraw = False
28.1723 	EXP 	motor_cue: image = 'C:\\Users\\User\\Documents\\GitHub\\real_time_bci\\stims\\right_arrow.png'
28.1723 	EXP 	motor_cue: autoDraw = True
29.3989 	EXP 	motor_cue: autoDraw = False
29.3989 	EXP 	attempt: autoDraw = True
33.1395 	EXP 	New trial (rep=0, index=4): <Trial 4 (4 in rep 0) data={'img': 'C:\\Users\\User\\Documents\\GitHub\\real_time_bci\\stims\\left_arrow.png', 'event_label': 'LEFT_MI_STIM', 'thisN': 4, 'thisTrialN': 4, 'thisRepN': 0}>
33.1558 	EXP 	attempt: autoDraw = False
33.1558 	EXP 	attention_cross: autoDraw = True
35.1923 	EXP 	attention_cross: autoDraw = False
35.1923 	EXP 	motor_cue: image = 'C:\\Users\\User\\Documents\\GitHub\\real_time_bci\\stims\\left_arrow.png'
35.1923 	EXP 	motor_cue: autoDraw = True
36.4120 	EXP 	motor_cue: autoDraw = False
36.4120 	EXP 	attempt: autoDraw = True
40.1523 	EXP 	New trial (rep=0, index=5): <Trial 5 (5 in rep 0) data={'img': 'C:\\Users\\User\\Documents\\GitHub\\real_time_bci\\stims\\left_arrow.png', 'event_label': 'LEFT_MI_STIM', 'thisN': 5, 'thisTrialN': 5, 'thisRepN': 0}>
40.1688 	EXP 	attempt: autoDraw = False
40.1688 	EXP 	attention_cross: autoDraw = True
42.1964 	EXP 	attention_cross: autoDraw = False
42.1964 	EXP 	motor_cue: image = 'C:\\Users\\User\\Documents\\GitHub\\real_time_bci\\stims\\left_arrow.png'
42.1964 	EXP 	motor_cue: autoDraw = True
43.4246 	EXP 	motor_cue: autoDraw = False
43.4246 	EXP 	attempt: autoDraw = True
47.1651 	EXP 	New trial (rep=0, index=6): <Trial 6 (6 in rep 0) data={'img': 'C:\\Users\\User\\Documents\\GitHub\\real_time_bci\\stims\\left_arrow.png', 'event_label': 'LEFT_MI_STIM', 'thisN': 6, 'thisTrialN': 6, 'thisRepN': 0}>
47.1816 	EXP 	attempt: autoDraw = False
47.1816 	EXP 	attention_cross: autoDraw = True
49.2083 	EXP 	attention_cross: autoDraw = False
49.2083 	EXP 	motor_cue: image = 'C:\\Users\\User\\Documents\\GitHub\\real_time_bci\\stims\\left_arrow.png'
49.2083 	EXP 	motor_cue: autoDraw = True
50.4374 	EXP 	motor_cue: autoDraw = False
50.4374 	EXP 	attempt: autoDraw = True
54.1779 	EXP 	New trial (rep=0, index=7): <Trial 7 (7 in rep 0) data={'img': 'C:\\Users\\User\\Documents\\GitHub\\real_time_bci\\stims\\left_arrow.png', 'event_label': 'LEFT_MI_STIM', 'thisN': 7, 'thisTrialN': 7, 'thisRepN': 0}>
54.1948 	EXP 	attempt: autoDraw = False
54.1948 	EXP 	attention_cross: autoDraw = True
56.2245 	EXP 	attention_cross: autoDraw = False
56.2245 	EXP 	motor_cue: image = 'C:\\Users\\User\\Documents\\GitHub\\real_time_bci\\stims\\left_arrow.png'
56.2245 	EXP 	motor_cue: autoDraw = True
57.4501 	EXP 	motor_cue: autoDraw = False
57.4501 	EXP 	attempt: autoDraw = True
60.0765 	DATA 	Mouse: Left button down, pos=(625,666)
60.1561 	DATA 	Mouse:  Left button up, pos=(625,666)
60.4058 	EXP 	Device response: <KeyPress from None: t=60.396137699950486, value=escape, duration=None>
60.4068 	DATA 	Keypress: escape
60.5226 	EXP 	Device response: <KeyPress from None: t=60.396137699950486, value=escape, duration=0.1120486999861896>
60.5227 	EXP 	Graz: status = STOPPED
60.5391 	EXP 	attempt: autoDraw = False
60.5392 	EXP 	Graz: status = STOPPED
60.5693 	INFO 	saved data to 'C:\\Users\\User\\Documents\\GitHub\\real_time_bci\\data\\200302_Graz_2025-08-31_17h15.33.046.csv'
60.5710 	INFO 	saved data to C:\Users\User\Documents\GitHub\real_time_bci\data\200302_Graz_2025-08-31_17h15.33.046.psydat
60.7352 	WARNING 	Stopping key buffers but this could be dangerous ifother keyboards rely on the same.
