6.9627 	INFO 	Loaded monitor calibration from ['2025_08_24 15:35']
7.3678 	INFO 	Using renderer 'GeForce GT 730/PCIe/SSE2' for graphics
7.3679 	INFO 	OpenGL version supported by driver is 4..
7.3811 	EXP 	Created window1 = Window(allowGUI=True, allowStencil=False, autoLog=True, backendConf=UNKNOWN, backgroundFit=<method-wrapper '__getattribute__' of attributeSetter object at 0x00000231E1AF80D0>, backgroundImage=<method-wrapper '__getattribute__' of attributeSetter object at 0x00000231E1B6BFD0>, bitsMode=UNKNOWN, blendMode='avg', bpc=(8, 8, 8), color=array([1.    , 0.9843, 0.7412]), colorSpace='rgb', depthBits=8, fullscr=False, gamma=None, gammaErrorPolicy='raise', infoMsg=UNKNOWN, lms=UNKNOWN, monitor=<psychopy.monitors.calibTools.Monitor object at 0x00000231E1BF25B0>, multiSample=False, name='window1', numSamples=2, pos=[130.0, 400.0], screen=0, size=array([640, 640]), stencilBits=0, stereo=False, title='PsychoPy', units='height', useFBO=True, useRetina=False, viewOri=0.0, viewPos=None, viewScale=None, waitBlanking=True, winType='pyglet')
7.3812 	EXP 	window1: backgroundImage = ''
7.3812 	EXP 	window1: backgroundFit = 'none'
7.8253 	EXP 	window1: Attempting to measure frame rate of screen (0) ...
7.8253 	EXP 	window1: recordFrameIntervals = False
8.0590 	EXP 	window1: recordFrameIntervals = True
8.1306 	WARNING 	t of last frame was 20.33ms (=1/49)
8.1592 	WARNING 	t of last frame was 28.63ms (=1/34)
8.3273 	EXP 	Screen (0) actual frame rate measured at 59.54Hz
8.3274 	EXP 	window1: recordFrameIntervals = False
8.3917 	INFO 	keyboard.Keyboard is using ptb backend.
8.3917 	EXP 	Graz: status = STARTED
8.4624 	EXP 	Created attention_cross = ImageStim(__class__=<class 'psychopy.visual.image.ImageStim'>, anchor=('center', 'center'), autoLog=True, color=array([1., 1., 1.]), colorSpace='rgb', contrast=1.0, depth=0.0, draggable=False, flipHoriz=False, flipVert=False, image='stims/cross.png', interpolate=True, mask=None, maskParams=None, name='attention_cross', opacity=1, ori=0.0, pos=array([0., 0.]), size=array([0.5, 0.5]), texRes=128.0, units='height', win=Window(...))
8.4677 	EXP 	Created motor_cue = ImageStim(__class__=<class 'psychopy.visual.image.ImageStim'>, anchor=('center', 'center'), autoLog=True, color=array([1., 1., 1.]), colorSpace='rgb', contrast=1.0, depth=0.0, draggable=False, flipHoriz=False, flipVert=False, image='default.png', interpolate=True, mask=None, maskParams=None, name='motor_cue', opacity=1, ori=0.0, pos=array([0., 0.]), size=array([1., 1.]), texRes=128.0, units='height', win=Window(...))
8.5153 	EXP 	Created attempt = ImageStim(__class__=<class 'psychopy.visual.image.ImageStim'>, anchor=('center', 'center'), autoLog=True, color=array([1., 1., 1.]), colorSpace='rgb', contrast=1.0, depth=0.0, draggable=False, flipHoriz=False, flipVert=False, image='stims/cross.png', interpolate=True, mask=None, maskParams=None, name='attempt', opacity=1, ori=0.0, pos=array([0., 0.]), size=array([0.5, 0.5]), texRes=128.0, units='height', win=Window(...))
8.5672 	EXP 	Created image_2 = ImageStim(__class__=<class 'psychopy.visual.image.ImageStim'>, anchor=('center', 'center'), autoLog=True, color=array([1., 1., 1.]), colorSpace='rgb', contrast=1.0, depth=-1.0, draggable=False, flipHoriz=False, flipVert=False, image='stims/rest.png', interpolate=True, mask=None, maskParams=None, name='image_2', opacity=1, ori=0.0, pos=array([0., 0.]), size=array([0.5, 0.5]), texRes=128.0, units='height', win=Window(...))
0.0853 	EXP 	Imported stims_sequence.csv as conditions, 10 conditions, 2 params
0.0856 	EXP 	New trial (rep=0, index=0): <Trial 0 (0 in rep 0) data={'img': 'C:\\Users\\User\\Documents\\GitHub\\real_time_bci\\stims\\left_hand.png', 'event_label': 'LEFT_MI_STIM', 'thisN': 0, 'thisTrialN': 0, 'thisRepN': 0}>
3.0981 	EXP 	attention_cross: autoDraw = True
5.1605 	EXP 	attention_cross: autoDraw = False
5.1605 	EXP 	motor_cue: image = 'C:\\Users\\User\\Documents\\GitHub\\real_time_bci\\stims\\left_hand.png'
5.1605 	EXP 	motor_cue: autoDraw = True
6.3586 	EXP 	motor_cue: autoDraw = False
6.3586 	EXP 	attempt: autoDraw = True
10.1082 	EXP 	attempt: autoDraw = False
10.1082 	EXP 	image_2: autoDraw = True
12.0916 	EXP 	New trial (rep=0, index=1): <Trial 1 (1 in rep 0) data={'img': 'C:\\Users\\User\\Documents\\GitHub\\real_time_bci\\stims\\left_hand.png', 'event_label': 'LEFT_MI_STIM', 'thisN': 1, 'thisTrialN': 1, 'thisRepN': 0}>
12.1084 	EXP 	image_2: autoDraw = False
12.1084 	EXP 	attention_cross: autoDraw = True
14.1423 	EXP 	attention_cross: autoDraw = False
14.1423 	EXP 	motor_cue: image = 'C:\\Users\\User\\Documents\\GitHub\\real_time_bci\\stims\\left_hand.png'
14.1423 	EXP 	motor_cue: autoDraw = True
15.3582 	EXP 	motor_cue: autoDraw = False
15.3582 	EXP 	attempt: autoDraw = True
19.1075 	EXP 	attempt: autoDraw = False
19.1075 	EXP 	image_2: autoDraw = True
21.0955 	EXP 	New trial (rep=0, index=2): <Trial 2 (2 in rep 0) data={'img': 'C:\\Users\\User\\Documents\\GitHub\\real_time_bci\\stims\\right_hand.png', 'event_label': 'RIGHT_MI_STIM', 'thisN': 2, 'thisTrialN': 2, 'thisRepN': 0}>
21.1115 	EXP 	image_2: autoDraw = False
21.1115 	EXP 	attention_cross: autoDraw = True
23.1585 	EXP 	attention_cross: autoDraw = False
23.1585 	EXP 	motor_cue: image = 'C:\\Users\\User\\Documents\\GitHub\\real_time_bci\\stims\\right_hand.png'
23.1585 	EXP 	motor_cue: autoDraw = True
24.3583 	EXP 	motor_cue: autoDraw = False
24.3583 	EXP 	attempt: autoDraw = True
28.1109 	EXP 	attempt: autoDraw = False
28.1109 	EXP 	image_2: autoDraw = True
30.0906 	EXP 	New trial (rep=0, index=3): <Trial 3 (3 in rep 0) data={'img': 'C:\\Users\\User\\Documents\\GitHub\\real_time_bci\\stims\\right_hand.png', 'event_label': 'RIGHT_MI_STIM', 'thisN': 3, 'thisTrialN': 3, 'thisRepN': 0}>
30.1076 	EXP 	image_2: autoDraw = False
30.1076 	EXP 	attention_cross: autoDraw = True
32.1581 	EXP 	attention_cross: autoDraw = False
32.1581 	EXP 	motor_cue: image = 'C:\\Users\\User\\Documents\\GitHub\\real_time_bci\\stims\\right_hand.png'
32.1581 	EXP 	motor_cue: autoDraw = True
33.3575 	EXP 	motor_cue: autoDraw = False
33.3575 	EXP 	attempt: autoDraw = True
37.1067 	EXP 	attempt: autoDraw = False
37.1067 	EXP 	image_2: autoDraw = True
39.0905 	EXP 	New trial (rep=0, index=4): <Trial 4 (4 in rep 0) data={'img': 'C:\\Users\\User\\Documents\\GitHub\\real_time_bci\\stims\\right_hand.png', 'event_label': 'RIGHT_MI_STIM', 'thisN': 4, 'thisTrialN': 4, 'thisRepN': 0}>
39.1067 	EXP 	image_2: autoDraw = False
39.1067 	EXP 	attention_cross: autoDraw = True
41.1741 	EXP 	attention_cross: autoDraw = False
41.1741 	EXP 	motor_cue: image = 'C:\\Users\\User\\Documents\\GitHub\\real_time_bci\\stims\\right_hand.png'
41.1741 	EXP 	motor_cue: autoDraw = True
42.3594 	EXP 	motor_cue: autoDraw = False
42.3594 	EXP 	attempt: autoDraw = True
46.1067 	EXP 	attempt: autoDraw = False
46.1067 	EXP 	image_2: autoDraw = True
48.0901 	EXP 	New trial (rep=0, index=5): <Trial 5 (5 in rep 0) data={'img': 'C:\\Users\\User\\Documents\\GitHub\\real_time_bci\\stims\\left_hand.png', 'event_label': 'LEFT_MI_STIM', 'thisN': 5, 'thisTrialN': 5, 'thisRepN': 0}>
48.1064 	EXP 	image_2: autoDraw = False
48.1064 	EXP 	attention_cross: autoDraw = True
50.1400 	EXP 	attention_cross: autoDraw = False
50.1400 	EXP 	motor_cue: image = 'C:\\Users\\User\\Documents\\GitHub\\real_time_bci\\stims\\left_hand.png'
50.1400 	EXP 	motor_cue: autoDraw = True
51.3563 	EXP 	motor_cue: autoDraw = False
51.3563 	EXP 	attempt: autoDraw = True
55.1061 	EXP 	attempt: autoDraw = False
55.1061 	EXP 	image_2: autoDraw = True
57.0890 	EXP 	New trial (rep=0, index=6): <Trial 6 (6 in rep 0) data={'img': 'C:\\Users\\User\\Documents\\GitHub\\real_time_bci\\stims\\left_hand.png', 'event_label': 'LEFT_MI_STIM', 'thisN': 6, 'thisTrialN': 6, 'thisRepN': 0}>
57.1058 	EXP 	image_2: autoDraw = False
57.1058 	EXP 	attention_cross: autoDraw = True
59.1400 	EXP 	attention_cross: autoDraw = False
59.1400 	EXP 	motor_cue: image = 'C:\\Users\\User\\Documents\\GitHub\\real_time_bci\\stims\\left_hand.png'
59.1400 	EXP 	motor_cue: autoDraw = True
60.3554 	EXP 	motor_cue: autoDraw = False
60.3554 	EXP 	attempt: autoDraw = True
64.1052 	EXP 	attempt: autoDraw = False
64.1052 	EXP 	image_2: autoDraw = True
66.0891 	EXP 	New trial (rep=0, index=7): <Trial 7 (7 in rep 0) data={'img': 'C:\\Users\\User\\Documents\\GitHub\\real_time_bci\\stims\\right_hand.png', 'event_label': 'RIGHT_MI_STIM', 'thisN': 7, 'thisTrialN': 7, 'thisRepN': 0}>
66.1051 	EXP 	image_2: autoDraw = False
66.1051 	EXP 	attention_cross: autoDraw = True
68.1561 	EXP 	attention_cross: autoDraw = False
68.1561 	EXP 	motor_cue: image = 'C:\\Users\\User\\Documents\\GitHub\\real_time_bci\\stims\\right_hand.png'
68.1561 	EXP 	motor_cue: autoDraw = True
69.3556 	EXP 	motor_cue: autoDraw = False
69.3556 	EXP 	attempt: autoDraw = True
73.1068 	EXP 	attempt: autoDraw = False
73.1068 	EXP 	image_2: autoDraw = True
75.0879 	EXP 	New trial (rep=0, index=8): <Trial 8 (8 in rep 0) data={'img': 'C:\\Users\\User\\Documents\\GitHub\\real_time_bci\\stims\\right_hand.png', 'event_label': 'RIGHT_MI_STIM', 'thisN': 8, 'thisTrialN': 8, 'thisRepN': 0}>
75.1043 	EXP 	image_2: autoDraw = False
75.1043 	EXP 	attention_cross: autoDraw = True
77.1557 	EXP 	attention_cross: autoDraw = False
77.1557 	EXP 	motor_cue: image = 'C:\\Users\\User\\Documents\\GitHub\\real_time_bci\\stims\\right_hand.png'
77.1557 	EXP 	motor_cue: autoDraw = True
78.3545 	EXP 	motor_cue: autoDraw = False
78.3545 	EXP 	attempt: autoDraw = True
82.1055 	EXP 	attempt: autoDraw = False
82.1055 	EXP 	image_2: autoDraw = True
84.0874 	EXP 	New trial (rep=0, index=9): <Trial 9 (9 in rep 0) data={'img': 'C:\\Users\\User\\Documents\\GitHub\\real_time_bci\\stims\\left_hand.png', 'event_label': 'LEFT_MI_STIM', 'thisN': 9, 'thisTrialN': 9, 'thisRepN': 0}>
84.1046 	EXP 	image_2: autoDraw = False
84.1046 	EXP 	attention_cross: autoDraw = True
86.1558 	EXP 	attention_cross: autoDraw = False
86.1558 	EXP 	motor_cue: image = 'C:\\Users\\User\\Documents\\GitHub\\real_time_bci\\stims\\left_hand.png'
86.1558 	EXP 	motor_cue: autoDraw = True
87.3551 	EXP 	motor_cue: autoDraw = False
87.3551 	EXP 	attempt: autoDraw = True
91.1054 	EXP 	attempt: autoDraw = False
91.1054 	EXP 	image_2: autoDraw = True
93.1040 	EXP 	image_2: autoDraw = False
93.1041 	EXP 	Graz: status = STOPPED
93.1407 	INFO 	saved data to 'C:\\Users\\User\\Documents\\GitHub\\real_time_bci\\data\\310931_Graz_2025-12-03_18h10.57.000.csv'
93.1414 	INFO 	saved data to C:\Users\User\Documents\GitHub\real_time_bci\data\310931_Graz_2025-12-03_18h10.57.000.psydat
93.2678 	WARNING 	Stopping key buffers but this could be dangerous ifother keyboards rely on the same.
