5.1872 	INFO 	Loaded monitor calibration from ['2025_08_24 15:35']
5.2859 	WARNING 	User requested fullscreen with size [1024  768], but screen is actually [900, 1440]. Using actual size
5.5558 	INFO 	Using renderer 'GeForce GT 730/PCIe/SSE2' for graphics
5.5559 	INFO 	OpenGL version supported by driver is 4..
5.5677 	EXP 	Created window1 = Window(allowGUI=False, allowStencil=False, autoLog=True, backendConf=UNKNOWN, backgroundFit=<method-wrapper '__getattribute__' of attributeSetter object at 0x000002700188FB80>, backgroundImage=<method-wrapper '__getattribute__' of attributeSetter object at 0x000002700188FFD0>, bitsMode=UNKNOWN, blendMode='avg', bpc=(8, 8, 8), color=array([0, 0, 0]), colorSpace='rgb', depthBits=8, fullscr=True, gamma=None, gammaErrorPolicy='raise', infoMsg=UNKNOWN, lms=UNKNOWN, monitor=<psychopy.monitors.calibTools.Monitor object at 0x0000027001577610>, multiSample=False, name='window1', numSamples=2, pos=[0.0, 0.0], screen=0, size=array([ 900, 1440]), stencilBits=0, stereo=False, title='PsychoPy', units='height', useFBO=True, useRetina=False, viewOri=0.0, viewPos=None, viewScale=None, waitBlanking=True, winType='pyglet')
5.5677 	EXP 	window1: backgroundImage = ''
5.5678 	EXP 	window1: backgroundFit = 'none'
6.0108 	EXP 	window1: Attempting to measure frame rate of screen (0) ...
6.0109 	EXP 	window1: recordFrameIntervals = False
6.2149 	EXP 	window1: recordFrameIntervals = True
6.3988 	EXP 	Screen (0) actual frame rate measured at 59.90Hz
6.3988 	EXP 	window1: recordFrameIntervals = False
6.5122 	INFO 	keyboard.Keyboard is using ptb backend.
6.5122 	EXP 	Graz: status = STARTED
6.5977 	EXP 	Created attention_cross = ImageStim(__class__=<class 'psychopy.visual.image.ImageStim'>, anchor=('center', 'center'), autoLog=True, color=array([1., 1., 1.]), colorSpace='rgb', contrast=1.0, depth=0.0, draggable=False, flipHoriz=False, flipVert=False, image='stims/cross.png', interpolate=True, mask=None, maskParams=None, name='attention_cross', opacity=1, ori=0.0, pos=array([-0.3,  0. ]), size=array([1.33333333, 0.75      ]), texRes=128.0, units='height', win=Window(...))
6.6029 	EXP 	Created motor_cue = ImageStim(__class__=<class 'psychopy.visual.image.ImageStim'>, anchor=('center', 'center'), autoLog=True, color=array([1., 1., 1.]), colorSpace='rgb', contrast=1.0, depth=0.0, draggable=False, flipHoriz=False, flipVert=False, image='default.png', interpolate=True, mask=None, maskParams=None, name='motor_cue', opacity=1, ori=0.0, pos=array([0., 0.]), size=array([0.5, 0.5]), texRes=128.0, units='height', win=Window(...))
6.6568 	EXP 	Created attempt = ImageStim(__class__=<class 'psychopy.visual.image.ImageStim'>, anchor=('center', 'center'), autoLog=True, color=array([1., 1., 1.]), colorSpace='rgb', contrast=1.0, depth=0.0, draggable=False, flipHoriz=False, flipVert=False, image='stims/cross.png', interpolate=True, mask=None, maskParams=None, name='attempt', opacity=1, ori=0.0, pos=array([0., 0.]), size=array([0.5, 0.5]), texRes=128.0, units='height', win=Window(...))
0.0740 	EXP 	Imported stims_sequence.csv as conditions, 10 conditions, 2 params
0.0743 	EXP 	New trial (rep=0, index=0): <Trial 0 (0 in rep 0) data={'img': 'C:\\Users\\User\\Documents\\GitHub\\real_time_bci\\stims\\right_arrow.png', 'event_label': 'RIGHT_MI_STIM', 'thisN': 0, 'thisTrialN': 0, 'thisRepN': 0}>
5.0848 	EXP 	attention_cross: autoDraw = True
7.1243 	EXP 	attention_cross: autoDraw = False
7.1243 	EXP 	motor_cue: image = 'C:\\Users\\User\\Documents\\GitHub\\real_time_bci\\stims\\right_arrow.png'
7.1243 	EXP 	motor_cue: autoDraw = True
8.3407 	EXP 	motor_cue: autoDraw = False
8.3407 	EXP 	attempt: autoDraw = True
12.0812 	EXP 	New trial (rep=0, index=1): <Trial 1 (1 in rep 0) data={'img': 'C:\\Users\\User\\Documents\\GitHub\\real_time_bci\\stims\\left_arrow.png', 'event_label': 'LEFT_MI_STIM', 'thisN': 1, 'thisTrialN': 1, 'thisRepN': 0}>
12.0976 	EXP 	attempt: autoDraw = False
12.0976 	EXP 	attention_cross: autoDraw = True
14.1283 	EXP 	attention_cross: autoDraw = False
14.1283 	EXP 	motor_cue: image = 'C:\\Users\\User\\Documents\\GitHub\\real_time_bci\\stims\\left_arrow.png'
14.1283 	EXP 	motor_cue: autoDraw = True
15.3536 	EXP 	motor_cue: autoDraw = False
15.3536 	EXP 	attempt: autoDraw = True
19.0942 	EXP 	New trial (rep=0, index=2): <Trial 2 (2 in rep 0) data={'img': 'C:\\Users\\User\\Documents\\GitHub\\real_time_bci\\stims\\right_arrow.png', 'event_label': 'RIGHT_MI_STIM', 'thisN': 2, 'thisTrialN': 2, 'thisRepN': 0}>
19.1104 	EXP 	attempt: autoDraw = False
19.1104 	EXP 	attention_cross: autoDraw = True
21.1401 	EXP 	attention_cross: autoDraw = False
21.1401 	EXP 	motor_cue: image = 'C:\\Users\\User\\Documents\\GitHub\\real_time_bci\\stims\\right_arrow.png'
21.1401 	EXP 	motor_cue: autoDraw = True
22.3665 	EXP 	motor_cue: autoDraw = False
22.3665 	EXP 	attempt: autoDraw = True
26.1069 	EXP 	New trial (rep=0, index=3): <Trial 3 (3 in rep 0) data={'img': 'C:\\Users\\User\\Documents\\GitHub\\real_time_bci\\stims\\right_arrow.png', 'event_label': 'RIGHT_MI_STIM', 'thisN': 3, 'thisTrialN': 3, 'thisRepN': 0}>
26.1233 	EXP 	attempt: autoDraw = False
26.1233 	EXP 	attention_cross: autoDraw = True
28.1524 	EXP 	attention_cross: autoDraw = False
28.1524 	EXP 	motor_cue: image = 'C:\\Users\\User\\Documents\\GitHub\\real_time_bci\\stims\\right_arrow.png'
28.1524 	EXP 	motor_cue: autoDraw = True
29.3792 	EXP 	motor_cue: autoDraw = False
29.3792 	EXP 	attempt: autoDraw = True
33.1143 	EXP 	New trial (rep=0, index=4): <Trial 4 (4 in rep 0) data={'img': 'C:\\Users\\User\\Documents\\GitHub\\real_time_bci\\stims\\left_arrow.png', 'event_label': 'LEFT_MI_STIM', 'thisN': 4, 'thisTrialN': 4, 'thisRepN': 0}>
33.1196 	EXP 	attempt: autoDraw = False
33.1196 	EXP 	attention_cross: autoDraw = True
35.1476 	EXP 	attention_cross: autoDraw = False
35.1476 	EXP 	attention_cross: autoDraw = False
35.1476 	EXP 	motor_cue: image = 'C:\\Users\\User\\Documents\\GitHub\\real_time_bci\\stims\\left_arrow.png'
35.1476 	EXP 	motor_cue: autoDraw = True
36.3919 	EXP 	motor_cue: autoDraw = False
36.3919 	EXP 	attempt: autoDraw = True
40.1163 	EXP 	New trial (rep=0, index=5): <Trial 5 (5 in rep 0) data={'img': 'C:\\Users\\User\\Documents\\GitHub\\real_time_bci\\stims\\left_arrow.png', 'event_label': 'LEFT_MI_STIM', 'thisN': 5, 'thisTrialN': 5, 'thisRepN': 0}>
40.1325 	EXP 	attempt: autoDraw = False
40.1325 	EXP 	attention_cross: autoDraw = True
42.1599 	EXP 	attention_cross: autoDraw = False
42.1599 	EXP 	motor_cue: image = 'C:\\Users\\User\\Documents\\GitHub\\real_time_bci\\stims\\left_arrow.png'
42.1599 	EXP 	motor_cue: autoDraw = True
43.3882 	EXP 	motor_cue: autoDraw = False
43.3882 	EXP 	attempt: autoDraw = True
47.1293 	EXP 	New trial (rep=0, index=6): <Trial 6 (6 in rep 0) data={'img': 'C:\\Users\\User\\Documents\\GitHub\\real_time_bci\\stims\\right_arrow.png', 'event_label': 'RIGHT_MI_STIM', 'thisN': 6, 'thisTrialN': 6, 'thisRepN': 0}>
47.1455 	EXP 	attempt: autoDraw = False
47.1455 	EXP 	attention_cross: autoDraw = True
49.1921 	EXP 	attention_cross: autoDraw = False
49.1921 	EXP 	motor_cue: image = 'C:\\Users\\User\\Documents\\GitHub\\real_time_bci\\stims\\right_arrow.png'
49.1921 	EXP 	motor_cue: autoDraw = True
50.4018 	EXP 	motor_cue: autoDraw = False
50.4018 	EXP 	attempt: autoDraw = True
54.1427 	EXP 	New trial (rep=0, index=7): <Trial 7 (7 in rep 0) data={'img': 'C:\\Users\\User\\Documents\\GitHub\\real_time_bci\\stims\\right_arrow.png', 'event_label': 'RIGHT_MI_STIM', 'thisN': 7, 'thisTrialN': 7, 'thisRepN': 0}>
54.1587 	EXP 	attempt: autoDraw = False
54.1587 	EXP 	attention_cross: autoDraw = True
56.1914 	EXP 	attention_cross: autoDraw = False
56.1914 	EXP 	motor_cue: image = 'C:\\Users\\User\\Documents\\GitHub\\real_time_bci\\stims\\right_arrow.png'
56.1914 	EXP 	motor_cue: autoDraw = True
57.4142 	EXP 	motor_cue: autoDraw = False
57.4142 	EXP 	attempt: autoDraw = True
61.1550 	EXP 	New trial (rep=0, index=8): <Trial 8 (8 in rep 0) data={'img': 'C:\\Users\\User\\Documents\\GitHub\\real_time_bci\\stims\\left_arrow.png', 'event_label': 'LEFT_MI_STIM', 'thisN': 8, 'thisTrialN': 8, 'thisRepN': 0}>
61.1711 	EXP 	attempt: autoDraw = False
61.1711 	EXP 	attention_cross: autoDraw = True
63.2057 	EXP 	attention_cross: autoDraw = False
63.2057 	EXP 	motor_cue: image = 'C:\\Users\\User\\Documents\\GitHub\\real_time_bci\\stims\\left_arrow.png'
63.2057 	EXP 	motor_cue: autoDraw = True
64.4270 	EXP 	motor_cue: autoDraw = False
64.4270 	EXP 	attempt: autoDraw = True
68.1677 	EXP 	New trial (rep=0, index=9): <Trial 9 (9 in rep 0) data={'img': 'C:\\Users\\User\\Documents\\GitHub\\real_time_bci\\stims\\left_arrow.png', 'event_label': 'LEFT_MI_STIM', 'thisN': 9, 'thisTrialN': 9, 'thisRepN': 0}>
68.1837 	EXP 	attempt: autoDraw = False
68.1837 	EXP 	attention_cross: autoDraw = True
70.2115 	EXP 	attention_cross: autoDraw = False
70.2115 	EXP 	motor_cue: image = 'C:\\Users\\User\\Documents\\GitHub\\real_time_bci\\stims\\left_arrow.png'
70.2115 	EXP 	motor_cue: autoDraw = True
71.4402 	EXP 	motor_cue: autoDraw = False
71.4402 	EXP 	attempt: autoDraw = True
75.1799 	EXP 	New trial (rep=1, index=0): <Trial 10 (0 in rep 1) data={'img': 'C:\\Users\\User\\Documents\\GitHub\\real_time_bci\\stims\\right_arrow.png', 'event_label': 'RIGHT_MI_STIM', 'thisN': 10, 'thisTrialN': 0, 'thisRepN': 1}>
75.1970 	EXP 	attempt: autoDraw = False
75.1970 	EXP 	attention_cross: autoDraw = True
77.2224 	EXP 	attention_cross: autoDraw = False
77.2224 	EXP 	motor_cue: image = 'C:\\Users\\User\\Documents\\GitHub\\real_time_bci\\stims\\right_arrow.png'
77.2224 	EXP 	motor_cue: autoDraw = True
78.4526 	EXP 	motor_cue: autoDraw = False
78.4526 	EXP 	attempt: autoDraw = True
82.1931 	EXP 	New trial (rep=1, index=1): <Trial 11 (1 in rep 1) data={'img': 'C:\\Users\\User\\Documents\\GitHub\\real_time_bci\\stims\\left_arrow.png', 'event_label': 'LEFT_MI_STIM', 'thisN': 11, 'thisTrialN': 1, 'thisRepN': 1}>
82.2097 	EXP 	attempt: autoDraw = False
82.2097 	EXP 	attention_cross: autoDraw = True
84.2385 	EXP 	attention_cross: autoDraw = False
84.2385 	EXP 	motor_cue: image = 'C:\\Users\\User\\Documents\\GitHub\\real_time_bci\\stims\\left_arrow.png'
84.2385 	EXP 	motor_cue: autoDraw = True
85.4653 	EXP 	motor_cue: autoDraw = False
85.4653 	EXP 	attempt: autoDraw = True
89.2068 	EXP 	New trial (rep=1, index=2): <Trial 12 (2 in rep 1) data={'img': 'C:\\Users\\User\\Documents\\GitHub\\real_time_bci\\stims\\right_arrow.png', 'event_label': 'RIGHT_MI_STIM', 'thisN': 12, 'thisTrialN': 2, 'thisRepN': 1}>
89.2227 	EXP 	attempt: autoDraw = False
89.2227 	EXP 	attention_cross: autoDraw = True
91.2524 	EXP 	attention_cross: autoDraw = False
91.2524 	EXP 	motor_cue: image = 'C:\\Users\\User\\Documents\\GitHub\\real_time_bci\\stims\\right_arrow.png'
91.2524 	EXP 	motor_cue: autoDraw = True
92.4777 	EXP 	motor_cue: autoDraw = False
92.4777 	EXP 	attempt: autoDraw = True
96.2181 	EXP 	New trial (rep=1, index=3): <Trial 13 (3 in rep 1) data={'img': 'C:\\Users\\User\\Documents\\GitHub\\real_time_bci\\stims\\right_arrow.png', 'event_label': 'RIGHT_MI_STIM', 'thisN': 13, 'thisTrialN': 3, 'thisRepN': 1}>
96.2350 	EXP 	attempt: autoDraw = False
96.2350 	EXP 	attention_cross: autoDraw = True
98.2655 	EXP 	attention_cross: autoDraw = False
98.2655 	EXP 	motor_cue: image = 'C:\\Users\\User\\Documents\\GitHub\\real_time_bci\\stims\\right_arrow.png'
98.2655 	EXP 	motor_cue: autoDraw = True
99.4912 	EXP 	motor_cue: autoDraw = False
99.4912 	EXP 	attempt: autoDraw = True
103.2324 	EXP 	New trial (rep=1, index=4): <Trial 14 (4 in rep 1) data={'img': 'C:\\Users\\User\\Documents\\GitHub\\real_time_bci\\stims\\left_arrow.png', 'event_label': 'LEFT_MI_STIM', 'thisN': 14, 'thisTrialN': 4, 'thisRepN': 1}>
103.2484 	EXP 	attempt: autoDraw = False
103.2484 	EXP 	attention_cross: autoDraw = True
105.2753 	EXP 	attention_cross: autoDraw = False
105.2753 	EXP 	motor_cue: image = 'C:\\Users\\User\\Documents\\GitHub\\real_time_bci\\stims\\left_arrow.png'
105.2753 	EXP 	motor_cue: autoDraw = True
106.5038 	EXP 	motor_cue: autoDraw = False
106.5038 	EXP 	attempt: autoDraw = True
110.2437 	EXP 	New trial (rep=1, index=5): <Trial 15 (5 in rep 1) data={'img': 'C:\\Users\\User\\Documents\\GitHub\\real_time_bci\\stims\\left_arrow.png', 'event_label': 'LEFT_MI_STIM', 'thisN': 15, 'thisTrialN': 5, 'thisRepN': 1}>
110.2603 	EXP 	attempt: autoDraw = False
110.2603 	EXP 	attention_cross: autoDraw = True
112.2905 	EXP 	attention_cross: autoDraw = False
112.2905 	EXP 	motor_cue: image = 'C:\\Users\\User\\Documents\\GitHub\\real_time_bci\\stims\\left_arrow.png'
112.2905 	EXP 	motor_cue: autoDraw = True
113.5161 	EXP 	motor_cue: autoDraw = False
113.5161 	EXP 	attempt: autoDraw = True
117.2580 	EXP 	New trial (rep=1, index=6): <Trial 16 (6 in rep 1) data={'img': 'C:\\Users\\User\\Documents\\GitHub\\real_time_bci\\stims\\right_arrow.png', 'event_label': 'RIGHT_MI_STIM', 'thisN': 16, 'thisTrialN': 6, 'thisRepN': 1}>
117.2739 	EXP 	attempt: autoDraw = False
117.2739 	EXP 	attention_cross: autoDraw = True
119.3026 	EXP 	attention_cross: autoDraw = False
119.3026 	EXP 	motor_cue: image = 'C:\\Users\\User\\Documents\\GitHub\\real_time_bci\\stims\\right_arrow.png'
119.3026 	EXP 	motor_cue: autoDraw = True
120.5290 	EXP 	motor_cue: autoDraw = False
120.5290 	EXP 	attempt: autoDraw = True
124.2693 	EXP 	New trial (rep=1, index=7): <Trial 17 (7 in rep 1) data={'img': 'C:\\Users\\User\\Documents\\GitHub\\real_time_bci\\stims\\left_arrow.png', 'event_label': 'LEFT_MI_STIM', 'thisN': 17, 'thisTrialN': 7, 'thisRepN': 1}>
124.2858 	EXP 	attempt: autoDraw = False
124.2858 	EXP 	attention_cross: autoDraw = True
126.3247 	EXP 	attention_cross: autoDraw = False
126.3247 	EXP 	motor_cue: image = 'C:\\Users\\User\\Documents\\GitHub\\real_time_bci\\stims\\left_arrow.png'
126.3247 	EXP 	motor_cue: autoDraw = True
127.5424 	EXP 	motor_cue: autoDraw = False
127.5424 	EXP 	attempt: autoDraw = True
131.2836 	EXP 	New trial (rep=1, index=8): <Trial 18 (8 in rep 1) data={'img': 'C:\\Users\\User\\Documents\\GitHub\\real_time_bci\\stims\\left_arrow.png', 'event_label': 'LEFT_MI_STIM', 'thisN': 18, 'thisTrialN': 8, 'thisRepN': 1}>
131.2990 	EXP 	attempt: autoDraw = False
131.2990 	EXP 	attention_cross: autoDraw = True
133.3443 	EXP 	attention_cross: autoDraw = False
133.3443 	EXP 	motor_cue: image = 'C:\\Users\\User\\Documents\\GitHub\\real_time_bci\\stims\\left_arrow.png'
133.3443 	EXP 	motor_cue: autoDraw = True
134.5555 	EXP 	motor_cue: autoDraw = False
134.5555 	EXP 	attempt: autoDraw = True
138.2966 	EXP 	New trial (rep=1, index=9): <Trial 19 (9 in rep 1) data={'img': 'C:\\Users\\User\\Documents\\GitHub\\real_time_bci\\stims\\right_arrow.png', 'event_label': 'RIGHT_MI_STIM', 'thisN': 19, 'thisTrialN': 9, 'thisRepN': 1}>
138.3124 	EXP 	attempt: autoDraw = False
138.3124 	EXP 	attention_cross: autoDraw = True
140.3595 	EXP 	attention_cross: autoDraw = False
140.3595 	EXP 	motor_cue: image = 'C:\\Users\\User\\Documents\\GitHub\\real_time_bci\\stims\\right_arrow.png'
140.3595 	EXP 	motor_cue: autoDraw = True
141.5683 	EXP 	motor_cue: autoDraw = False
141.5683 	EXP 	attempt: autoDraw = True
145.3251 	EXP 	attempt: autoDraw = False
145.3255 	EXP 	Graz: status = STOPPED
145.3669 	INFO 	saved data to 'C:\\Users\\User\\Documents\\GitHub\\real_time_bci\\data\\484165_Graz_2025-08-31_19h58.07.237.csv'
145.3676 	INFO 	saved data to C:\Users\User\Documents\GitHub\real_time_bci\data\484165_Graz_2025-08-31_19h58.07.237.psydat
145.4765 	WARNING 	Stopping key buffers but this could be dangerous ifother keyboards rely on the same.
