10.9275 	INFO 	Loaded monitor calibration from ['2025_08_24 15:35']
11.0562 	WARNING 	User requested fullscreen with size [1024  768], but screen is actually [900, 1440]. Using actual size
11.3842 	INFO 	Using renderer 'GeForce GT 730/PCIe/SSE2' for graphics
11.3842 	INFO 	OpenGL version supported by driver is 4..
11.3971 	EXP 	Created window1 = Window(allowGUI=False, allowStencil=False, autoLog=True, backendConf=UNKNOWN, backgroundFit=<method-wrapper '__getattribute__' of attributeSetter object at 0x00000230731C6B80>, backgroundImage=<method-wrapper '__getattribute__' of attributeSetter object at 0x00000230731C6FD0>, bitsMode=UNKNOWN, blendMode='avg', bpc=(8, 8, 8), color=array([0, 0, 0]), colorSpace='rgb', depthBits=8, fullscr=True, gamma=None, gammaErrorPolicy='raise', infoMsg=UNKNOWN, lms=UNKNOWN, monitor=<psychopy.monitors.calibTools.Monitor object at 0x0000023073338610>, multiSample=False, name='window1', numSamples=2, pos=[0.0, 0.0], screen=0, size=array([ 900, 1440]), stencilBits=0, stereo=False, title='PsychoPy', units='height', useFBO=True, useRetina=False, viewOri=0.0, viewPos=None, viewScale=None, waitBlanking=True, winType='pyglet')
11.3972 	EXP 	window1: backgroundImage = ''
11.3972 	EXP 	window1: backgroundFit = 'none'
11.8451 	EXP 	window1: Attempting to measure frame rate of screen (0) ...
11.8451 	EXP 	window1: recordFrameIntervals = False
12.0461 	EXP 	window1: recordFrameIntervals = True
12.2299 	EXP 	Screen (0) actual frame rate measured at 59.90Hz
12.2299 	EXP 	window1: recordFrameIntervals = False
12.3343 	INFO 	keyboard.Keyboard is using ptb backend.
12.3344 	EXP 	Graz: status = STARTED
12.4148 	EXP 	Created attention_cross = ImageStim(__class__=<class 'psychopy.visual.image.ImageStim'>, anchor=('center', 'center'), autoLog=True, color=array([1., 1., 1.]), colorSpace='rgb', contrast=1.0, depth=0.0, draggable=False, flipHoriz=False, flipVert=False, image='stims/cross.png', interpolate=True, mask=None, maskParams=None, name='attention_cross', opacity=1, ori=0.0, pos=array([-0.3,  0. ]), size=array([1.33333333, 0.75      ]), texRes=128.0, units='height', win=Window(...))
12.4201 	EXP 	Created motor_cue = ImageStim(__class__=<class 'psychopy.visual.image.ImageStim'>, anchor=('center', 'center'), autoLog=True, color=array([1., 1., 1.]), colorSpace='rgb', contrast=1.0, depth=0.0, draggable=False, flipHoriz=False, flipVert=False, image='default.png', interpolate=True, mask=None, maskParams=None, name='motor_cue', opacity=1, ori=0.0, pos=array([0., 0.]), size=array([0.5, 0.5]), texRes=128.0, units='height', win=Window(...))
12.4743 	EXP 	Created attempt = ImageStim(__class__=<class 'psychopy.visual.image.ImageStim'>, anchor=('center', 'center'), autoLog=True, color=array([1., 1., 1.]), colorSpace='rgb', contrast=1.0, depth=0.0, draggable=False, flipHoriz=False, flipVert=False, image='stims/cross.png', interpolate=True, mask=None, maskParams=None, name='attempt', opacity=1, ori=0.0, pos=array([0., 0.]), size=array([0.5, 0.5]), texRes=128.0, units='height', win=Window(...))
0.0918 	EXP 	Imported stims_sequence.csv as conditions, 10 conditions, 2 params
0.0921 	EXP 	New trial (rep=0, index=0): <Trial 0 (0 in rep 0) data={'img': 'C:\\Users\\User\\Documents\\GitHub\\real_time_bci\\stims\\left_arrow.png', 'event_label': 'LEFT_MI_STIM', 'thisN': 0, 'thisTrialN': 0, 'thisRepN': 0}>
5.0988 	EXP 	attention_cross: autoDraw = True
7.1395 	EXP 	attention_cross: autoDraw = False
7.1395 	EXP 	attention_cross: autoDraw = False
7.1395 	EXP 	motor_cue: image = 'C:\\Users\\User\\Documents\\GitHub\\real_time_bci\\stims\\left_arrow.png'
7.1395 	EXP 	motor_cue: autoDraw = True
8.3712 	EXP 	motor_cue: autoDraw = False
8.3712 	EXP 	attempt: autoDraw = True
12.0950 	EXP 	New trial (rep=0, index=1): <Trial 1 (1 in rep 0) data={'img': 'C:\\Users\\User\\Documents\\GitHub\\real_time_bci\\stims\\left_arrow.png', 'event_label': 'LEFT_MI_STIM', 'thisN': 1, 'thisTrialN': 1, 'thisRepN': 0}>
12.1115 	EXP 	attempt: autoDraw = False
12.1115 	EXP 	attention_cross: autoDraw = True
14.1400 	EXP 	attention_cross: autoDraw = False
14.1400 	EXP 	motor_cue: image = 'C:\\Users\\User\\Documents\\GitHub\\real_time_bci\\stims\\left_arrow.png'
14.1400 	EXP 	motor_cue: autoDraw = True
15.3674 	EXP 	motor_cue: autoDraw = False
15.3674 	EXP 	attempt: autoDraw = True
19.1079 	EXP 	New trial (rep=0, index=2): <Trial 2 (2 in rep 0) data={'img': 'C:\\Users\\User\\Documents\\GitHub\\real_time_bci\\stims\\left_arrow.png', 'event_label': 'LEFT_MI_STIM', 'thisN': 2, 'thisTrialN': 2, 'thisRepN': 0}>
19.1252 	EXP 	attempt: autoDraw = False
19.1252 	EXP 	attention_cross: autoDraw = True
21.1531 	EXP 	attention_cross: autoDraw = False
21.1531 	EXP 	motor_cue: image = 'C:\\Users\\User\\Documents\\GitHub\\real_time_bci\\stims\\left_arrow.png'
21.1531 	EXP 	motor_cue: autoDraw = True
22.3800 	EXP 	motor_cue: autoDraw = False
22.3800 	EXP 	attempt: autoDraw = True
26.1206 	EXP 	New trial (rep=0, index=3): <Trial 3 (3 in rep 0) data={'img': 'C:\\Users\\User\\Documents\\GitHub\\real_time_bci\\stims\\left_arrow.png', 'event_label': 'LEFT_MI_STIM', 'thisN': 3, 'thisTrialN': 3, 'thisRepN': 0}>
26.1370 	EXP 	attempt: autoDraw = False
26.1370 	EXP 	attention_cross: autoDraw = True
28.1685 	EXP 	attention_cross: autoDraw = False
28.1685 	EXP 	motor_cue: image = 'C:\\Users\\User\\Documents\\GitHub\\real_time_bci\\stims\\left_arrow.png'
28.1685 	EXP 	motor_cue: autoDraw = True
29.3929 	EXP 	motor_cue: autoDraw = False
29.3929 	EXP 	attempt: autoDraw = True
33.1334 	EXP 	New trial (rep=0, index=4): <Trial 4 (4 in rep 0) data={'img': 'C:\\Users\\User\\Documents\\GitHub\\real_time_bci\\stims\\left_arrow.png', 'event_label': 'LEFT_MI_STIM', 'thisN': 4, 'thisTrialN': 4, 'thisRepN': 0}>
33.1498 	EXP 	attempt: autoDraw = False
33.1498 	EXP 	attention_cross: autoDraw = True
35.1776 	EXP 	attention_cross: autoDraw = False
35.1776 	EXP 	motor_cue: image = 'C:\\Users\\User\\Documents\\GitHub\\real_time_bci\\stims\\left_arrow.png'
35.1776 	EXP 	motor_cue: autoDraw = True
36.4055 	EXP 	motor_cue: autoDraw = False
36.4055 	EXP 	attempt: autoDraw = True
40.1460 	EXP 	New trial (rep=0, index=5): <Trial 5 (5 in rep 0) data={'img': 'C:\\Users\\User\\Documents\\GitHub\\real_time_bci\\stims\\right_arrow.png', 'event_label': 'RIGHT_MI_STIM', 'thisN': 5, 'thisTrialN': 5, 'thisRepN': 0}>
40.1624 	EXP 	attempt: autoDraw = False
40.1624 	EXP 	attention_cross: autoDraw = True
42.1903 	EXP 	attention_cross: autoDraw = False
42.1903 	EXP 	motor_cue: image = 'C:\\Users\\User\\Documents\\GitHub\\real_time_bci\\stims\\right_arrow.png'
42.1903 	EXP 	motor_cue: autoDraw = True
43.4186 	EXP 	motor_cue: autoDraw = False
43.4186 	EXP 	attempt: autoDraw = True
47.1588 	EXP 	New trial (rep=0, index=6): <Trial 6 (6 in rep 0) data={'img': 'C:\\Users\\User\\Documents\\GitHub\\real_time_bci\\stims\\right_arrow.png', 'event_label': 'RIGHT_MI_STIM', 'thisN': 6, 'thisTrialN': 6, 'thisRepN': 0}>
47.1755 	EXP 	attempt: autoDraw = False
47.1755 	EXP 	attention_cross: autoDraw = True
49.2036 	EXP 	attention_cross: autoDraw = False
49.2036 	EXP 	motor_cue: image = 'C:\\Users\\User\\Documents\\GitHub\\real_time_bci\\stims\\right_arrow.png'
49.2036 	EXP 	motor_cue: autoDraw = True
50.4313 	EXP 	motor_cue: autoDraw = False
50.4313 	EXP 	attempt: autoDraw = True
54.1716 	EXP 	New trial (rep=0, index=7): <Trial 7 (7 in rep 0) data={'img': 'C:\\Users\\User\\Documents\\GitHub\\real_time_bci\\stims\\right_arrow.png', 'event_label': 'RIGHT_MI_STIM', 'thisN': 7, 'thisTrialN': 7, 'thisRepN': 0}>
54.1880 	EXP 	attempt: autoDraw = False
54.1880 	EXP 	attention_cross: autoDraw = True
56.2173 	EXP 	attention_cross: autoDraw = False
56.2173 	EXP 	motor_cue: image = 'C:\\Users\\User\\Documents\\GitHub\\real_time_bci\\stims\\right_arrow.png'
56.2173 	EXP 	motor_cue: autoDraw = True
57.4440 	EXP 	motor_cue: autoDraw = False
57.4440 	EXP 	attempt: autoDraw = True
61.1843 	EXP 	New trial (rep=0, index=8): <Trial 8 (8 in rep 0) data={'img': 'C:\\Users\\User\\Documents\\GitHub\\real_time_bci\\stims\\right_arrow.png', 'event_label': 'RIGHT_MI_STIM', 'thisN': 8, 'thisTrialN': 8, 'thisRepN': 0}>
61.2009 	EXP 	attempt: autoDraw = False
61.2009 	EXP 	attention_cross: autoDraw = True
63.2300 	EXP 	attention_cross: autoDraw = False
63.2300 	EXP 	motor_cue: image = 'C:\\Users\\User\\Documents\\GitHub\\real_time_bci\\stims\\right_arrow.png'
63.2300 	EXP 	motor_cue: autoDraw = True
64.4568 	EXP 	motor_cue: autoDraw = False
64.4568 	EXP 	attempt: autoDraw = True
68.1973 	EXP 	New trial (rep=0, index=9): <Trial 9 (9 in rep 0) data={'img': 'C:\\Users\\User\\Documents\\GitHub\\real_time_bci\\stims\\right_arrow.png', 'event_label': 'RIGHT_MI_STIM', 'thisN': 9, 'thisTrialN': 9, 'thisRepN': 0}>
68.2137 	EXP 	attempt: autoDraw = False
68.2137 	EXP 	attention_cross: autoDraw = True
70.2420 	EXP 	attention_cross: autoDraw = False
70.2420 	EXP 	motor_cue: image = 'C:\\Users\\User\\Documents\\GitHub\\real_time_bci\\stims\\right_arrow.png'
70.2420 	EXP 	motor_cue: autoDraw = True
71.4696 	EXP 	motor_cue: autoDraw = False
71.4696 	EXP 	attempt: autoDraw = True
75.2263 	EXP 	attempt: autoDraw = False
75.2264 	EXP 	Graz: status = STOPPED
75.2584 	INFO 	saved data to 'C:\\Users\\User\\Documents\\GitHub\\real_time_bci\\data\\678743_Graz_2025-08-31_17h16.56.086.csv'
75.2590 	INFO 	saved data to C:\Users\User\Documents\GitHub\real_time_bci\data\678743_Graz_2025-08-31_17h16.56.086.psydat
75.3894 	WARNING 	Stopping key buffers but this could be dangerous ifother keyboards rely on the same.
