143.9449 	INFO 	Loaded monitor calibration from ['2025_08_24 15:35']
144.0545 	WARNING 	User requested fullscreen with size [1024  768], but screen is actually [900, 1440]. Using actual size
144.3609 	INFO 	Using renderer 'GeForce GT 730/PCIe/SSE2' for graphics
144.3609 	INFO 	OpenGL version supported by driver is 4..
144.3742 	EXP 	Created window1 = Window(allowGUI=False, allowStencil=False, autoLog=True, backendConf=UNKNOWN, backgroundFit=<method-wrapper '__getattribute__' of attributeSetter object at 0x000002B4DC799B80>, backgroundImage=<method-wrapper '__getattribute__' of attributeSetter object at 0x000002B4DC799FD0>, bitsMode=UNKNOWN, blendMode='avg', bpc=(8, 8, 8), color=array([0, 0, 0]), colorSpace='rgb', depthBits=8, fullscr=True, gamma=None, gammaErrorPolicy='raise', infoMsg=UNKNOWN, lms=UNKNOWN, monitor=<psychopy.monitors.calibTools.Monitor object at 0x000002B4DC88D670>, multiSample=False, name='window1', numSamples=2, pos=[0.0, 0.0], screen=0, size=array([ 900, 1440]), stencilBits=0, stereo=False, title='PsychoPy', units='height', useFBO=True, useRetina=False, viewOri=0.0, viewPos=None, viewScale=None, waitBlanking=True, winType='pyglet')
144.3742 	EXP 	window1: backgroundImage = ''
144.3742 	EXP 	window1: backgroundFit = 'none'
144.8284 	EXP 	window1: Attempting to measure frame rate of screen (0) ...
144.8284 	EXP 	window1: recordFrameIntervals = False
145.0239 	EXP 	window1: recordFrameIntervals = True
145.2069 	EXP 	Screen (0) actual frame rate measured at 59.96Hz
145.2069 	EXP 	window1: recordFrameIntervals = False
145.3166 	INFO 	keyboard.Keyboard is using ptb backend.
145.3166 	EXP 	Graz: status = STARTED
145.3892 	EXP 	Created attention_cross = ImageStim(__class__=<class 'psychopy.visual.image.ImageStim'>, anchor=('center', 'center'), autoLog=True, color=array([1., 1., 1.]), colorSpace='rgb', contrast=1.0, depth=0.0, draggable=False, flipHoriz=False, flipVert=False, image='stims/cross.png', interpolate=True, mask=None, maskParams=None, name='attention_cross', opacity=1, ori=0.0, pos=array([-0.3,  0. ]), size=array([1.33333333, 0.75      ]), texRes=128.0, units='height', win=Window(...))
145.3944 	EXP 	Created motor_cue = ImageStim(__class__=<class 'psychopy.visual.image.ImageStim'>, anchor=('center', 'center'), autoLog=True, color=array([1., 1., 1.]), colorSpace='rgb', contrast=1.0, depth=0.0, draggable=False, flipHoriz=False, flipVert=False, image='default.png', interpolate=True, mask=None, maskParams=None, name='motor_cue', opacity=1, ori=0.0, pos=array([0., 0.]), size=array([0.5, 0.5]), texRes=128.0, units='height', win=Window(...))
145.4567 	EXP 	Created attempt = ImageStim(__class__=<class 'psychopy.visual.image.ImageStim'>, anchor=('center', 'center'), autoLog=True, color=array([1., 1., 1.]), colorSpace='rgb', contrast=1.0, depth=0.0, draggable=False, flipHoriz=False, flipVert=False, image='stims/cross.png', interpolate=True, mask=None, maskParams=None, name='attempt', opacity=1, ori=0.0, pos=array([0., 0.]), size=array([0.5, 0.5]), texRes=128.0, units='height', win=Window(...))
0.0691 	EXP 	Imported stims_sequence.csv as conditions, 10 conditions, 2 params
0.0694 	EXP 	New trial (rep=0, index=0): <Trial 0 (0 in rep 0) data={'img': 'C:\\Users\\User\\Documents\\GitHub\\real_time_bci\\stims\\right_arrow.png', 'event_label': 'RIGHT_MI_STIM', 'thisN': 0, 'thisTrialN': 0, 'thisRepN': 0}>
5.0764 	EXP 	attention_cross: autoDraw = True
7.1128 	EXP 	attention_cross: autoDraw = False
7.1128 	EXP 	attention_cross: autoDraw = False
7.1128 	EXP 	motor_cue: image = 'C:\\Users\\User\\Documents\\GitHub\\real_time_bci\\stims\\right_arrow.png'
7.1128 	EXP 	motor_cue: autoDraw = True
8.3323 	EXP 	motor_cue: autoDraw = False
8.3323 	EXP 	attempt: autoDraw = True
12.0727 	EXP 	New trial (rep=0, index=1): <Trial 1 (1 in rep 0) data={'img': 'C:\\Users\\User\\Documents\\GitHub\\real_time_bci\\stims\\left_arrow.png', 'event_label': 'LEFT_MI_STIM', 'thisN': 1, 'thisTrialN': 1, 'thisRepN': 0}>
12.0892 	EXP 	attempt: autoDraw = False
12.0892 	EXP 	attention_cross: autoDraw = True
14.1166 	EXP 	attention_cross: autoDraw = False
14.1166 	EXP 	motor_cue: image = 'C:\\Users\\User\\Documents\\GitHub\\real_time_bci\\stims\\left_arrow.png'
14.1166 	EXP 	motor_cue: autoDraw = True
15.3451 	EXP 	motor_cue: autoDraw = False
15.3451 	EXP 	attempt: autoDraw = True
19.0855 	EXP 	New trial (rep=0, index=2): <Trial 2 (2 in rep 0) data={'img': 'C:\\Users\\User\\Documents\\GitHub\\real_time_bci\\stims\\right_arrow.png', 'event_label': 'RIGHT_MI_STIM', 'thisN': 2, 'thisTrialN': 2, 'thisRepN': 0}>
19.1019 	EXP 	attempt: autoDraw = False
19.1019 	EXP 	attention_cross: autoDraw = True
21.1305 	EXP 	attention_cross: autoDraw = False
21.1305 	EXP 	motor_cue: image = 'C:\\Users\\User\\Documents\\GitHub\\real_time_bci\\stims\\right_arrow.png'
21.1305 	EXP 	motor_cue: autoDraw = True
22.3579 	EXP 	motor_cue: autoDraw = False
22.3579 	EXP 	attempt: autoDraw = True
26.0982 	EXP 	New trial (rep=0, index=3): <Trial 3 (3 in rep 0) data={'img': 'C:\\Users\\User\\Documents\\GitHub\\real_time_bci\\stims\\right_arrow.png', 'event_label': 'RIGHT_MI_STIM', 'thisN': 3, 'thisTrialN': 3, 'thisRepN': 0}>
26.1146 	EXP 	attempt: autoDraw = False
26.1146 	EXP 	attention_cross: autoDraw = True
28.1454 	EXP 	attention_cross: autoDraw = False
28.1454 	EXP 	motor_cue: image = 'C:\\Users\\User\\Documents\\GitHub\\real_time_bci\\stims\\right_arrow.png'
28.1454 	EXP 	motor_cue: autoDraw = True
29.3709 	EXP 	motor_cue: autoDraw = False
29.3709 	EXP 	attempt: autoDraw = True
33.1110 	EXP 	New trial (rep=0, index=4): <Trial 4 (4 in rep 0) data={'img': 'C:\\Users\\User\\Documents\\GitHub\\real_time_bci\\stims\\left_arrow.png', 'event_label': 'LEFT_MI_STIM', 'thisN': 4, 'thisTrialN': 4, 'thisRepN': 0}>
33.1275 	EXP 	attempt: autoDraw = False
33.1275 	EXP 	attention_cross: autoDraw = True
34.4678 	DATA 	Mouse: Left button down, pos=(451,1158)
34.5649 	DATA 	Mouse:  Left button up, pos=(451,1158)
34.9643 	EXP 	Device response: <KeyPress from None: t=34.95199659978971, value=escape, duration=None>
34.9655 	DATA 	Keypress: escape
35.0813 	EXP 	Device response: <KeyPress from None: t=34.95199659978971, value=escape, duration=0.1284250000026077>
35.0813 	EXP 	Graz: status = STOPPED
35.0987 	EXP 	attention_cross: autoDraw = False
35.0987 	EXP 	Graz: status = STOPPED
35.1294 	INFO 	saved data to 'C:\\Users\\User\\Documents\\GitHub\\real_time_bci\\data\\777373_Graz_2025-08-28_12h12.31.010.csv'
35.1300 	INFO 	saved data to C:\Users\User\Documents\GitHub\real_time_bci\data\777373_Graz_2025-08-28_12h12.31.010.psydat
35.2704 	WARNING 	Stopping key buffers but this could be dangerous ifother keyboards rely on the same.
