62.1137 	INFO 	Loaded monitor calibration from ['2025_08_24 15:35']
62.2185 	WARNING 	User requested fullscreen with size [1024  768], but screen is actually [900, 1440]. Using actual size
62.5132 	INFO 	Using renderer 'GeForce GT 730/PCIe/SSE2' for graphics
62.5132 	INFO 	OpenGL version supported by driver is 4..
62.5266 	EXP 	Created window1 = Window(allowGUI=False, allowStencil=False, autoLog=True, backendConf=UNKNOWN, backgroundFit=<method-wrapper '__getattribute__' of attributeSetter object at 0x00000210CAB19B80>, backgroundImage=<method-wrapper '__getattribute__' of attributeSetter object at 0x00000210CAB19FD0>, bitsMode=UNKNOWN, blendMode='avg', bpc=(8, 8, 8), color=array([0, 0, 0]), colorSpace='rgb', depthBits=8, fullscr=True, gamma=None, gammaErrorPolicy='raise', infoMsg=UNKNOWN, lms=UNKNOWN, monitor=<psychopy.monitors.calibTools.Monitor object at 0x00000210CAF0B670>, multiSample=False, name='window1', numSamples=2, pos=[0.0, 0.0], screen=0, size=array([ 900, 1440]), stencilBits=0, stereo=False, title='PsychoPy', units='height', useFBO=True, useRetina=False, viewOri=0.0, viewPos=None, viewScale=None, waitBlanking=True, winType='pyglet')
62.5266 	EXP 	window1: backgroundImage = ''
62.5266 	EXP 	window1: backgroundFit = 'none'
62.9797 	EXP 	window1: Attempting to measure frame rate of screen (0) ...
62.9798 	EXP 	window1: recordFrameIntervals = False
63.1935 	EXP 	window1: recordFrameIntervals = True
63.3771 	EXP 	Screen (0) actual frame rate measured at 59.91Hz
63.3772 	EXP 	window1: recordFrameIntervals = False
63.4846 	INFO 	keyboard.Keyboard is using ptb backend.
63.4847 	EXP 	Graz: status = STARTED
63.5556 	EXP 	Created attention_cross = ImageStim(__class__=<class 'psychopy.visual.image.ImageStim'>, anchor=('center', 'center'), autoLog=True, color=array([1., 1., 1.]), colorSpace='rgb', contrast=1.0, depth=0.0, draggable=False, flipHoriz=False, flipVert=False, image='stims/cross.png', interpolate=True, mask=None, maskParams=None, name='attention_cross', opacity=1, ori=0.0, pos=array([-0.3,  0. ]), size=array([1.33333333, 0.75      ]), texRes=128.0, units='height', win=Window(...))
63.5610 	EXP 	Created motor_cue = ImageStim(__class__=<class 'psychopy.visual.image.ImageStim'>, anchor=('center', 'center'), autoLog=True, color=array([1., 1., 1.]), colorSpace='rgb', contrast=1.0, depth=0.0, draggable=False, flipHoriz=False, flipVert=False, image='default.png', interpolate=True, mask=None, maskParams=None, name='motor_cue', opacity=1, ori=0.0, pos=array([0., 0.]), size=array([0.5, 0.5]), texRes=128.0, units='height', win=Window(...))
63.6093 	EXP 	Created attempt = ImageStim(__class__=<class 'psychopy.visual.image.ImageStim'>, anchor=('center', 'center'), autoLog=True, color=array([1., 1., 1.]), colorSpace='rgb', contrast=1.0, depth=0.0, draggable=False, flipHoriz=False, flipVert=False, image='stims/cross.png', interpolate=True, mask=None, maskParams=None, name='attempt', opacity=1, ori=0.0, pos=array([0., 0.]), size=array([0.5, 0.5]), texRes=128.0, units='height', win=Window(...))
0.0733 	EXP 	Imported stims_sequence.csv as conditions, 10 conditions, 2 params
0.0736 	EXP 	New trial (rep=0, index=0): <Trial 0 (0 in rep 0) data={'img': 'C:\\Users\\User\\Documents\\GitHub\\real_time_bci\\stims\\right_arrow.png', 'event_label': 'RIGHT_MI_STIM', 'thisN': 0, 'thisTrialN': 0, 'thisRepN': 0}>
5.0774 	EXP 	attention_cross: autoDraw = True
7.1140 	EXP 	attention_cross: autoDraw = False
7.1140 	EXP 	attention_cross: autoDraw = False
7.1140 	EXP 	motor_cue: image = 'C:\\Users\\User\\Documents\\GitHub\\real_time_bci\\stims\\right_arrow.png'
7.1140 	EXP 	motor_cue: autoDraw = True
8.3509 	EXP 	motor_cue: autoDraw = False
8.3509 	EXP 	attempt: autoDraw = True
12.0738 	EXP 	New trial (rep=0, index=1): <Trial 1 (1 in rep 0) data={'img': 'C:\\Users\\User\\Documents\\GitHub\\real_time_bci\\stims\\right_arrow.png', 'event_label': 'RIGHT_MI_STIM', 'thisN': 1, 'thisTrialN': 1, 'thisRepN': 0}>
12.0903 	EXP 	attempt: autoDraw = False
12.0903 	EXP 	attention_cross: autoDraw = True
14.1211 	EXP 	attention_cross: autoDraw = False
14.1211 	EXP 	motor_cue: image = 'C:\\Users\\User\\Documents\\GitHub\\real_time_bci\\stims\\right_arrow.png'
14.1211 	EXP 	motor_cue: autoDraw = True
15.3463 	EXP 	motor_cue: autoDraw = False
15.3463 	EXP 	attempt: autoDraw = True
19.0866 	EXP 	New trial (rep=0, index=2): <Trial 2 (2 in rep 0) data={'img': 'C:\\Users\\User\\Documents\\GitHub\\real_time_bci\\stims\\right_arrow.png', 'event_label': 'RIGHT_MI_STIM', 'thisN': 2, 'thisTrialN': 2, 'thisRepN': 0}>
19.1032 	EXP 	attempt: autoDraw = False
19.1032 	EXP 	attention_cross: autoDraw = True
21.1314 	EXP 	attention_cross: autoDraw = False
21.1314 	EXP 	motor_cue: image = 'C:\\Users\\User\\Documents\\GitHub\\real_time_bci\\stims\\right_arrow.png'
21.1314 	EXP 	motor_cue: autoDraw = True
22.3592 	EXP 	motor_cue: autoDraw = False
22.3592 	EXP 	attempt: autoDraw = True
26.0993 	EXP 	New trial (rep=0, index=3): <Trial 3 (3 in rep 0) data={'img': 'C:\\Users\\User\\Documents\\GitHub\\real_time_bci\\stims\\right_arrow.png', 'event_label': 'RIGHT_MI_STIM', 'thisN': 3, 'thisTrialN': 3, 'thisRepN': 0}>
26.1159 	EXP 	attempt: autoDraw = False
26.1159 	EXP 	attention_cross: autoDraw = True
28.1445 	EXP 	attention_cross: autoDraw = False
28.1445 	EXP 	motor_cue: image = 'C:\\Users\\User\\Documents\\GitHub\\real_time_bci\\stims\\right_arrow.png'
28.1445 	EXP 	motor_cue: autoDraw = True
29.3721 	EXP 	motor_cue: autoDraw = False
29.3721 	EXP 	attempt: autoDraw = True
33.1126 	EXP 	New trial (rep=0, index=4): <Trial 4 (4 in rep 0) data={'img': 'C:\\Users\\User\\Documents\\GitHub\\real_time_bci\\stims\\right_arrow.png', 'event_label': 'RIGHT_MI_STIM', 'thisN': 4, 'thisTrialN': 4, 'thisRepN': 0}>
33.1290 	EXP 	attempt: autoDraw = False
33.1290 	EXP 	attention_cross: autoDraw = True
35.1594 	EXP 	attention_cross: autoDraw = False
35.1594 	EXP 	motor_cue: image = 'C:\\Users\\User\\Documents\\GitHub\\real_time_bci\\stims\\right_arrow.png'
35.1594 	EXP 	motor_cue: autoDraw = True
36.3847 	EXP 	motor_cue: autoDraw = False
36.3847 	EXP 	attempt: autoDraw = True
40.1251 	EXP 	New trial (rep=0, index=5): <Trial 5 (5 in rep 0) data={'img': 'C:\\Users\\User\\Documents\\GitHub\\real_time_bci\\stims\\left_arrow.png', 'event_label': 'LEFT_MI_STIM', 'thisN': 5, 'thisTrialN': 5, 'thisRepN': 0}>
40.1415 	EXP 	attempt: autoDraw = False
40.1415 	EXP 	attention_cross: autoDraw = True
42.1729 	EXP 	attention_cross: autoDraw = False
42.1729 	EXP 	motor_cue: image = 'C:\\Users\\User\\Documents\\GitHub\\real_time_bci\\stims\\left_arrow.png'
42.1729 	EXP 	motor_cue: autoDraw = True
43.3975 	EXP 	motor_cue: autoDraw = False
43.3975 	EXP 	attempt: autoDraw = True
47.1379 	EXP 	New trial (rep=0, index=6): <Trial 6 (6 in rep 0) data={'img': 'C:\\Users\\User\\Documents\\GitHub\\real_time_bci\\stims\\left_arrow.png', 'event_label': 'LEFT_MI_STIM', 'thisN': 6, 'thisTrialN': 6, 'thisRepN': 0}>
47.1543 	EXP 	attempt: autoDraw = False
47.1543 	EXP 	attention_cross: autoDraw = True
49.1833 	EXP 	attention_cross: autoDraw = False
49.1833 	EXP 	motor_cue: image = 'C:\\Users\\User\\Documents\\GitHub\\real_time_bci\\stims\\left_arrow.png'
49.1833 	EXP 	motor_cue: autoDraw = True
50.4104 	EXP 	motor_cue: autoDraw = False
50.4104 	EXP 	attempt: autoDraw = True
54.1505 	EXP 	New trial (rep=0, index=7): <Trial 7 (7 in rep 0) data={'img': 'C:\\Users\\User\\Documents\\GitHub\\real_time_bci\\stims\\left_arrow.png', 'event_label': 'LEFT_MI_STIM', 'thisN': 7, 'thisTrialN': 7, 'thisRepN': 0}>
54.1671 	EXP 	attempt: autoDraw = False
54.1671 	EXP 	attention_cross: autoDraw = True
56.1939 	EXP 	attention_cross: autoDraw = False
56.1939 	EXP 	motor_cue: image = 'C:\\Users\\User\\Documents\\GitHub\\real_time_bci\\stims\\left_arrow.png'
56.1939 	EXP 	motor_cue: autoDraw = True
57.4231 	EXP 	motor_cue: autoDraw = False
57.4231 	EXP 	attempt: autoDraw = True
61.1634 	EXP 	New trial (rep=0, index=8): <Trial 8 (8 in rep 0) data={'img': 'C:\\Users\\User\\Documents\\GitHub\\real_time_bci\\stims\\left_arrow.png', 'event_label': 'LEFT_MI_STIM', 'thisN': 8, 'thisTrialN': 8, 'thisRepN': 0}>
61.1807 	EXP 	attempt: autoDraw = False
61.1807 	EXP 	attention_cross: autoDraw = True
63.2125 	EXP 	attention_cross: autoDraw = False
63.2125 	EXP 	motor_cue: image = 'C:\\Users\\User\\Documents\\GitHub\\real_time_bci\\stims\\left_arrow.png'
63.2125 	EXP 	motor_cue: autoDraw = True
64.4357 	EXP 	motor_cue: autoDraw = False
64.4357 	EXP 	attempt: autoDraw = True
68.1762 	EXP 	New trial (rep=0, index=9): <Trial 9 (9 in rep 0) data={'img': 'C:\\Users\\User\\Documents\\GitHub\\real_time_bci\\stims\\left_arrow.png', 'event_label': 'LEFT_MI_STIM', 'thisN': 9, 'thisTrialN': 9, 'thisRepN': 0}>
68.1927 	EXP 	attempt: autoDraw = False
68.1927 	EXP 	attention_cross: autoDraw = True
70.2227 	EXP 	attention_cross: autoDraw = False
70.2227 	EXP 	motor_cue: image = 'C:\\Users\\User\\Documents\\GitHub\\real_time_bci\\stims\\left_arrow.png'
70.2227 	EXP 	motor_cue: autoDraw = True
71.4484 	EXP 	motor_cue: autoDraw = False
71.4484 	EXP 	attempt: autoDraw = True
75.2054 	EXP 	attempt: autoDraw = False
75.2056 	EXP 	Graz: status = STOPPED
75.2377 	INFO 	saved data to 'C:\\Users\\User\\Documents\\GitHub\\real_time_bci\\data\\802441_Graz_2025-08-28_12h17.01.366.csv'
75.2384 	INFO 	saved data to C:\Users\User\Documents\GitHub\real_time_bci\data\802441_Graz_2025-08-28_12h17.01.366.psydat
75.3569 	WARNING 	Stopping key buffers but this could be dangerous ifother keyboards rely on the same.
