13.9028 	INFO 	Loaded monitor calibration from ['2025_08_24 15:35']
14.0489 	WARNING 	User requested fullscreen with size [1024  768], but screen is actually [900, 1440]. Using actual size
14.3904 	INFO 	Using renderer 'GeForce GT 730/PCIe/SSE2' for graphics
14.3905 	INFO 	OpenGL version supported by driver is 4..
14.4104 	EXP 	Created window1 = Window(allowGUI=False, allowStencil=False, autoLog=True, backendConf=UNKNOWN, backgroundFit=<method-wrapper '__getattribute__' of attributeSetter object at 0x000002CA6D4ECB80>, backgroundImage=<method-wrapper '__getattribute__' of attributeSetter object at 0x000002CA6D4ECFD0>, bitsMode=UNKNOWN, blendMode='avg', bpc=(8, 8, 8), color=array([0, 0, 0]), colorSpace='rgb', depthBits=8, fullscr=True, gamma=None, gammaErrorPolicy='raise', infoMsg=UNKNOWN, lms=UNKNOWN, monitor=<psychopy.monitors.calibTools.Monitor object at 0x000002CA6D8E7730>, multiSample=False, name='window1', numSamples=2, pos=[0.0, 0.0], screen=0, size=array([ 900, 1440]), stencilBits=0, stereo=False, title='PsychoPy', units='height', useFBO=True, useRetina=False, viewOri=0.0, viewPos=None, viewScale=None, waitBlanking=True, winType='pyglet')
14.4105 	EXP 	window1: backgroundImage = ''
14.4105 	EXP 	window1: backgroundFit = 'none'
14.8763 	EXP 	window1: Attempting to measure frame rate of screen (0) ...
14.8763 	EXP 	window1: recordFrameIntervals = False
15.1333 	EXP 	window1: recordFrameIntervals = True
15.1870 	WARNING 	t of last frame was 23.61ms (=1/42)
15.2161 	WARNING 	t of last frame was 24.67ms (=1/40)
15.2725 	WARNING 	t of last frame was 36.10ms (=1/27)
15.3014 	WARNING 	t of last frame was 23.66ms (=1/42)
15.3262 	WARNING 	Multiple dropped frames have occurred - I'll stop bothering you about them!
17.7797 	EXP 	Screen (0) actual frame rate measured at 36.46Hz
17.7797 	EXP 	window1: recordFrameIntervals = False
17.8879 	INFO 	keyboard.Keyboard is using ptb backend.
17.8880 	EXP 	Graz: status = STARTED
18.0664 	EXP 	Created attention_cross = ImageStim(__class__=<class 'psychopy.visual.image.ImageStim'>, anchor=('center', 'center'), autoLog=True, color=array([1., 1., 1.]), colorSpace='rgb', contrast=1.0, depth=0.0, draggable=False, flipHoriz=False, flipVert=False, image='stims/cross.png', interpolate=True, mask=None, maskParams=None, name='attention_cross', opacity=1, ori=0.0, pos=array([-0.3,  0. ]), size=array([1.33333333, 0.75      ]), texRes=128.0, units='height', win=Window(...))
18.0769 	EXP 	Created motor_cue = ImageStim(__class__=<class 'psychopy.visual.image.ImageStim'>, anchor=('center', 'center'), autoLog=True, color=array([1., 1., 1.]), colorSpace='rgb', contrast=1.0, depth=0.0, draggable=False, flipHoriz=False, flipVert=False, image='default.png', interpolate=True, mask=None, maskParams=None, name='motor_cue', opacity=1, ori=0.0, pos=array([0., 0.]), size=array([0.5, 0.5]), texRes=128.0, units='height', win=Window(...))
18.2109 	EXP 	Created attempt = ImageStim(__class__=<class 'psychopy.visual.image.ImageStim'>, anchor=('center', 'center'), autoLog=True, color=array([1., 1., 1.]), colorSpace='rgb', contrast=1.0, depth=0.0, draggable=False, flipHoriz=False, flipVert=False, image='stims/cross.png', interpolate=True, mask=None, maskParams=None, name='attempt', opacity=1, ori=0.0, pos=array([0., 0.]), size=array([0.5, 0.5]), texRes=128.0, units='height', win=Window(...))
0.0544 	EXP 	Imported stims_sequence.csv as conditions, 10 conditions, 2 params
0.0548 	EXP 	New trial (rep=0, index=0): <Trial 0 (0 in rep 0) data={'img': 'C:\\Users\\User\\Documents\\GitHub\\real_time_bci\\stims\\right_arrow.png', 'event_label': 'RIGHT_MI_STIM', 'thisN': 0, 'thisTrialN': 0, 'thisRepN': 0}>
5.0713 	EXP 	attention_cross: autoDraw = True
7.2318 	EXP 	attention_cross: autoDraw = False
7.2318 	EXP 	motor_cue: image = 'C:\\Users\\User\\Documents\\GitHub\\real_time_bci\\stims\\right_arrow.png'
7.2318 	EXP 	motor_cue: autoDraw = True
8.3906 	EXP 	motor_cue: autoDraw = False
8.3906 	EXP 	attempt: autoDraw = True
12.0693 	EXP 	New trial (rep=0, index=1): <Trial 1 (1 in rep 0) data={'img': 'C:\\Users\\User\\Documents\\GitHub\\real_time_bci\\stims\\right_arrow.png', 'event_label': 'RIGHT_MI_STIM', 'thisN': 1, 'thisTrialN': 1, 'thisRepN': 0}>
12.0719 	EXP 	attempt: autoDraw = False
12.0719 	EXP 	attention_cross: autoDraw = True
14.1597 	EXP 	attention_cross: autoDraw = False
14.1597 	EXP 	motor_cue: image = 'C:\\Users\\User\\Documents\\GitHub\\real_time_bci\\stims\\right_arrow.png'
14.1597 	EXP 	motor_cue: autoDraw = True
15.3469 	EXP 	motor_cue: autoDraw = False
15.3469 	EXP 	attempt: autoDraw = True
19.0707 	EXP 	New trial (rep=0, index=2): <Trial 2 (2 in rep 0) data={'img': 'C:\\Users\\User\\Documents\\GitHub\\real_time_bci\\stims\\right_arrow.png', 'event_label': 'RIGHT_MI_STIM', 'thisN': 2, 'thisTrialN': 2, 'thisRepN': 0}>
19.0963 	EXP 	attempt: autoDraw = False
19.0963 	EXP 	attention_cross: autoDraw = True
21.1307 	EXP 	attention_cross: autoDraw = False
21.1307 	EXP 	motor_cue: image = 'C:\\Users\\User\\Documents\\GitHub\\real_time_bci\\stims\\right_arrow.png'
21.1307 	EXP 	motor_cue: autoDraw = True
22.3719 	EXP 	motor_cue: autoDraw = False
22.3719 	EXP 	attempt: autoDraw = True
26.0810 	EXP 	New trial (rep=0, index=3): <Trial 3 (3 in rep 0) data={'img': 'C:\\Users\\User\\Documents\\GitHub\\real_time_bci\\stims\\right_arrow.png', 'event_label': 'RIGHT_MI_STIM', 'thisN': 3, 'thisTrialN': 3, 'thisRepN': 0}>
26.0985 	EXP 	attempt: autoDraw = False
26.0985 	EXP 	attention_cross: autoDraw = True
28.1785 	EXP 	attention_cross: autoDraw = False
28.1785 	EXP 	motor_cue: image = 'C:\\Users\\User\\Documents\\GitHub\\real_time_bci\\stims\\right_arrow.png'
28.1785 	EXP 	motor_cue: autoDraw = True
29.3794 	EXP 	motor_cue: autoDraw = False
29.3794 	EXP 	attempt: autoDraw = True
33.1128 	EXP 	New trial (rep=0, index=4): <Trial 4 (4 in rep 0) data={'img': 'C:\\Users\\User\\Documents\\GitHub\\real_time_bci\\stims\\left_arrow.png', 'event_label': 'LEFT_MI_STIM', 'thisN': 4, 'thisTrialN': 4, 'thisRepN': 0}>
33.1368 	EXP 	attempt: autoDraw = False
33.1368 	EXP 	attention_cross: autoDraw = True
35.1738 	EXP 	attention_cross: autoDraw = False
35.1738 	EXP 	motor_cue: image = 'C:\\Users\\User\\Documents\\GitHub\\real_time_bci\\stims\\left_arrow.png'
35.1738 	EXP 	motor_cue: autoDraw = True
36.4022 	EXP 	motor_cue: autoDraw = False
36.4022 	EXP 	attempt: autoDraw = True
40.1243 	EXP 	New trial (rep=0, index=5): <Trial 5 (5 in rep 0) data={'img': 'C:\\Users\\User\\Documents\\GitHub\\real_time_bci\\stims\\left_arrow.png', 'event_label': 'LEFT_MI_STIM', 'thisN': 5, 'thisTrialN': 5, 'thisRepN': 0}>
40.1507 	EXP 	attempt: autoDraw = False
40.1507 	EXP 	attention_cross: autoDraw = True
42.2129 	EXP 	attention_cross: autoDraw = False
42.2129 	EXP 	motor_cue: image = 'C:\\Users\\User\\Documents\\GitHub\\real_time_bci\\stims\\left_arrow.png'
42.2129 	EXP 	motor_cue: autoDraw = True
43.4142 	EXP 	motor_cue: autoDraw = False
43.4142 	EXP 	attempt: autoDraw = True
45.3722 	DATA 	Mouse: Left button down, pos=(716,605)
45.4578 	DATA 	Mouse:  Left button up, pos=(716,605)
45.7207 	EXP 	Device response: <KeyPress from None: t=45.699947899993276, value=escape, duration=None>
45.7215 	DATA 	Keypress: escape
45.8285 	EXP 	Device response: <KeyPress from None: t=45.699947899993276, value=escape, duration=0.12005610000051092>
45.8285 	EXP 	Graz: status = STOPPED
45.8312 	EXP 	attempt: autoDraw = False
45.8313 	EXP 	Graz: status = STOPPED
45.8635 	INFO 	saved data to 'C:\\Users\\User\\Documents\\GitHub\\real_time_bci\\data\\876682_Graz_2025-09-01_13h22.09.344.csv'
45.8642 	INFO 	saved data to C:\Users\User\Documents\GitHub\real_time_bci\data\876682_Graz_2025-09-01_13h22.09.344.psydat
46.0210 	WARNING 	Stopping key buffers but this could be dangerous ifother keyboards rely on the same.
