10.7983 	INFO 	Loaded monitor calibration from ['2025_08_24 15:35']
11.2269 	INFO 	Using renderer 'GeForce GT 730/PCIe/SSE2' for graphics
11.2269 	INFO 	OpenGL version supported by driver is 4..
11.2390 	EXP 	Created window1 = Window(allowGUI=True, allowStencil=False, autoLog=True, backendConf=UNKNOWN, backgroundFit=<method-wrapper '__getattribute__' of attributeSetter object at 0x0000022F71A48B80>, backgroundImage=<method-wrapper '__getattribute__' of attributeSetter object at 0x0000022F71A48FD0>, bitsMode=UNKNOWN, blendMode='avg', bpc=(8, 8, 8), color=array([1.    , 0.9843, 0.7412]), colorSpace='rgb', depthBits=8, fullscr=False, gamma=None, gammaErrorPolicy='raise', infoMsg=UNKNOWN, lms=UNKNOWN, monitor=<psychopy.monitors.calibTools.Monitor object at 0x0000022F71738610>, multiSample=False, name='window1', numSamples=2, pos=[130.0, 540.0], screen=0, size=array([640, 360]), stencilBits=0, stereo=False, title='PsychoPy', units='height', useFBO=True, useRetina=False, viewOri=0.0, viewPos=None, viewScale=None, waitBlanking=True, winType='pyglet')
11.2391 	EXP 	window1: backgroundImage = ''
11.2391 	EXP 	window1: backgroundFit = 'none'
11.6385 	EXP 	window1: Attempting to measure frame rate of screen (0) ...
11.6386 	EXP 	window1: recordFrameIntervals = False
11.8882 	EXP 	window1: recordFrameIntervals = True
12.1368 	EXP 	Screen (0) actual frame rate measured at 60.94Hz
12.1368 	EXP 	window1: recordFrameIntervals = False
12.2008 	INFO 	keyboard.Keyboard is using ptb backend.
12.2008 	EXP 	Graz: status = STARTED
12.2851 	EXP 	Created attention_cross = ImageStim(__class__=<class 'psychopy.visual.image.ImageStim'>, anchor=('center', 'center'), autoLog=True, color=array([1., 1., 1.]), colorSpace='rgb', contrast=1.0, depth=0.0, draggable=False, flipHoriz=False, flipVert=False, image='stims/cross.png', interpolate=True, mask=None, maskParams=None, name='attention_cross', opacity=1, ori=0.0, pos=array([0., 0.]), size=array([0.5, 0.5]), texRes=128.0, units='height', win=Window(...))
12.2904 	EXP 	Created motor_cue = ImageStim(__class__=<class 'psychopy.visual.image.ImageStim'>, anchor=('center', 'center'), autoLog=True, color=array([1., 1., 1.]), colorSpace='rgb', contrast=1.0, depth=0.0, draggable=False, flipHoriz=False, flipVert=False, image='default.png', interpolate=True, mask=None, maskParams=None, name='motor_cue', opacity=1, ori=0.0, pos=array([0., 0.]), size=array([0.5, 0.5]), texRes=128.0, units='height', win=Window(...))
12.3443 	EXP 	Created attempt = ImageStim(__class__=<class 'psychopy.visual.image.ImageStim'>, anchor=('center', 'center'), autoLog=True, color=array([1., 1., 1.]), colorSpace='rgb', contrast=1.0, depth=0.0, draggable=False, flipHoriz=False, flipVert=False, image='stims/cross.png', interpolate=True, mask=None, maskParams=None, name='attempt', opacity=1, ori=0.0, pos=array([0., 0.]), size=array([0.5, 0.5]), texRes=128.0, units='height', win=Window(...))
12.3982 	EXP 	Created image_2 = ImageStim(__class__=<class 'psychopy.visual.image.ImageStim'>, anchor=('center', 'center'), autoLog=True, color=array([1., 1., 1.]), colorSpace='rgb', contrast=1.0, depth=-1.0, draggable=False, flipHoriz=False, flipVert=False, image='stims/rest.png', interpolate=True, mask=None, maskParams=None, name='image_2', opacity=1, ori=0.0, pos=array([0., 0.]), size=array([0.5, 0.5]), texRes=128.0, units='height', win=Window(...))
0.0821 	EXP 	Imported stims_sequence.csv as conditions, 10 conditions, 2 params
0.0825 	EXP 	New trial (rep=0, index=0): <Trial 0 (0 in rep 0) data={'img': 'C:\\Users\\User\\Documents\\GitHub\\real_time_bci\\stims\\right_arrow.png', 'event_label': 'RIGHT_MI_STIM', 'thisN': 0, 'thisTrialN': 0, 'thisRepN': 0}>
3.0777 	EXP 	attention_cross: autoDraw = True
5.1321 	EXP 	attention_cross: autoDraw = False
5.1321 	EXP 	attention_cross: autoDraw = False
5.1321 	EXP 	motor_cue: image = 'C:\\Users\\User\\Documents\\GitHub\\real_time_bci\\stims\\right_arrow.png'
5.1321 	EXP 	motor_cue: autoDraw = True
6.3502 	EXP 	motor_cue: autoDraw = False
6.3502 	EXP 	attempt: autoDraw = True
10.1072 	EXP 	attempt: autoDraw = False
10.1072 	EXP 	image_2: autoDraw = True
12.0947 	EXP 	New trial (rep=0, index=1): <Trial 1 (1 in rep 0) data={'img': 'C:\\Users\\User\\Documents\\GitHub\\real_time_bci\\stims\\right_arrow.png', 'event_label': 'RIGHT_MI_STIM', 'thisN': 1, 'thisTrialN': 1, 'thisRepN': 0}>
12.1112 	EXP 	image_2: autoDraw = False
12.1112 	EXP 	attention_cross: autoDraw = True
14.1315 	EXP 	attention_cross: autoDraw = False
14.1315 	EXP 	motor_cue: image = 'C:\\Users\\User\\Documents\\GitHub\\real_time_bci\\stims\\right_arrow.png'
14.1315 	EXP 	motor_cue: autoDraw = True
15.3507 	EXP 	motor_cue: autoDraw = False
15.3507 	EXP 	attempt: autoDraw = True
19.1069 	EXP 	attempt: autoDraw = False
19.1069 	EXP 	image_2: autoDraw = True
21.0947 	EXP 	New trial (rep=0, index=2): <Trial 2 (2 in rep 0) data={'img': 'C:\\Users\\User\\Documents\\GitHub\\real_time_bci\\stims\\right_arrow.png', 'event_label': 'RIGHT_MI_STIM', 'thisN': 2, 'thisTrialN': 2, 'thisRepN': 0}>
21.1107 	EXP 	image_2: autoDraw = False
21.1107 	EXP 	attention_cross: autoDraw = True
23.1315 	EXP 	attention_cross: autoDraw = False
23.1315 	EXP 	motor_cue: image = 'C:\\Users\\User\\Documents\\GitHub\\real_time_bci\\stims\\right_arrow.png'
23.1315 	EXP 	motor_cue: autoDraw = True
24.3501 	EXP 	motor_cue: autoDraw = False
24.3501 	EXP 	attempt: autoDraw = True
28.1064 	EXP 	attempt: autoDraw = False
28.1064 	EXP 	image_2: autoDraw = True
30.0944 	EXP 	New trial (rep=0, index=3): <Trial 3 (3 in rep 0) data={'img': 'C:\\Users\\User\\Documents\\GitHub\\real_time_bci\\stims\\left_arrow.png', 'event_label': 'LEFT_MI_STIM', 'thisN': 3, 'thisTrialN': 3, 'thisRepN': 0}>
30.1108 	EXP 	image_2: autoDraw = False
30.1108 	EXP 	attention_cross: autoDraw = True
32.1321 	EXP 	attention_cross: autoDraw = False
32.1321 	EXP 	motor_cue: image = 'C:\\Users\\User\\Documents\\GitHub\\real_time_bci\\stims\\left_arrow.png'
32.1321 	EXP 	motor_cue: autoDraw = True
33.3496 	EXP 	motor_cue: autoDraw = False
33.3496 	EXP 	attempt: autoDraw = True
37.1067 	EXP 	attempt: autoDraw = False
37.1067 	EXP 	image_2: autoDraw = True
39.0798 	EXP 	New trial (rep=0, index=4): <Trial 4 (4 in rep 0) data={'img': 'C:\\Users\\User\\Documents\\GitHub\\real_time_bci\\stims\\right_arrow.png', 'event_label': 'RIGHT_MI_STIM', 'thisN': 4, 'thisTrialN': 4, 'thisRepN': 0}>
39.0961 	EXP 	image_2: autoDraw = False
39.0961 	EXP 	attention_cross: autoDraw = True
41.1311 	EXP 	attention_cross: autoDraw = False
41.1311 	EXP 	motor_cue: image = 'C:\\Users\\User\\Documents\\GitHub\\real_time_bci\\stims\\right_arrow.png'
41.1311 	EXP 	motor_cue: autoDraw = True
42.3492 	EXP 	motor_cue: autoDraw = False
42.3492 	EXP 	attempt: autoDraw = True
46.1093 	EXP 	attempt: autoDraw = False
46.1093 	EXP 	image_2: autoDraw = True
48.0931 	EXP 	New trial (rep=0, index=5): <Trial 5 (5 in rep 0) data={'img': 'C:\\Users\\User\\Documents\\GitHub\\real_time_bci\\stims\\right_arrow.png', 'event_label': 'RIGHT_MI_STIM', 'thisN': 5, 'thisTrialN': 5, 'thisRepN': 0}>
48.1125 	EXP 	image_2: autoDraw = False
48.1125 	EXP 	attention_cross: autoDraw = True
50.1474 	EXP 	attention_cross: autoDraw = False
50.1474 	EXP 	motor_cue: image = 'C:\\Users\\User\\Documents\\GitHub\\real_time_bci\\stims\\right_arrow.png'
50.1474 	EXP 	motor_cue: autoDraw = True
51.3522 	EXP 	motor_cue: autoDraw = False
51.3522 	EXP 	attempt: autoDraw = True
55.1062 	EXP 	attempt: autoDraw = False
55.1062 	EXP 	image_2: autoDraw = True
57.0929 	EXP 	New trial (rep=0, index=6): <Trial 6 (6 in rep 0) data={'img': 'C:\\Users\\User\\Documents\\GitHub\\real_time_bci\\stims\\left_arrow.png', 'event_label': 'LEFT_MI_STIM', 'thisN': 6, 'thisTrialN': 6, 'thisRepN': 0}>
57.1095 	EXP 	image_2: autoDraw = False
57.1095 	EXP 	attention_cross: autoDraw = True
59.1307 	EXP 	attention_cross: autoDraw = False
59.1307 	EXP 	motor_cue: image = 'C:\\Users\\User\\Documents\\GitHub\\real_time_bci\\stims\\left_arrow.png'
59.1307 	EXP 	motor_cue: autoDraw = True
60.3493 	EXP 	motor_cue: autoDraw = False
60.3493 	EXP 	attempt: autoDraw = True
64.1056 	EXP 	attempt: autoDraw = False
64.1056 	EXP 	image_2: autoDraw = True
66.0937 	EXP 	New trial (rep=0, index=7): <Trial 7 (7 in rep 0) data={'img': 'C:\\Users\\User\\Documents\\GitHub\\real_time_bci\\stims\\left_arrow.png', 'event_label': 'LEFT_MI_STIM', 'thisN': 7, 'thisTrialN': 7, 'thisRepN': 0}>
66.1105 	EXP 	image_2: autoDraw = False
66.1105 	EXP 	attention_cross: autoDraw = True
68.1304 	EXP 	attention_cross: autoDraw = False
68.1304 	EXP 	motor_cue: image = 'C:\\Users\\User\\Documents\\GitHub\\real_time_bci\\stims\\left_arrow.png'
68.1304 	EXP 	motor_cue: autoDraw = True
69.3517 	EXP 	motor_cue: autoDraw = False
69.3517 	EXP 	attempt: autoDraw = True
73.1062 	EXP 	attempt: autoDraw = False
73.1062 	EXP 	image_2: autoDraw = True
75.0935 	EXP 	New trial (rep=0, index=8): <Trial 8 (8 in rep 0) data={'img': 'C:\\Users\\User\\Documents\\GitHub\\real_time_bci\\stims\\left_arrow.png', 'event_label': 'LEFT_MI_STIM', 'thisN': 8, 'thisTrialN': 8, 'thisRepN': 0}>
75.1090 	EXP 	image_2: autoDraw = False
75.1090 	EXP 	attention_cross: autoDraw = True
77.1299 	EXP 	attention_cross: autoDraw = False
77.1299 	EXP 	motor_cue: image = 'C:\\Users\\User\\Documents\\GitHub\\real_time_bci\\stims\\left_arrow.png'
77.1299 	EXP 	motor_cue: autoDraw = True
78.3490 	EXP 	motor_cue: autoDraw = False
78.3490 	EXP 	attempt: autoDraw = True
82.1082 	EXP 	attempt: autoDraw = False
82.1082 	EXP 	image_2: autoDraw = True
84.0934 	EXP 	New trial (rep=0, index=9): <Trial 9 (9 in rep 0) data={'img': 'C:\\Users\\User\\Documents\\GitHub\\real_time_bci\\stims\\left_arrow.png', 'event_label': 'LEFT_MI_STIM', 'thisN': 9, 'thisTrialN': 9, 'thisRepN': 0}>
84.1117 	EXP 	image_2: autoDraw = False
84.1117 	EXP 	attention_cross: autoDraw = True
86.1301 	EXP 	attention_cross: autoDraw = False
86.1301 	EXP 	motor_cue: image = 'C:\\Users\\User\\Documents\\GitHub\\real_time_bci\\stims\\left_arrow.png'
86.1301 	EXP 	motor_cue: autoDraw = True
87.3504 	EXP 	motor_cue: autoDraw = False
87.3504 	EXP 	attempt: autoDraw = True
91.1078 	EXP 	attempt: autoDraw = False
91.1078 	EXP 	image_2: autoDraw = True
93.0953 	EXP 	New trial (rep=1, index=0): <Trial 10 (0 in rep 1) data={'img': 'C:\\Users\\User\\Documents\\GitHub\\real_time_bci\\stims\\right_arrow.png', 'event_label': 'RIGHT_MI_STIM', 'thisN': 10, 'thisTrialN': 0, 'thisRepN': 1}>
93.1115 	EXP 	image_2: autoDraw = False
93.1115 	EXP 	attention_cross: autoDraw = True
95.1464 	EXP 	attention_cross: autoDraw = False
95.1464 	EXP 	motor_cue: image = 'C:\\Users\\User\\Documents\\GitHub\\real_time_bci\\stims\\right_arrow.png'
95.1464 	EXP 	motor_cue: autoDraw = True
96.3483 	EXP 	motor_cue: autoDraw = False
96.3483 	EXP 	attempt: autoDraw = True
100.1053 	EXP 	attempt: autoDraw = False
100.1053 	EXP 	image_2: autoDraw = True
102.0944 	EXP 	New trial (rep=1, index=1): <Trial 11 (1 in rep 1) data={'img': 'C:\\Users\\User\\Documents\\GitHub\\real_time_bci\\stims\\right_arrow.png', 'event_label': 'RIGHT_MI_STIM', 'thisN': 11, 'thisTrialN': 1, 'thisRepN': 1}>
102.1090 	EXP 	image_2: autoDraw = False
102.1090 	EXP 	attention_cross: autoDraw = True
104.1302 	EXP 	attention_cross: autoDraw = False
104.1302 	EXP 	motor_cue: image = 'C:\\Users\\User\\Documents\\GitHub\\real_time_bci\\stims\\right_arrow.png'
104.1302 	EXP 	motor_cue: autoDraw = True
105.3476 	EXP 	motor_cue: autoDraw = False
105.3476 	EXP 	attempt: autoDraw = True
109.1048 	EXP 	attempt: autoDraw = False
109.1048 	EXP 	image_2: autoDraw = True
111.0955 	EXP 	New trial (rep=1, index=2): <Trial 12 (2 in rep 1) data={'img': 'C:\\Users\\User\\Documents\\GitHub\\real_time_bci\\stims\\left_arrow.png', 'event_label': 'LEFT_MI_STIM', 'thisN': 12, 'thisTrialN': 2, 'thisRepN': 1}>
111.1111 	EXP 	image_2: autoDraw = False
111.1111 	EXP 	attention_cross: autoDraw = True
113.1458 	EXP 	attention_cross: autoDraw = False
113.1458 	EXP 	motor_cue: image = 'C:\\Users\\User\\Documents\\GitHub\\real_time_bci\\stims\\left_arrow.png'
113.1458 	EXP 	motor_cue: autoDraw = True
114.3504 	EXP 	motor_cue: autoDraw = False
114.3504 	EXP 	attempt: autoDraw = True
118.1042 	EXP 	attempt: autoDraw = False
118.1042 	EXP 	image_2: autoDraw = True
120.0946 	EXP 	New trial (rep=1, index=3): <Trial 13 (3 in rep 1) data={'img': 'C:\\Users\\User\\Documents\\GitHub\\real_time_bci\\stims\\left_arrow.png', 'event_label': 'LEFT_MI_STIM', 'thisN': 13, 'thisTrialN': 3, 'thisRepN': 1}>
120.1107 	EXP 	image_2: autoDraw = False
120.1107 	EXP 	attention_cross: autoDraw = True
122.1459 	EXP 	attention_cross: autoDraw = False
122.1459 	EXP 	motor_cue: image = 'C:\\Users\\User\\Documents\\GitHub\\real_time_bci\\stims\\left_arrow.png'
122.1459 	EXP 	motor_cue: autoDraw = True
123.3503 	EXP 	motor_cue: autoDraw = False
123.3503 	EXP 	attempt: autoDraw = True
127.1039 	EXP 	attempt: autoDraw = False
127.1039 	EXP 	image_2: autoDraw = True
129.0793 	EXP 	New trial (rep=1, index=4): <Trial 14 (4 in rep 1) data={'img': 'C:\\Users\\User\\Documents\\GitHub\\real_time_bci\\stims\\right_arrow.png', 'event_label': 'RIGHT_MI_STIM', 'thisN': 14, 'thisTrialN': 4, 'thisRepN': 1}>
129.0906 	EXP 	image_2: autoDraw = False
129.0906 	EXP 	attention_cross: autoDraw = True
131.1455 	EXP 	attention_cross: autoDraw = False
131.1455 	EXP 	motor_cue: image = 'C:\\Users\\User\\Documents\\GitHub\\real_time_bci\\stims\\right_arrow.png'
131.1455 	EXP 	motor_cue: autoDraw = True
132.3496 	EXP 	motor_cue: autoDraw = False
132.3496 	EXP 	attempt: autoDraw = True
136.1063 	EXP 	attempt: autoDraw = False
136.1063 	EXP 	image_2: autoDraw = True
138.0817 	EXP 	New trial (rep=1, index=5): <Trial 15 (5 in rep 1) data={'img': 'C:\\Users\\User\\Documents\\GitHub\\real_time_bci\\stims\\right_arrow.png', 'event_label': 'RIGHT_MI_STIM', 'thisN': 15, 'thisTrialN': 5, 'thisRepN': 1}>
138.0941 	EXP 	image_2: autoDraw = False
138.0941 	EXP 	attention_cross: autoDraw = True
140.1452 	EXP 	attention_cross: autoDraw = False
140.1452 	EXP 	motor_cue: image = 'C:\\Users\\User\\Documents\\GitHub\\real_time_bci\\stims\\right_arrow.png'
140.1452 	EXP 	motor_cue: autoDraw = True
141.3489 	EXP 	motor_cue: autoDraw = False
141.3489 	EXP 	attempt: autoDraw = True
145.1066 	EXP 	attempt: autoDraw = False
145.1066 	EXP 	image_2: autoDraw = True
147.0907 	EXP 	New trial (rep=1, index=6): <Trial 16 (6 in rep 1) data={'img': 'C:\\Users\\User\\Documents\\GitHub\\real_time_bci\\stims\\left_arrow.png', 'event_label': 'LEFT_MI_STIM', 'thisN': 16, 'thisTrialN': 6, 'thisRepN': 1}>
147.1097 	EXP 	image_2: autoDraw = False
147.1097 	EXP 	attention_cross: autoDraw = True
149.1283 	EXP 	attention_cross: autoDraw = False
149.1283 	EXP 	motor_cue: image = 'C:\\Users\\User\\Documents\\GitHub\\real_time_bci\\stims\\left_arrow.png'
149.1283 	EXP 	motor_cue: autoDraw = True
150.3495 	EXP 	motor_cue: autoDraw = False
150.3495 	EXP 	attempt: autoDraw = True
154.1063 	EXP 	attempt: autoDraw = False
154.1063 	EXP 	image_2: autoDraw = True
156.0941 	EXP 	New trial (rep=1, index=7): <Trial 17 (7 in rep 1) data={'img': 'C:\\Users\\User\\Documents\\GitHub\\real_time_bci\\stims\\left_arrow.png', 'event_label': 'LEFT_MI_STIM', 'thisN': 17, 'thisTrialN': 7, 'thisRepN': 1}>
156.1141 	EXP 	image_2: autoDraw = False
156.1141 	EXP 	attention_cross: autoDraw = True
158.1447 	EXP 	attention_cross: autoDraw = False
158.1447 	EXP 	motor_cue: image = 'C:\\Users\\User\\Documents\\GitHub\\real_time_bci\\stims\\left_arrow.png'
158.1447 	EXP 	motor_cue: autoDraw = True
159.3489 	EXP 	motor_cue: autoDraw = False
159.3489 	EXP 	attempt: autoDraw = True
163.1033 	EXP 	attempt: autoDraw = False
163.1033 	EXP 	image_2: autoDraw = True
165.0932 	EXP 	New trial (rep=1, index=8): <Trial 18 (8 in rep 1) data={'img': 'C:\\Users\\User\\Documents\\GitHub\\real_time_bci\\stims\\right_arrow.png', 'event_label': 'RIGHT_MI_STIM', 'thisN': 18, 'thisTrialN': 8, 'thisRepN': 1}>
165.1097 	EXP 	image_2: autoDraw = False
165.1097 	EXP 	attention_cross: autoDraw = True
167.1443 	EXP 	attention_cross: autoDraw = False
167.1443 	EXP 	motor_cue: image = 'C:\\Users\\User\\Documents\\GitHub\\real_time_bci\\stims\\right_arrow.png'
167.1443 	EXP 	motor_cue: autoDraw = True
168.3487 	EXP 	motor_cue: autoDraw = False
168.3487 	EXP 	attempt: autoDraw = True
172.1057 	EXP 	attempt: autoDraw = False
172.1057 	EXP 	image_2: autoDraw = True
174.0900 	EXP 	New trial (rep=1, index=9): <Trial 19 (9 in rep 1) data={'img': 'C:\\Users\\User\\Documents\\GitHub\\real_time_bci\\stims\\left_arrow.png', 'event_label': 'LEFT_MI_STIM', 'thisN': 19, 'thisTrialN': 9, 'thisRepN': 1}>
174.1068 	EXP 	image_2: autoDraw = False
174.1068 	EXP 	attention_cross: autoDraw = True
176.1442 	EXP 	attention_cross: autoDraw = False
176.1442 	EXP 	motor_cue: image = 'C:\\Users\\User\\Documents\\GitHub\\real_time_bci\\stims\\left_arrow.png'
176.1442 	EXP 	motor_cue: autoDraw = True
177.3455 	EXP 	motor_cue: autoDraw = False
177.3455 	EXP 	attempt: autoDraw = True
181.1055 	EXP 	attempt: autoDraw = False
181.1055 	EXP 	image_2: autoDraw = True
183.0926 	EXP 	New trial (rep=2, index=0): <Trial 20 (0 in rep 2) data={'img': 'C:\\Users\\User\\Documents\\GitHub\\real_time_bci\\stims\\right_arrow.png', 'event_label': 'RIGHT_MI_STIM', 'thisN': 20, 'thisTrialN': 0, 'thisRepN': 2}>
183.1088 	EXP 	image_2: autoDraw = False
183.1088 	EXP 	attention_cross: autoDraw = True
185.1441 	EXP 	attention_cross: autoDraw = False
185.1441 	EXP 	motor_cue: image = 'C:\\Users\\User\\Documents\\GitHub\\real_time_bci\\stims\\right_arrow.png'
185.1441 	EXP 	motor_cue: autoDraw = True
186.3491 	EXP 	motor_cue: autoDraw = False
186.3491 	EXP 	attempt: autoDraw = True
190.1054 	EXP 	attempt: autoDraw = False
190.1054 	EXP 	image_2: autoDraw = True
192.0925 	EXP 	New trial (rep=2, index=1): <Trial 21 (1 in rep 2) data={'img': 'C:\\Users\\User\\Documents\\GitHub\\real_time_bci\\stims\\left_arrow.png', 'event_label': 'LEFT_MI_STIM', 'thisN': 21, 'thisTrialN': 1, 'thisRepN': 2}>
192.1084 	EXP 	image_2: autoDraw = False
192.1084 	EXP 	attention_cross: autoDraw = True
194.1439 	EXP 	attention_cross: autoDraw = False
194.1439 	EXP 	motor_cue: image = 'C:\\Users\\User\\Documents\\GitHub\\real_time_bci\\stims\\left_arrow.png'
194.1439 	EXP 	motor_cue: autoDraw = True
195.3461 	EXP 	motor_cue: autoDraw = False
195.3461 	EXP 	attempt: autoDraw = True
199.1049 	EXP 	attempt: autoDraw = False
199.1049 	EXP 	image_2: autoDraw = True
201.0894 	EXP 	New trial (rep=2, index=2): <Trial 22 (2 in rep 2) data={'img': 'C:\\Users\\User\\Documents\\GitHub\\real_time_bci\\stims\\left_arrow.png', 'event_label': 'LEFT_MI_STIM', 'thisN': 22, 'thisTrialN': 2, 'thisRepN': 2}>
201.1060 	EXP 	image_2: autoDraw = False
201.1060 	EXP 	attention_cross: autoDraw = True
203.1604 	EXP 	attention_cross: autoDraw = False
203.1604 	EXP 	motor_cue: image = 'C:\\Users\\User\\Documents\\GitHub\\real_time_bci\\stims\\left_arrow.png'
203.1604 	EXP 	motor_cue: autoDraw = True
204.3466 	EXP 	motor_cue: autoDraw = False
204.3466 	EXP 	attempt: autoDraw = True
208.1021 	EXP 	attempt: autoDraw = False
208.1021 	EXP 	image_2: autoDraw = True
210.0889 	EXP 	New trial (rep=2, index=3): <Trial 23 (3 in rep 2) data={'img': 'C:\\Users\\User\\Documents\\GitHub\\real_time_bci\\stims\\right_arrow.png', 'event_label': 'RIGHT_MI_STIM', 'thisN': 23, 'thisTrialN': 3, 'thisRepN': 2}>
210.1058 	EXP 	image_2: autoDraw = False
210.1058 	EXP 	attention_cross: autoDraw = True
212.1434 	EXP 	attention_cross: autoDraw = False
212.1434 	EXP 	motor_cue: image = 'C:\\Users\\User\\Documents\\GitHub\\real_time_bci\\stims\\right_arrow.png'
212.1434 	EXP 	motor_cue: autoDraw = True
213.3474 	EXP 	motor_cue: autoDraw = False
213.3474 	EXP 	attempt: autoDraw = True
217.1020 	EXP 	attempt: autoDraw = False
217.1020 	EXP 	image_2: autoDraw = True
219.0964 	EXP 	New trial (rep=2, index=4): <Trial 24 (4 in rep 2) data={'img': 'C:\\Users\\User\\Documents\\GitHub\\real_time_bci\\stims\\right_arrow.png', 'event_label': 'RIGHT_MI_STIM', 'thisN': 24, 'thisTrialN': 4, 'thisRepN': 2}>
219.1083 	EXP 	image_2: autoDraw = False
219.1083 	EXP 	attention_cross: autoDraw = True
221.1430 	EXP 	attention_cross: autoDraw = False
221.1430 	EXP 	motor_cue: image = 'C:\\Users\\User\\Documents\\GitHub\\real_time_bci\\stims\\right_arrow.png'
221.1430 	EXP 	motor_cue: autoDraw = True
222.3472 	EXP 	motor_cue: autoDraw = False
222.3472 	EXP 	attempt: autoDraw = True
226.1039 	EXP 	attempt: autoDraw = False
226.1039 	EXP 	image_2: autoDraw = True
228.0889 	EXP 	New trial (rep=2, index=5): <Trial 25 (5 in rep 2) data={'img': 'C:\\Users\\User\\Documents\\GitHub\\real_time_bci\\stims\\right_arrow.png', 'event_label': 'RIGHT_MI_STIM', 'thisN': 25, 'thisTrialN': 5, 'thisRepN': 2}>
228.1074 	EXP 	image_2: autoDraw = False
228.1074 	EXP 	attention_cross: autoDraw = True
230.1429 	EXP 	attention_cross: autoDraw = False
230.1429 	EXP 	motor_cue: image = 'C:\\Users\\User\\Documents\\GitHub\\real_time_bci\\stims\\right_arrow.png'
230.1429 	EXP 	motor_cue: autoDraw = True
231.3610 	EXP 	motor_cue: autoDraw = False
231.3610 	EXP 	attempt: autoDraw = True
235.1043 	EXP 	attempt: autoDraw = False
235.1043 	EXP 	image_2: autoDraw = True
237.0881 	EXP 	New trial (rep=2, index=6): <Trial 26 (6 in rep 2) data={'img': 'C:\\Users\\User\\Documents\\GitHub\\real_time_bci\\stims\\right_arrow.png', 'event_label': 'RIGHT_MI_STIM', 'thisN': 26, 'thisTrialN': 6, 'thisRepN': 2}>
237.1046 	EXP 	image_2: autoDraw = False
237.1046 	EXP 	attention_cross: autoDraw = True
239.1594 	EXP 	attention_cross: autoDraw = False
239.1594 	EXP 	motor_cue: image = 'C:\\Users\\User\\Documents\\GitHub\\real_time_bci\\stims\\right_arrow.png'
239.1594 	EXP 	motor_cue: autoDraw = True
240.3472 	EXP 	motor_cue: autoDraw = False
240.3472 	EXP 	attempt: autoDraw = True
244.1011 	EXP 	attempt: autoDraw = False
244.1011 	EXP 	image_2: autoDraw = True
246.0913 	EXP 	New trial (rep=2, index=7): <Trial 27 (7 in rep 2) data={'img': 'C:\\Users\\User\\Documents\\GitHub\\real_time_bci\\stims\\left_arrow.png', 'event_label': 'LEFT_MI_STIM', 'thisN': 27, 'thisTrialN': 7, 'thisRepN': 2}>
246.1076 	EXP 	image_2: autoDraw = False
246.1076 	EXP 	attention_cross: autoDraw = True
248.1425 	EXP 	attention_cross: autoDraw = False
248.1425 	EXP 	motor_cue: image = 'C:\\Users\\User\\Documents\\GitHub\\real_time_bci\\stims\\left_arrow.png'
248.1425 	EXP 	motor_cue: autoDraw = True
249.3634 	EXP 	motor_cue: autoDraw = False
249.3634 	EXP 	attempt: autoDraw = True
253.1007 	EXP 	attempt: autoDraw = False
253.1007 	EXP 	image_2: autoDraw = True
255.0912 	EXP 	New trial (rep=2, index=8): <Trial 28 (8 in rep 2) data={'img': 'C:\\Users\\User\\Documents\\GitHub\\real_time_bci\\stims\\left_arrow.png', 'event_label': 'LEFT_MI_STIM', 'thisN': 28, 'thisTrialN': 8, 'thisRepN': 2}>
255.1071 	EXP 	image_2: autoDraw = False
255.1071 	EXP 	attention_cross: autoDraw = True
257.1591 	EXP 	attention_cross: autoDraw = False
257.1591 	EXP 	motor_cue: image = 'C:\\Users\\User\\Documents\\GitHub\\real_time_bci\\stims\\left_arrow.png'
257.1591 	EXP 	motor_cue: autoDraw = True
258.3466 	EXP 	motor_cue: autoDraw = False
258.3466 	EXP 	attempt: autoDraw = True
262.1015 	EXP 	attempt: autoDraw = False
262.1015 	EXP 	image_2: autoDraw = True
264.0875 	EXP 	New trial (rep=2, index=9): <Trial 29 (9 in rep 2) data={'img': 'C:\\Users\\User\\Documents\\GitHub\\real_time_bci\\stims\\left_arrow.png', 'event_label': 'LEFT_MI_STIM', 'thisN': 29, 'thisTrialN': 9, 'thisRepN': 2}>
264.1043 	EXP 	image_2: autoDraw = False
264.1043 	EXP 	attention_cross: autoDraw = True
266.1588 	EXP 	attention_cross: autoDraw = False
266.1588 	EXP 	motor_cue: image = 'C:\\Users\\User\\Documents\\GitHub\\real_time_bci\\stims\\left_arrow.png'
266.1588 	EXP 	motor_cue: autoDraw = True
267.3462 	EXP 	motor_cue: autoDraw = False
267.3462 	EXP 	attempt: autoDraw = True
271.1007 	EXP 	attempt: autoDraw = False
271.1007 	EXP 	image_2: autoDraw = True
273.0873 	EXP 	New trial (rep=3, index=0): <Trial 30 (0 in rep 3) data={'img': 'C:\\Users\\User\\Documents\\GitHub\\real_time_bci\\stims\\right_arrow.png', 'event_label': 'RIGHT_MI_STIM', 'thisN': 30, 'thisTrialN': 0, 'thisRepN': 3}>
273.1038 	EXP 	image_2: autoDraw = False
273.1038 	EXP 	attention_cross: autoDraw = True
275.1585 	EXP 	attention_cross: autoDraw = False
275.1585 	EXP 	motor_cue: image = 'C:\\Users\\User\\Documents\\GitHub\\real_time_bci\\stims\\right_arrow.png'
275.1585 	EXP 	motor_cue: autoDraw = True
276.3602 	EXP 	motor_cue: autoDraw = False
276.3602 	EXP 	attempt: autoDraw = True
280.1029 	EXP 	attempt: autoDraw = False
280.1029 	EXP 	image_2: autoDraw = True
282.0900 	EXP 	New trial (rep=3, index=1): <Trial 31 (1 in rep 3) data={'img': 'C:\\Users\\User\\Documents\\GitHub\\real_time_bci\\stims\\right_arrow.png', 'event_label': 'RIGHT_MI_STIM', 'thisN': 31, 'thisTrialN': 1, 'thisRepN': 3}>
282.1062 	EXP 	image_2: autoDraw = False
282.1062 	EXP 	attention_cross: autoDraw = True
284.1583 	EXP 	attention_cross: autoDraw = False
284.1583 	EXP 	motor_cue: image = 'C:\\Users\\User\\Documents\\GitHub\\real_time_bci\\stims\\right_arrow.png'
284.1583 	EXP 	motor_cue: autoDraw = True
285.3457 	EXP 	motor_cue: autoDraw = False
285.3457 	EXP 	attempt: autoDraw = True
289.1008 	EXP 	attempt: autoDraw = False
289.1008 	EXP 	image_2: autoDraw = True
291.0894 	EXP 	New trial (rep=3, index=2): <Trial 32 (2 in rep 3) data={'img': 'C:\\Users\\User\\Documents\\GitHub\\real_time_bci\\stims\\right_arrow.png', 'event_label': 'RIGHT_MI_STIM', 'thisN': 32, 'thisTrialN': 2, 'thisRepN': 3}>
291.1038 	EXP 	image_2: autoDraw = False
291.1038 	EXP 	attention_cross: autoDraw = True
293.1581 	EXP 	attention_cross: autoDraw = False
293.1581 	EXP 	motor_cue: image = 'C:\\Users\\User\\Documents\\GitHub\\real_time_bci\\stims\\right_arrow.png'
293.1581 	EXP 	motor_cue: autoDraw = True
294.3451 	EXP 	motor_cue: autoDraw = False
294.3451 	EXP 	attempt: autoDraw = True
298.0002 	WARNING 	Keypress was given unknown key code (193)
298.1017 	EXP 	attempt: autoDraw = False
298.1017 	EXP 	image_2: autoDraw = True
300.0872 	EXP 	New trial (rep=3, index=3): <Trial 33 (3 in rep 3) data={'img': 'C:\\Users\\User\\Documents\\GitHub\\real_time_bci\\stims\\left_arrow.png', 'event_label': 'LEFT_MI_STIM', 'thisN': 33, 'thisTrialN': 3, 'thisRepN': 3}>
300.1040 	EXP 	image_2: autoDraw = False
300.1040 	EXP 	attention_cross: autoDraw = True
302.1418 	EXP 	attention_cross: autoDraw = False
302.1418 	EXP 	motor_cue: image = 'C:\\Users\\User\\Documents\\GitHub\\real_time_bci\\stims\\left_arrow.png'
302.1418 	EXP 	motor_cue: autoDraw = True
303.3598 	EXP 	motor_cue: autoDraw = False
303.3598 	EXP 	attempt: autoDraw = True
307.0996 	EXP 	attempt: autoDraw = False
307.0996 	EXP 	image_2: autoDraw = True
309.0867 	EXP 	New trial (rep=3, index=4): <Trial 34 (4 in rep 3) data={'img': 'C:\\Users\\User\\Documents\\GitHub\\real_time_bci\\stims\\left_arrow.png', 'event_label': 'LEFT_MI_STIM', 'thisN': 34, 'thisTrialN': 4, 'thisRepN': 3}>
309.1033 	EXP 	image_2: autoDraw = False
309.1033 	EXP 	attention_cross: autoDraw = True
311.1414 	EXP 	attention_cross: autoDraw = False
311.1414 	EXP 	motor_cue: image = 'C:\\Users\\User\\Documents\\GitHub\\real_time_bci\\stims\\left_arrow.png'
311.1414 	EXP 	motor_cue: autoDraw = True
312.3614 	EXP 	motor_cue: autoDraw = False
312.3614 	EXP 	attempt: autoDraw = True
316.0997 	EXP 	attempt: autoDraw = False
316.0997 	EXP 	image_2: autoDraw = True
318.0862 	EXP 	New trial (rep=3, index=5): <Trial 35 (5 in rep 3) data={'img': 'C:\\Users\\User\\Documents\\GitHub\\real_time_bci\\stims\\left_arrow.png', 'event_label': 'LEFT_MI_STIM', 'thisN': 35, 'thisTrialN': 5, 'thisRepN': 3}>
318.1028 	EXP 	image_2: autoDraw = False
318.1028 	EXP 	attention_cross: autoDraw = True
320.1407 	EXP 	attention_cross: autoDraw = False
320.1407 	EXP 	motor_cue: image = 'C:\\Users\\User\\Documents\\GitHub\\real_time_bci\\stims\\left_arrow.png'
320.1407 	EXP 	motor_cue: autoDraw = True
321.3590 	EXP 	motor_cue: autoDraw = False
321.3590 	EXP 	attempt: autoDraw = True
325.1020 	EXP 	attempt: autoDraw = False
325.1020 	EXP 	image_2: autoDraw = True
327.0899 	EXP 	New trial (rep=3, index=6): <Trial 36 (6 in rep 3) data={'img': 'C:\\Users\\User\\Documents\\GitHub\\real_time_bci\\stims\\right_arrow.png', 'event_label': 'RIGHT_MI_STIM', 'thisN': 36, 'thisTrialN': 6, 'thisRepN': 3}>
327.1055 	EXP 	image_2: autoDraw = False
327.1055 	EXP 	attention_cross: autoDraw = True
329.1401 	EXP 	attention_cross: autoDraw = False
329.1401 	EXP 	motor_cue: image = 'C:\\Users\\User\\Documents\\GitHub\\real_time_bci\\stims\\right_arrow.png'
329.1401 	EXP 	motor_cue: autoDraw = True
330.3601 	EXP 	motor_cue: autoDraw = False
330.3601 	EXP 	attempt: autoDraw = True
334.0993 	EXP 	attempt: autoDraw = False
334.0993 	EXP 	image_2: autoDraw = True
336.0892 	EXP 	New trial (rep=3, index=7): <Trial 37 (7 in rep 3) data={'img': 'C:\\Users\\User\\Documents\\GitHub\\real_time_bci\\stims\\right_arrow.png', 'event_label': 'RIGHT_MI_STIM', 'thisN': 37, 'thisTrialN': 7, 'thisRepN': 3}>
336.1072 	EXP 	image_2: autoDraw = False
336.1072 	EXP 	attention_cross: autoDraw = True
338.1566 	EXP 	attention_cross: autoDraw = False
338.1566 	EXP 	motor_cue: image = 'C:\\Users\\User\\Documents\\GitHub\\real_time_bci\\stims\\right_arrow.png'
338.1566 	EXP 	motor_cue: autoDraw = True
339.3612 	EXP 	motor_cue: autoDraw = False
339.3612 	EXP 	attempt: autoDraw = True
343.1053 	EXP 	attempt: autoDraw = False
343.1053 	EXP 	image_2: autoDraw = True
345.0874 	EXP 	New trial (rep=3, index=8): <Trial 38 (8 in rep 3) data={'img': 'C:\\Users\\User\\Documents\\GitHub\\real_time_bci\\stims\\left_arrow.png', 'event_label': 'LEFT_MI_STIM', 'thisN': 38, 'thisTrialN': 8, 'thisRepN': 3}>
345.1051 	EXP 	image_2: autoDraw = False
345.1051 	EXP 	attention_cross: autoDraw = True
347.1566 	EXP 	attention_cross: autoDraw = False
347.1566 	EXP 	motor_cue: image = 'C:\\Users\\User\\Documents\\GitHub\\real_time_bci\\stims\\left_arrow.png'
347.1566 	EXP 	motor_cue: autoDraw = True
348.3443 	EXP 	motor_cue: autoDraw = False
348.3443 	EXP 	attempt: autoDraw = True
352.1050 	EXP 	attempt: autoDraw = False
352.1050 	EXP 	image_2: autoDraw = True
354.0888 	EXP 	New trial (rep=3, index=9): <Trial 39 (9 in rep 3) data={'img': 'C:\\Users\\User\\Documents\\GitHub\\real_time_bci\\stims\\left_arrow.png', 'event_label': 'LEFT_MI_STIM', 'thisN': 39, 'thisTrialN': 9, 'thisRepN': 3}>
354.1049 	EXP 	image_2: autoDraw = False
354.1049 	EXP 	attention_cross: autoDraw = True
356.1396 	EXP 	attention_cross: autoDraw = False
356.1396 	EXP 	motor_cue: image = 'C:\\Users\\User\\Documents\\GitHub\\real_time_bci\\stims\\left_arrow.png'
356.1396 	EXP 	motor_cue: autoDraw = True
357.3576 	EXP 	motor_cue: autoDraw = False
357.3576 	EXP 	attempt: autoDraw = True
361.1012 	EXP 	attempt: autoDraw = False
361.1012 	EXP 	image_2: autoDraw = True
363.1047 	EXP 	image_2: autoDraw = False
363.1049 	EXP 	Graz: status = STOPPED
363.1530 	INFO 	saved data to 'C:\\Users\\User\\Documents\\GitHub\\real_time_bci\\data\\901345_Graz_2025-10-16_17h24.16.501.csv'
363.1538 	INFO 	saved data to C:\Users\User\Documents\GitHub\real_time_bci\data\901345_Graz_2025-10-16_17h24.16.501.psydat
363.2790 	WARNING 	Stopping key buffers but this could be dangerous ifother keyboards rely on the same.
