5.3950 	INFO 	Loaded monitor calibration from ['2025_08_24 15:35']
5.7579 	INFO 	Using renderer 'GeForce GT 730/PCIe/SSE2' for graphics
5.7579 	INFO 	OpenGL version supported by driver is 4..
5.7719 	EXP 	Created window1 = Window(allowGUI=True, allowStencil=False, autoLog=True, backendConf=UNKNOWN, backgroundFit=<method-wrapper '__getattribute__' of attributeSetter object at 0x0000022AA97A4070>, backgroundImage=<method-wrapper '__getattribute__' of attributeSetter object at 0x0000022AA4ECDFD0>, bitsMode=UNKNOWN, blendMode='avg', bpc=(8, 8, 8), color=array([1.    , 0.9843, 0.7412]), colorSpace='rgb', depthBits=8, fullscr=False, gamma=None, gammaErrorPolicy='raise', infoMsg=UNKNOWN, lms=UNKNOWN, monitor=<psychopy.monitors.calibTools.Monitor object at 0x0000022AA4F565B0>, multiSample=False, name='window1', numSamples=2, pos=[130.0, 540.0], screen=0, size=array([640, 360]), stencilBits=0, stereo=False, title='PsychoPy', units='height', useFBO=True, useRetina=False, viewOri=0.0, viewPos=None, viewScale=None, waitBlanking=True, winType='pyglet')
5.7720 	EXP 	window1: backgroundImage = ''
5.7720 	EXP 	window1: backgroundFit = 'none'
6.1662 	EXP 	window1: Attempting to measure frame rate of screen (0) ...
6.1662 	EXP 	window1: recordFrameIntervals = False
6.3820 	EXP 	window1: recordFrameIntervals = True
6.4818 	WARNING 	t of last frame was 20.40ms (=1/49)
6.5316 	WARNING 	t of last frame was 20.45ms (=1/48)
6.7118 	EXP 	Screen (0) actual frame rate measured at 59.89Hz
6.7118 	EXP 	window1: recordFrameIntervals = False
6.7735 	INFO 	keyboard.Keyboard is using ptb backend.
6.7735 	EXP 	Graz: status = STARTED
6.8420 	EXP 	Created attention_cross = ImageStim(__class__=<class 'psychopy.visual.image.ImageStim'>, anchor=('center', 'center'), autoLog=True, color=array([1., 1., 1.]), colorSpace='rgb', contrast=1.0, depth=0.0, draggable=False, flipHoriz=False, flipVert=False, image='stims/cross.png', interpolate=True, mask=None, maskParams=None, name='attention_cross', opacity=1, ori=0.0, pos=array([0., 0.]), size=array([0.5, 0.5]), texRes=128.0, units='height', win=Window(...))
6.8476 	EXP 	Created motor_cue = ImageStim(__class__=<class 'psychopy.visual.image.ImageStim'>, anchor=('center', 'center'), autoLog=True, color=array([1., 1., 1.]), colorSpace='rgb', contrast=1.0, depth=0.0, draggable=False, flipHoriz=False, flipVert=False, image='default.png', interpolate=True, mask=None, maskParams=None, name='motor_cue', opacity=1, ori=0.0, pos=array([0., 0.]), size=array([1., 1.]), texRes=128.0, units='height', win=Window(...))
6.8945 	EXP 	Created attempt = ImageStim(__class__=<class 'psychopy.visual.image.ImageStim'>, anchor=('center', 'center'), autoLog=True, color=array([1., 1., 1.]), colorSpace='rgb', contrast=1.0, depth=0.0, draggable=False, flipHoriz=False, flipVert=False, image='stims/cross.png', interpolate=True, mask=None, maskParams=None, name='attempt', opacity=1, ori=0.0, pos=array([0., 0.]), size=array([0.5, 0.5]), texRes=128.0, units='height', win=Window(...))
6.9459 	EXP 	Created image_2 = ImageStim(__class__=<class 'psychopy.visual.image.ImageStim'>, anchor=('center', 'center'), autoLog=True, color=array([1., 1., 1.]), colorSpace='rgb', contrast=1.0, depth=-1.0, draggable=False, flipHoriz=False, flipVert=False, image='stims/rest.png', interpolate=True, mask=None, maskParams=None, name='image_2', opacity=1, ori=0.0, pos=array([0., 0.]), size=array([0.5, 0.5]), texRes=128.0, units='height', win=Window(...))
0.0830 	EXP 	Imported stims_sequence.csv as conditions, 10 conditions, 2 params
0.0832 	EXP 	New trial (rep=0, index=0): <Trial 0 (0 in rep 0) data={'img': '\\home\\seidi\\Documentos\\GitHub\\real_time_bci\\stims\\left_hand.png', 'event_label': 'LEFT_MI_STIM', 'thisN': 0, 'thisTrialN': 0, 'thisRepN': 0}>
3.0888 	EXP 	attention_cross: autoDraw = True
5.0764 	ERROR 	Couldn't find image \home\seidi\Documentos\GitHub\real_time_bci\stims\left_hand.png; check path? (tried: C:\home\seidi\Documentos\GitHub\real_time_bci\stims\left_hand.png)
5.0960 	INFO 	saved data to C:\Users\User\Documents\GitHub\real_time_bci\data\978029_Graz_2026-05-27_18h38.03.115.psydat
5.0968 	INFO 	saved data to 'C:\\Users\\User\\Documents\\GitHub\\real_time_bci\\data\\978029_Graz_2026-05-27_18h38.03.115.csv'
5.0979 	WARNING 	Stopping key buffers but this could be dangerous ifother keyboards rely on the same.
